<?xml version="1.0" encoding="utf-8"?><testsuites name="pytest tests"><testsuite name="pytest" errors="8" failures="1" skipped="0" tests="9" time="461.664" timestamp="2026-04-10T00:02:28.387438+02:00" hostname="STROPHE-AI"><testcase classname="tests.api.test_admin_endpoints" name="test_get_users_success" time="32.949"><error message="failed on setup with &quot;sqlalchemy.exc.OperationalError: (sqlite3.OperationalError) database is locked&#10;[SQL: INSERT INTO users (id, username, email, hashed_password, hashed_pin, legacy_external_contact_id, first_name, last_name, phone_number, address, notes, skills, availability, role, status, is_active, site_id) VALUES (?, ?, ?, ?, ?, ?, ?, ?, ?, ?, ?, ?, ?, ?, ?, ?, ?) RETURNING created_at, updated_at]&#10;[parameters: ('f54ae5356e72455793cfa7d4a0c96b7e', 'admin_test_d97195728e22', 'admin_d97195728e22@test.com', 'hashed_password', None, None, None, None, None, None, None, None, None, 'admin', 'approved', 1, None)]&#10;(Background on this error at: https://sqlalche.me/e/20/e3q8)&quot;">E   sqlite3.OperationalError: database is locked

The above exception was the direct cause of the following exception:
E   sqlalchemy.exc.OperationalError: (sqlite3.OperationalError) database is locked
    [SQL: INSERT INTO users (id, username, email, hashed_password, hashed_pin, legacy_external_contact_id, first_name, last_name, phone_number, address, notes, skills, availability, role, status, is_active, site_id) VALUES (?, ?, ?, ?, ?, ?, ?, ?, ?, ?, ?, ?, ?, ?, ?, ?, ?) RETURNING created_at, updated_at]
    [parameters: ('f54ae5356e72455793cfa7d4a0c96b7e', 'admin_test_d97195728e22', 'admin_d97195728e22@test.com', 'hashed_password', None, None, None, None, None, None, None, None, None, 'admin', 'approved', 1, None)]
    (Background on this error at: https://sqlalche.me/e/20/e3q8)</error></testcase><testcase classname="tests.api.test_admin_endpoints" name="test_get_users_with_filters" time="32.769"><error message="failed on setup with &quot;sqlalchemy.exc.OperationalError: (sqlite3.OperationalError) database is locked&#10;[SQL: INSERT INTO users (id, username, email, hashed_password, hashed_pin, legacy_external_contact_id, first_name, last_name, phone_number, address, notes, skills, availability, role, status, is_active, site_id) VALUES (?, ?, ?, ?, ?, ?, ?, ?, ?, ?, ?, ?, ?, ?, ?, ?, ?) RETURNING created_at, updated_at]&#10;[parameters: ('a693b298377a40d4b348dafbab3b65fc', 'admin_test_5c3534b61521', 'admin_5c3534b61521@test.com', 'hashed_password', None, None, None, None, None, None, None, None, None, 'admin', 'approved', 1, None)]&#10;(Background on this error at: https://sqlalche.me/e/20/e3q8)&quot;">E   sqlite3.OperationalError: database is locked

The above exception was the direct cause of the following exception:
E   sqlalchemy.exc.OperationalError: (sqlite3.OperationalError) database is locked
    [SQL: INSERT INTO users (id, username, email, hashed_password, hashed_pin, legacy_external_contact_id, first_name, last_name, phone_number, address, notes, skills, availability, role, status, is_active, site_id) VALUES (?, ?, ?, ?, ?, ?, ?, ?, ?, ?, ?, ?, ?, ?, ?, ?, ?) RETURNING created_at, updated_at]
    [parameters: ('a693b298377a40d4b348dafbab3b65fc', 'admin_test_5c3534b61521', 'admin_5c3534b61521@test.com', 'hashed_password', None, None, None, None, None, None, None, None, None, 'admin', 'approved', 1, None)]
    (Background on this error at: https://sqlalche.me/e/20/e3q8)</error></testcase><testcase classname="tests.api.test_admin_endpoints" name="test_update_user_role_user_not_found" time="32.735"><error message="failed on setup with &quot;sqlalchemy.exc.OperationalError: (sqlite3.OperationalError) database is locked&#10;[SQL: INSERT INTO users (id, username, email, hashed_password, hashed_pin, legacy_external_contact_id, first_name, last_name, phone_number, address, notes, skills, availability, role, status, is_active, site_id) VALUES (?, ?, ?, ?, ?, ?, ?, ?, ?, ?, ?, ?, ?, ?, ?, ?, ?) RETURNING created_at, updated_at]&#10;[parameters: ('7da0be0d30894f50950a60715a61c00c', 'admin_test_cb678931c5f2', 'admin_cb678931c5f2@test.com', 'hashed_password', None, None, None, None, None, None, None, None, None, 'admin', 'approved', 1, None)]&#10;(Background on this error at: https://sqlalche.me/e/20/e3q8)&quot;">E   sqlite3.OperationalError: database is locked

The above exception was the direct cause of the following exception:
E   sqlalchemy.exc.OperationalError: (sqlite3.OperationalError) database is locked
    [SQL: INSERT INTO users (id, username, email, hashed_password, hashed_pin, legacy_external_contact_id, first_name, last_name, phone_number, address, notes, skills, availability, role, status, is_active, site_id) VALUES (?, ?, ?, ?, ?, ?, ?, ?, ?, ?, ?, ?, ?, ?, ?, ?, ?) RETURNING created_at, updated_at]
    [parameters: ('7da0be0d30894f50950a60715a61c00c', 'admin_test_cb678931c5f2', 'admin_cb678931c5f2@test.com', 'hashed_password', None, None, None, None, None, None, None, None, None, 'admin', 'approved', 1, None)]
    (Background on this error at: https://sqlalche.me/e/20/e3q8)</error></testcase><testcase classname="tests.api.test_admin_endpoints" name="test_update_user_role_invalid_role" time="32.757"><error message="failed on setup with &quot;sqlalchemy.exc.OperationalError: (sqlite3.OperationalError) database is locked&#10;[SQL: INSERT INTO users (id, username, email, hashed_password, hashed_pin, legacy_external_contact_id, first_name, last_name, phone_number, address, notes, skills, availability, role, status, is_active, site_id) VALUES (?, ?, ?, ?, ?, ?, ?, ?, ?, ?, ?, ?, ?, ?, ?, ?, ?) RETURNING created_at, updated_at]&#10;[parameters: ('77430327794e4bbc8d7deac6f134ce7a', 'admin_test_771b88f71051', 'admin_771b88f71051@test.com', 'hashed_password', None, None, None, None, None, None, None, None, None, 'admin', 'approved', 1, None)]&#10;(Background on this error at: https://sqlalche.me/e/20/e3q8)&quot;">E   sqlite3.OperationalError: database is locked

The above exception was the direct cause of the following exception:
E   sqlalchemy.exc.OperationalError: (sqlite3.OperationalError) database is locked
    [SQL: INSERT INTO users (id, username, email, hashed_password, hashed_pin, legacy_external_contact_id, first_name, last_name, phone_number, address, notes, skills, availability, role, status, is_active, site_id) VALUES (?, ?, ?, ?, ?, ?, ?, ?, ?, ?, ?, ?, ?, ?, ?, ?, ?) RETURNING created_at, updated_at]
    [parameters: ('77430327794e4bbc8d7deac6f134ce7a', 'admin_test_771b88f71051', 'admin_771b88f71051@test.com', 'hashed_password', None, None, None, None, None, None, None, None, None, 'admin', 'approved', 1, None)]
    (Background on this error at: https://sqlalche.me/e/20/e3q8)</error></testcase><testcase classname="tests.api.test_admin_endpoints" name="test_update_user_role_valid_role" time="32.723"><error message="failed on setup with &quot;sqlalchemy.exc.OperationalError: (sqlite3.OperationalError) database is locked&#10;[SQL: INSERT INTO users (id, username, email, hashed_password, hashed_pin, legacy_external_contact_id, first_name, last_name, phone_number, address, notes, skills, availability, role, status, is_active, site_id) VALUES (?, ?, ?, ?, ?, ?, ?, ?, ?, ?, ?, ?, ?, ?, ?, ?, ?) RETURNING created_at, updated_at]&#10;[parameters: ('40a2da3bfc504e55b6e7b586865ab11c', 'admin_test_b9ea4d4f68cc', 'admin_b9ea4d4f68cc@test.com', 'hashed_password', None, None, None, None, None, None, None, None, None, 'admin', 'approved', 1, None)]&#10;(Background on this error at: https://sqlalche.me/e/20/e3q8)&quot;">E   sqlite3.OperationalError: database is locked

The above exception was the direct cause of the following exception:
E   sqlalchemy.exc.OperationalError: (sqlite3.OperationalError) database is locked
    [SQL: INSERT INTO users (id, username, email, hashed_password, hashed_pin, legacy_external_contact_id, first_name, last_name, phone_number, address, notes, skills, availability, role, status, is_active, site_id) VALUES (?, ?, ?, ?, ?, ?, ?, ?, ?, ?, ?, ?, ?, ?, ?, ?, ?) RETURNING created_at, updated_at]
    [parameters: ('40a2da3bfc504e55b6e7b586865ab11c', 'admin_test_b9ea4d4f68cc', 'admin_b9ea4d4f68cc@test.com', 'hashed_password', None, None, None, None, None, None, None, None, None, 'admin', 'approved', 1, None)]
    (Background on this error at: https://sqlalche.me/e/20/e3q8)</error></testcase><testcase classname="tests.api.test_admin_endpoints" name="test_admin_endpoints_structure" time="32.716"><error message="failed on setup with &quot;sqlalchemy.exc.OperationalError: (sqlite3.OperationalError) database is locked&#10;[SQL: INSERT INTO users (id, username, email, hashed_password, hashed_pin, legacy_external_contact_id, first_name, last_name, phone_number, address, notes, skills, availability, role, status, is_active, site_id) VALUES (?, ?, ?, ?, ?, ?, ?, ?, ?, ?, ?, ?, ?, ?, ?, ?, ?) RETURNING created_at, updated_at]&#10;[parameters: ('e16e18024ba74c6d8dd331b30c01ddc3', 'admin_test_533e973da2b9', 'admin_533e973da2b9@test.com', 'hashed_password', None, None, None, None, None, None, None, None, None, 'admin', 'approved', 1, None)]&#10;(Background on this error at: https://sqlalche.me/e/20/e3q8)&quot;">E   sqlite3.OperationalError: database is locked

The above exception was the direct cause of the following exception:
E   sqlalchemy.exc.OperationalError: (sqlite3.OperationalError) database is locked
    [SQL: INSERT INTO users (id, username, email, hashed_password, hashed_pin, legacy_external_contact_id, first_name, last_name, phone_number, address, notes, skills, availability, role, status, is_active, site_id) VALUES (?, ?, ?, ?, ?, ?, ?, ?, ?, ?, ?, ?, ?, ?, ?, ?, ?) RETURNING created_at, updated_at]
    [parameters: ('e16e18024ba74c6d8dd331b30c01ddc3', 'admin_test_533e973da2b9', 'admin_533e973da2b9@test.com', 'hashed_password', None, None, None, None, None, None, None, None, None, 'admin', 'approved', 1, None)]
    (Background on this error at: https://sqlalche.me/e/20/e3q8)</error></testcase><testcase classname="tests.api.test_admin_endpoints" name="test_update_user_profile_success" time="32.723"><error message="failed on setup with &quot;sqlalchemy.exc.OperationalError: (sqlite3.OperationalError) database is locked&#10;[SQL: INSERT INTO users (id, username, email, hashed_password, hashed_pin, legacy_external_contact_id, first_name, last_name, phone_number, address, notes, skills, availability, role, status, is_active, site_id) VALUES (?, ?, ?, ?, ?, ?, ?, ?, ?, ?, ?, ?, ?, ?, ?, ?, ?) RETURNING created_at, updated_at]&#10;[parameters: ('2663c4ddf3af420d98f61e1169e1a514', 'admin_test_8b0028989d56', 'admin_8b0028989d56@test.com', 'hashed_password', None, None, None, None, None, None, None, None, None, 'admin', 'approved', 1, None)]&#10;(Background on this error at: https://sqlalche.me/e/20/e3q8)&quot;">E   sqlite3.OperationalError: database is locked

The above exception was the direct cause of the following exception:
E   sqlalchemy.exc.OperationalError: (sqlite3.OperationalError) database is locked
    [SQL: INSERT INTO users (id, username, email, hashed_password, hashed_pin, legacy_external_contact_id, first_name, last_name, phone_number, address, notes, skills, availability, role, status, is_active, site_id) VALUES (?, ?, ?, ?, ?, ?, ?, ?, ?, ?, ?, ?, ?, ?, ?, ?, ?) RETURNING created_at, updated_at]
    [parameters: ('2663c4ddf3af420d98f61e1169e1a514', 'admin_test_8b0028989d56', 'admin_8b0028989d56@test.com', 'hashed_password', None, None, None, None, None, None, None, None, None, 'admin', 'approved', 1, None)]
    (Background on this error at: https://sqlalche.me/e/20/e3q8)</error></testcase><testcase classname="tests.api.test_admin_endpoints" name="test_trigger_reset_password_no_email" time="32.736"><error message="failed on setup with &quot;sqlalchemy.exc.OperationalError: (sqlite3.OperationalError) database is locked&#10;[SQL: INSERT INTO users (id, username, email, hashed_password, hashed_pin, legacy_external_contact_id, first_name, last_name, phone_number, address, notes, skills, availability, role, status, is_active, site_id) VALUES (?, ?, ?, ?, ?, ?, ?, ?, ?, ?, ?, ?, ?, ?, ?, ?, ?) RETURNING created_at, updated_at]&#10;[parameters: ('c2d1f95c9b1a4e248076a951b9e8e061', 'admin_test_7eeaf10c4ab5', 'admin_7eeaf10c4ab5@test.com', 'hashed_password', None, None, None, None, None, None, None, None, None, 'admin', 'approved', 1, None)]&#10;(Background on this error at: https://sqlalche.me/e/20/e3q8)&quot;">E   sqlite3.OperationalError: database is locked

The above exception was the direct cause of the following exception:
E   sqlalchemy.exc.OperationalError: (sqlite3.OperationalError) database is locked
    [SQL: INSERT INTO users (id, username, email, hashed_password, hashed_pin, legacy_external_contact_id, first_name, last_name, phone_number, address, notes, skills, availability, role, status, is_active, site_id) VALUES (?, ?, ?, ?, ?, ?, ?, ?, ?, ?, ?, ?, ?, ?, ?, ?, ?) RETURNING created_at, updated_at]
    [parameters: ('c2d1f95c9b1a4e248076a951b9e8e061', 'admin_test_7eeaf10c4ab5', 'admin_7eeaf10c4ab5@test.com', 'hashed_password', None, None, None, None, None, None, None, None, None, 'admin', 'approved', 1, None)]
    (Background on this error at: https://sqlalche.me/e/20/e3q8)</error></testcase><testcase classname="tests.api.test_admin_user_management" name="test_update_user_status_success" time="33.057"><failure message="sqlalchemy.exc.OperationalError: (sqlite3.OperationalError) database is locked&#10;[SQL: INSERT INTO users (id, username, email, hashed_password, hashed_pin, legacy_external_contact_id, first_name, last_name, phone_number, address, notes, skills, availability, role, status, is_active, site_id) VALUES (?, ?, ?, ?, ?, ?, ?, ?, ?, ?, ?, ?, ?, ?, ?, ?, ?) RETURNING created_at, updated_at]&#10;[parameters: ('ff6426b5b2dd4b83acbdd22e88603fc5', 'mgmt_st_ok_u_3917b6e921', None, '$2b$12$fMpe/K/Vb6UOlrMo0gw6yuJpPsXKBXlTpYW8xzfS515eHf9POcD76', None, None, 'Test', 'User', None, None, None, None, None, 'user', 'approved', 1, None)]&#10;(Background on this error at: https://sqlalche.me/e/20/e3q8)">E   sqlite3.OperationalError: database is locked

The above exception was the direct cause of the following exception:
E   sqlalchemy.exc.OperationalError: (sqlite3.OperationalError) database is locked
    [SQL: INSERT INTO users (id, username, email, hashed_password, hashed_pin, legacy_external_contact_id, first_name, last_name, phone_number, address, notes, skills, availability, role, status, is_active, site_id) VALUES (?, ?, ?, ?, ?, ?, ?, ?, ?, ?, ?, ?, ?, ?, ?, ?, ?) RETURNING created_at, updated_at]
    [parameters: ('ff6426b5b2dd4b83acbdd22e88603fc5', 'mgmt_st_ok_u_3917b6e921', None, '$2b$12$fMpe/K/Vb6UOlrMo0gw6yuJpPsXKBXlTpYW8xzfS515eHf9POcD76', None, None, 'Test', 'User', None, None, None, None, None, 'user', 'approved', 1, None)]
    (Background on this error at: https://sqlalche.me/e/20/e3q8)</failure></testcase></testsuite></testsuites>