<?xml version="1.0" encoding="utf-8"?><testsuites name="pytest tests"><testsuite name="pytest" errors="7" failures="131" skipped="67" tests="1534" time="476.208" timestamp="2026-04-09T20:34:02.256939+02:00" hostname="STROPHE-AI"><testcase classname="tests.api.test_admin_endpoints" name="test_get_users_success" time="0.342" /><testcase classname="tests.api.test_admin_endpoints" name="test_get_users_with_filters" time="0.037" /><testcase classname="tests.api.test_admin_endpoints" name="test_update_user_role_user_not_found" time="0.022" /><testcase classname="tests.api.test_admin_endpoints" name="test_update_user_role_invalid_role" time="0.016" /><testcase classname="tests.api.test_admin_endpoints" name="test_update_user_role_valid_role" time="0.023" /><testcase classname="tests.api.test_admin_endpoints" name="test_admin_endpoints_structure" time="0.038" /><testcase classname="tests.api.test_admin_endpoints" name="test_update_user_profile_success" time="0.029" /><testcase classname="tests.api.test_admin_endpoints" name="test_trigger_reset_password_no_email" time="0.021" /><testcase classname="tests.api.test_admin_user_management" name="test_update_user_status_success" time="1.009" /><testcase classname="tests.api.test_admin_user_management" name="test_update_user_status_user_not_found" time="0.660" /><testcase classname="tests.api.test_admin_user_management" name="test_update_user_status_admin_cannot_deactivate_self" time="0.974" /><testcase classname="tests.api.test_admin_user_management" name="test_update_user_profile_success" time="0.939" /><testcase classname="tests.api.test_admin_user_management" name="test_update_user_profile_partial_update" time="0.909" /><testcase classname="tests.api.test_admin_user_management" name="test_update_user_profile_no_fields_provided" time="0.916" /><testcase classname="tests.api.test_admin_user_management" name="test_update_user_profile_user_not_found" time="0.631" /><testcase classname="tests.api.test_admin_user_management" name="test_update_user_role_success" time="0.917" /><testcase classname="tests.api.test_admin_user_management" name="test_update_user_role_admin_cannot_downgrade_self" time="0.623" /><testcase classname="tests.api.test_admin_user_management" name="test_admin_endpoints_require_admin_role" time="0.644" /><testcase classname="tests.api.test_admin_user_management" name="test_get_user_response_excludes_hashed_password" time="0.355" /><testcase classname="tests.api.test_admin_user_management" name="test_get_users_list_excludes_hashed_password" time="0.357" /><testcase classname="tests.api.test_admin_user_management" name="test_update_user_profile_persistence" time="0.333" /><testcase classname="tests.api.test_categories_endpoint" name="test_create_category_success" time="0.372" /><testcase classname="tests.api.test_categories_endpoint" name="test_create_category_unauthorized" time="0.007" /><testcase classname="tests.api.test_categories_endpoint" name="test_create_category_forbidden_non_super_admin" time="0.317" /><testcase classname="tests.api.test_categories_endpoint" name="test_create_category_duplicate_name" time="0.312" /><testcase classname="tests.api.test_categories_endpoint" name="test_get_categories_success" time="2.043" /><testcase classname="tests.api.test_categories_endpoint" name="test_get_categories_filter_active" time="0.652" /><testcase classname="tests.api.test_categories_endpoint" name="test_get_categories_unauthorized" time="0.007" /><testcase classname="tests.api.test_categories_endpoint" name="test_get_category_by_id_success" time="0.778" /><testcase classname="tests.api.test_categories_endpoint" name="test_get_category_by_id_not_found" time="0.512" /><testcase classname="tests.api.test_categories_endpoint" name="test_update_category_success" time="0.737" /><testcase classname="tests.api.test_categories_endpoint" name="test_update_category_forbidden_non_super_admin" time="3.363" /><testcase classname="tests.api.test_categories_endpoint" name="test_update_category_not_found" time="0.336" /><testcase classname="tests.api.test_categories_endpoint" name="test_update_category_duplicate_name" time="3.560" /><testcase classname="tests.api.test_categories_endpoint" name="test_delete_category_success" time="2.174" /><testcase classname="tests.api.test_categories_endpoint" name="test_delete_category_forbidden_non_super_admin" time="0.641" /><testcase classname="tests.api.test_categories_endpoint" name="test_delete_category_not_found" time="0.589" /><testcase classname="tests.api.test_categories_endpoint" name="test_create_category_with_parent" time="0.647" /><testcase classname="tests.api.test_categories_endpoint" name="test_create_category_with_invalid_parent" time="0.621" /><testcase classname="tests.api.test_categories_endpoint" name="test_create_category_with_inactive_parent" time="1.267" /><testcase classname="tests.api.test_categories_endpoint" name="test_update_category_parent" time="0.306" /><testcase classname="tests.api.test_categories_endpoint" name="test_update_category_self_parent" time="0.305" /><testcase classname="tests.api.test_categories_endpoint" name="test_get_categories_hierarchy" time="0.945" /><testcase classname="tests.api.test_categories_endpoint" name="test_get_category_children" time="0.319" /><testcase classname="tests.api.test_categories_endpoint" name="test_get_category_children_empty" time="0.579" /><testcase classname="tests.api.test_categories_endpoint" name="test_get_category_parent" time="0.315" /><testcase classname="tests.api.test_categories_endpoint" name="test_get_category_parent_not_found" time="0.425" /><testcase classname="tests.api.test_categories_endpoint" name="test_get_category_breadcrumb" time="0.663" /><testcase classname="tests.api.test_categories_endpoint" name="test_get_category_breadcrumb_root" time="0.637" /><testcase classname="tests.api.test_categories_endpoint" name="test_get_category_breadcrumb_not_found" time="0.739" /><testcase classname="tests.api.test_categories_endpoint" name="test_create_category_exceeds_max_depth" time="0.330" /><testcase classname="tests.api.test_categories_endpoint" name="test_update_category_exceeds_max_depth" time="0.323" /><testcase classname="tests.api.test_categories_endpoint" name="test_get_category_with_price_fields" time="0.304" /><testcase classname="tests.api.test_categories_endpoint" name="test_create_subcategory_under_priced_parent_clears_parent_prices" time="0.374" /><testcase classname="tests.api.test_categories_endpoint" name="test_update_category_add_price_when_has_children_fails" time="0.393" /><testcase classname="tests.api.test_categories_endpoint" name="test_update_category_set_parent_under_priced_parent_clears_parent_prices" time="0.322" /><testcase classname="tests.api.test_categories_endpoint" name="test_create_leaf_category_with_price_succeeds" time="0.302" /><testcase classname="tests.api.test_categories_endpoint" name="test_update_leaf_category_add_price_succeeds" time="0.393" /><testcase classname="tests.api.test_categories_endpoint" name="test_delete_category_sets_deleted_at" time="0.341" /><testcase classname="tests.api.test_categories_endpoint" name="test_delete_category_with_active_children_fails" time="9.733" /><testcase classname="tests.api.test_categories_endpoint" name="test_restore_category_endpoint" time="0.568" /><testcase classname="tests.api.test_categories_endpoint" name="test_get_categories_include_archived_param" time="0.572" /><testcase classname="tests.api.test_categories_endpoint" name="test_operational_endpoints_exclude_archived" time="0.864" /><testcase classname="tests.api.test_pin_endpoints.TestPinEndpoints" name="test_set_pin_success" time="0.621" /><testcase classname="tests.api.test_pin_endpoints.TestPinEndpoints" name="test_set_pin_invalid_format" time="0.306" /><testcase classname="tests.api.test_pin_endpoints.TestPinEndpoints" name="test_set_pin_non_numeric" time="0.309" /><testcase classname="tests.api.test_pin_endpoints.TestPinEndpoints" name="test_set_pin_unauthorized" time="0.011" /><testcase classname="tests.api.test_pin_endpoints.TestPinAuthentication" name="test_pin_auth_success" time="0.878" /><testcase classname="tests.api.test_pin_endpoints.TestPinAuthentication" name="test_pin_auth_invalid_pin" time="0.916" /><testcase classname="tests.api.test_pin_endpoints.TestPinAuthentication" name="test_pin_auth_no_pin_set" time="0.956" /><testcase classname="tests.api.test_pin_endpoints.TestPinAuthentication" name="test_pin_auth_inactive_user" time="0.594" /><testcase classname="tests.api.test_pin_endpoints.TestPinAuthentication" name="test_pin_auth_invalid_user_id" time="0.009" /><testcase classname="tests.api.test_pin_endpoints.TestPinAuthentication" name="test_pin_auth_invalid_pin_format" time="0.900" /><testcase classname="tests.api.test_signup_endpoint.TestPublicSignupDisabled" name="test_signup_returns_403_forbidden_envelope" time="0.010" /><testcase classname="tests.api.test_signup_endpoint.TestPublicSignupDisabled" name="test_signup_does_not_create_user" time="0.009" /><testcase classname="tests.api.test_signup_endpoint.TestPublicSignupDisabled" name="test_hardcoded_api_v1_prefix_is_not_mounted" time="0.007" /><testcase classname="tests.api.test_stats_endpoints.TestReceptionSummaryEndpoint" name="test_summary_requires_authentication" time="0.324" /><testcase classname="tests.api.test_stats_endpoints.TestReceptionSummaryEndpoint" name="test_summary_allows_authenticated_non_admin_user" time="0.602" /><testcase classname="tests.api.test_stats_endpoints.TestReceptionSummaryEndpoint" name="test_summary_success_no_filters" time="0.928" /><testcase classname="tests.api.test_stats_endpoints.TestReceptionSummaryEndpoint" name="test_summary_with_date_filters" time="0.602" /><testcase classname="tests.api.test_stats_endpoints.TestReceptionSummaryEndpoint" name="test_summary_with_start_date_only" time="0.938" /><testcase classname="tests.api.test_stats_endpoints.TestReceptionSummaryEndpoint" name="test_summary_empty_result" time="0.597" /><testcase classname="tests.api.test_stats_endpoints.TestReceptionSummaryEndpoint" name="test_summary_rate_limiting" time="0.307" /><testcase classname="tests.api.test_stats_endpoints.TestReceptionSummaryEndpoint" name="test_summary_invalid_date_range" time="0.598" /><testcase classname="tests.api.test_stats_endpoints.TestReceptionByCategoryEndpoint" name="test_by_category_requires_authentication" time="0.305" /><testcase classname="tests.api.test_stats_endpoints.TestReceptionByCategoryEndpoint" name="test_by_category_allows_authenticated_non_admin_user" time="0.612" /><testcase classname="tests.api.test_stats_endpoints.TestReceptionByCategoryEndpoint" name="test_by_category_success_no_filters" time="0.617" /><testcase classname="tests.api.test_stats_endpoints.TestReceptionByCategoryEndpoint" name="test_by_category_with_date_filters" time="0.606" /><testcase classname="tests.api.test_stats_endpoints.TestReceptionByCategoryEndpoint" name="test_by_category_empty_result" time="0.619" /><testcase classname="tests.api.test_stats_endpoints.TestReceptionByCategoryEndpoint" name="test_by_category_invalid_date_range" time="0.600" /><testcase classname="tests.api.test_stats_endpoints.TestStatsSQLPerformance" name="test_summary_uses_aggregation" time="0.681" /><testcase classname="tests.api.test_stats_endpoints.TestStatsSQLPerformance" name="test_by_category_uses_group_by" time="0.613" /><testcase classname="tests.cli.test_cli" name="test_create_super_admin_success" time="0.305" /><testcase classname="tests.cli.test_cli" name="test_create_super_admin_user_exists" time="0.005" /><testcase classname="tests.cli.test_cli" name="test_create_super_admin_database_error" time="0.301" /><testcase classname="tests.cli.test_cli" name="test_create_super_admin_name_parsing" time="0.299" /><testcase classname="tests.cli.test_cli" name="test_create_super_admin_single_name" time="0.305" /><testcase classname="tests.cli.test_cli_username_password" name="test_create_super_admin_success" time="0.301" /><testcase classname="tests.cli.test_cli_username_password" name="test_create_super_admin_user_exists" time="0.005" /><testcase classname="tests.cli.test_cli_username_password" name="test_create_super_admin_database_error" time="0.292" /><testcase classname="tests.cli.test_cli_username_password" name="test_create_super_admin_password_hashing" time="0.881" /><testcase classname="tests.cli.test_cli_username_password" name="test_create_super_admin_user_fields" time="0.305" /><testcase classname="tests.cli.test_cli_username_password" name="test_create_super_admin_empty_username" time="0.303" /><testcase classname="tests.cli.test_cli_username_password" name="test_create_super_admin_empty_password" time="0.297" /><testcase classname="tests.cli.test_cli_username_password" name="test_create_super_admin_username_uniqueness" time="0.003" /><testcase classname="tests.cli.test_cli_username_password" name="test_create_super_admin_special_characters_password" time="0.583" /><testcase classname="tests.load.test_login_performance.TestLoginPerformance" name="test_login_performance_sequential" time="0.001"><skipped type="pytest.skip" message="Performance tests disabled in unit suite; run in perf pipeline">D:\users\Strophe\Documents\1-IA\La Clique Qui Recycle\JARVOS_recyclique\recyclique-1.4.4\api\tests\load\test_login_performance.py:79: Performance tests disabled in unit suite; run in perf pipeline</skipped></testcase><testcase classname="tests.load.test_login_performance.TestLoginPerformance" name="test_login_performance_concurrent" time="0.000"><skipped type="pytest.skip" message="Performance tests disabled in unit suite; run in perf pipeline">D:\users\Strophe\Documents\1-IA\La Clique Qui Recycle\JARVOS_recyclique\recyclique-1.4.4\api\tests\load\test_login_performance.py:119: Performance tests disabled in unit suite; run in perf pipeline</skipped></testcase><testcase classname="tests.load.test_login_performance.TestLoginPerformance" name="test_login_performance_failed_attempts" time="0.001"><skipped type="pytest.skip" message="Performance tests disabled in unit suite; run in perf pipeline">D:\users\Strophe\Documents\1-IA\La Clique Qui Recycle\JARVOS_recyclique\recyclique-1.4.4\api\tests\load\test_login_performance.py:185: Performance tests disabled in unit suite; run in perf pipeline</skipped></testcase><testcase classname="tests.load.test_login_performance.TestLoginPerformance" name="test_login_performance_with_metrics" time="0.001"><skipped type="pytest.skip" message="Performance tests disabled in unit suite; run in perf pipeline">D:\users\Strophe\Documents\1-IA\La Clique Qui Recycle\JARVOS_recyclique\recyclique-1.4.4\api\tests\load\test_login_performance.py:234: Performance tests disabled in unit suite; run in perf pipeline</skipped></testcase><testcase classname="tests.models.test_user.TestUserModel" name="test_user_creation_with_profile_fields" time="0.007" /><testcase classname="tests.models.test_user.TestUserModel" name="test_user_creation_with_minimal_fields" time="0.004" /><testcase classname="tests.models.test_user.TestUserModel" name="test_user_profile_fields_optional" time="0.005" /><testcase classname="tests.models.test_user.TestUserModel" name="test_user_profile_fields_long_text" time="0.005" /><testcase classname="tests.models.test_user.TestUserModel" name="test_user_profile_fields_update" time="0.009" /><testcase classname="tests.test_active_operators_endpoint" name="test_active_operators_filters_roles_and_is_active" time="0.021" /><testcase classname="tests.test_activity_ping.TestActivityPing" name="test_ping_records_activity" time="0.886" /><testcase classname="tests.test_activity_ping.TestActivityPing" name="test_ping_requires_authentication" time="0.583" /><testcase classname="tests.test_activity_ping.TestActivityPing" name="test_ping_with_invalid_token" time="1.134" /><testcase classname="tests.test_activity_ping.TestActivityPing" name="test_activity_expiration_ttl" time="0.891" /><testcase classname="tests.test_activity_ping.TestActivityPing" name="test_multiple_pings_update_timestamp" time="2.031" /><testcase classname="tests.test_activity_ping.TestActivityPing" name="test_metadata_storage" time="0.894" /><testcase classname="tests.test_admin_activity_threshold_endpoints" name="test_register_admin_activity_threshold_importable" time="0.002" /><testcase classname="tests.test_admin_activity_threshold_endpoints" name="test_activity_threshold_get_requires_auth" time="0.008" /><testcase classname="tests.test_admin_activity_threshold_endpoints" name="test_activity_threshold_put_requires_auth" time="0.011" /><testcase classname="tests.test_admin_activity_threshold_endpoints" name="test_activity_threshold_get_default_shape" time="0.311" /><testcase classname="tests.test_admin_activity_threshold_endpoints" name="test_activity_threshold_put_valid_then_get" time="0.316" /><testcase classname="tests.test_admin_activity_threshold_endpoints" name="test_activity_threshold_put_validation_400[payload0]" time="0.302" /><testcase classname="tests.test_admin_activity_threshold_endpoints" name="test_activity_threshold_put_validation_400[payload1]" time="0.302" /><testcase classname="tests.test_admin_activity_threshold_endpoints" name="test_activity_threshold_put_validation_400[payload2]" time="0.300" /><testcase classname="tests.test_admin_activity_threshold_endpoints" name="test_activity_threshold_put_validation_400[payload3]" time="0.301" /><testcase classname="tests.test_admin_cash_sessions_maintenance" name="test_cash_sessions_maintenance_requires_super_admin[/v1/admin/cash-sessions/fix-blocked-deferred]" time="0.592" /><testcase classname="tests.test_admin_cash_sessions_maintenance" name="test_cash_sessions_maintenance_requires_super_admin[/v1/admin/cash-sessions/merge-duplicate-deferred]" time="0.592" /><testcase classname="tests.test_admin_cash_sessions_maintenance" name="test_fix_blocked_deferred_no_sessions" time="0.302" /><testcase classname="tests.test_admin_cash_sessions_maintenance" name="test_fix_blocked_deferred_deletes_old_empty_session" time="0.606" /><testcase classname="tests.test_admin_cash_sessions_maintenance" name="test_merge_duplicate_no_duplicates" time="0.599" /><testcase classname="tests.test_admin_cash_sessions_maintenance" name="test_merge_duplicate_invalid_date" time="0.588" /><testcase classname="tests.test_admin_cash_sessions_maintenance" name="test_merge_duplicate_two_empty_sessions" time="0.602" /><testcase classname="tests.test_admin_e2e.TestAdminE2E" name="test_admin_can_list_users" time="0.607" /><testcase classname="tests.test_admin_e2e.TestAdminE2E" name="test_admin_can_filter_users_by_role" time="0.622" /><testcase classname="tests.test_admin_e2e.TestAdminE2E" name="test_admin_can_filter_users_by_status" time="0.634" /><testcase classname="tests.test_admin_e2e.TestAdminE2E" name="test_admin_can_update_user_role" time="0.615" /><testcase classname="tests.test_admin_e2e.TestAdminE2E" name="test_admin_cannot_downgrade_own_role" time="0.597" /><testcase classname="tests.test_admin_e2e.TestAdminE2E" name="test_regular_user_cannot_access_admin_endpoints" time="0.597" /><testcase classname="tests.test_admin_e2e.TestAdminE2E" name="test_unauthenticated_user_cannot_access_admin_endpoints" time="0.017" /><testcase classname="tests.test_admin_e2e.TestAdminE2E" name="test_admin_pagination_works" time="0.588" /><testcase classname="tests.test_admin_e2e.TestAdminE2E" name="test_invalid_role_update_fails" time="0.592" /><testcase classname="tests.test_admin_e2e.TestAdminE2E" name="test_nonexistent_user_update_fails" time="0.601" /><testcase classname="tests.test_admin_e2e.TestAdminSecurity" name="test_token_expiration_handling" time="0.588" /><testcase classname="tests.test_admin_e2e.TestAdminSecurity" name="test_invalid_token_handling" time="2.429" /><testcase classname="tests.test_admin_e2e.TestAdminSecurity" name="test_missing_token_handling" time="0.009" /><testcase classname="tests.test_admin_e2e.TestAdminPerformance" name="test_admin_endpoints_response_time" time="0.598" /><testcase classname="tests.test_admin_e2e.TestAdminPerformance" name="test_large_user_list_handling" time="0.613" /><testcase classname="tests.test_admin_force_password.TestAdminForcePasswordEndpoint" name="test_force_password_success_super_admin" time="1.495" /><testcase classname="tests.test_admin_force_password.TestAdminForcePasswordEndpoint" name="test_force_password_forbidden_regular_admin" time="0.702" /><testcase classname="tests.test_admin_force_password.TestAdminForcePasswordEndpoint" name="test_force_password_forbidden_user_role" time="0.658" /><testcase classname="tests.test_admin_force_password.TestAdminForcePasswordEndpoint" name="test_force_password_unauthorized_no_token" time="0.303" /><testcase classname="tests.test_admin_force_password.TestAdminForcePasswordEndpoint" name="test_force_password_user_not_found" time="0.319" /><testcase classname="tests.test_admin_force_password.TestAdminForcePasswordEndpoint" name="test_force_password_validation_weak_password" time="0.603" /><testcase classname="tests.test_admin_force_password.TestAdminForcePasswordEndpoint" name="test_force_password_validation_missing_password" time="0.592" /><testcase classname="tests.test_admin_force_password.TestAdminForcePasswordEndpoint" name="test_force_password_audit_logging" time="0.890" /><testcase classname="tests.test_admin_force_password.TestAdminForcePasswordEndpoint" name="test_force_password_rate_limiting" time="0.879" /><testcase classname="tests.test_admin_health_endpoints" name="test_admin_health_public_no_auth" time="0.008" /><testcase classname="tests.test_admin_health_endpoints" name="test_admin_health_database_no_auth" time="0.009" /><testcase classname="tests.test_admin_health_endpoints" name="test_admin_health_test_no_auth" time="0.006" /><testcase classname="tests.test_admin_health_endpoints" name="test_admin_system_health_uses_anomaly_service" time="0.306" /><testcase classname="tests.test_admin_health_endpoints" name="test_admin_health_anomalies_mocked" time="0.302" /><testcase classname="tests.test_admin_health_endpoints" name="test_admin_health_scheduler_mocked" time="0.313" /><testcase classname="tests.test_admin_observability_endpoints" name="test_register_admin_observability_importable" time="0.001" /><testcase classname="tests.test_admin_observability_endpoints" name="test_observability_endpoints_require_auth[transaction-logs]" time="0.008" /><testcase classname="tests.test_admin_observability_endpoints" name="test_observability_endpoints_require_auth[audit-log]" time="0.010" /><testcase classname="tests.test_admin_observability_endpoints" name="test_observability_endpoints_require_auth[email-logs]" time="0.011" /><testcase classname="tests.test_admin_observability_endpoints" name="test_audit_log_admin_empty_shape" time="0.000"><skipped type="pytest.skip" message="Table audit_logs non créée sous SQLite (conftest create_all partiel).">D:\users\Strophe\Documents\1-IA\La Clique Qui Recycle\JARVOS_recyclique\recyclique-1.4.4\api\tests\test_admin_observability_endpoints.py:30: Table audit_logs non créée sous SQLite (conftest create_all partiel).</skipped></testcase><testcase classname="tests.test_admin_pending_endpoints.TestPendingUsersEndpoints" name="test_get_pending_users_success_returns_list" time="0.883" /><testcase classname="tests.test_admin_pending_endpoints.TestPendingUsersEndpoints" name="test_get_pending_users_json_matches_schema_when_legacy_contact_in_db" time="0.591" /><testcase classname="tests.test_admin_pending_endpoints.TestPendingUsersEndpoints" name="test_get_pending_users_empty_list_returns_empty" time="0.595" /><testcase classname="tests.test_admin_pending_endpoints.TestPendingUsersEndpoints" name="test_get_pending_users_insufficient_role_returns_403" time="0.299" /><testcase classname="tests.test_admin_pending_endpoints.TestPendingUsersEndpoints" name="test_approve_user_success_updates_status" time="0.603" /><testcase classname="tests.test_admin_pending_endpoints.TestPendingUsersEndpoints" name="test_approve_user_not_found_returns_404" time="0.313" /><testcase classname="tests.test_admin_pending_endpoints.TestPendingUsersEndpoints" name="test_approve_user_invalid_uuid_returns_404" time="0.340" /><testcase classname="tests.test_admin_pending_endpoints.TestPendingUsersEndpoints" name="test_approve_user_not_pending_returns_400" time="0.589" /><testcase classname="tests.test_admin_pending_endpoints.TestPendingUsersEndpoints" name="test_reject_user_success_updates_status" time="0.622" /><testcase classname="tests.test_admin_pending_endpoints.TestPendingUsersEndpoints" name="test_reject_user_not_found_returns_404" time="0.306" /><testcase classname="tests.test_admin_pending_endpoints.TestPendingUsersEndpoints" name="test_reject_user_not_pending_returns_400" time="0.609" /><testcase classname="tests.test_admin_pending_endpoints.TestPendingUsersEndpoints" name="test_approve_user_without_message_succeeds" time="0.597" /><testcase classname="tests.test_admin_pending_endpoints.TestPendingUsersEndpoints" name="test_reject_user_without_reason_succeeds" time="0.609" /><testcase classname="tests.test_admin_pending_endpoints.TestPendingUsersEndpoints" name="test_database_error_handling_returns_500" time="0.598" /><testcase classname="tests.test_admin_schemas" name="test_admin_user_schema" time="0.001" /><testcase classname="tests.test_admin_schemas" name="test_pending_user_response_schema_keys_match_model" time="0.001" /><testcase classname="tests.test_admin_schemas" name="test_user_role_update_schema" time="0.001" /><testcase classname="tests.test_admin_schemas" name="test_pagination_info_schema" time="0.002" /><testcase classname="tests.test_admin_schemas" name="test_admin_response_schema" time="0.001" /><testcase classname="tests.test_admin_settings" name="test_get_default_alert_thresholds" time="0.313" /><testcase classname="tests.test_admin_settings" name="test_update_alert_thresholds_persists_encrypted_value" time="0.339" /><testcase classname="tests.test_admin_user_status_endpoint.TestAdminUserStatusEndpoint" name="test_update_user_status_success" time="0.623" /><testcase classname="tests.test_admin_user_status_endpoint.TestAdminUserStatusEndpoint" name="test_update_user_status_validation_error" time="0.327" /><testcase classname="tests.test_admin_user_status_endpoint.TestAdminUserStatusEndpoint" name="test_update_user_status_not_found" time="0.397" /><testcase classname="tests.test_admin_user_status_endpoint.TestAdminUserStatusEndpoint" name="test_update_user_status_unauthorized" time="0.652" /><testcase classname="tests.test_admin_user_status_endpoint.TestAdminUserStatusEndpoint" name="test_admin_cannot_deactivate_self" time="0.589" /><testcase classname="tests.test_admin_user_status_endpoint.TestAdminUserStatusEndpoint" name="test_reactivate_user_success" time="0.630" /><testcase classname="tests.test_admin_users_credentials_routes" name="test_register_admin_users_credentials_routes_exposes_expected_paths" time="0.007" /><testcase classname="tests.test_admin_users_groups_routes" name="test_register_admin_users_groups_routes_exposes_expected_paths" time="0.004" /><testcase classname="tests.test_admin_users_history_routes" name="test_register_admin_users_history_routes_exposes_expected_paths" time="0.006" /><testcase classname="tests.test_admin_users_mutations_routes" name="test_register_admin_users_mutations_routes_exposes_expected_paths" time="0.007" /><testcase classname="tests.test_admin_users_read_routes" name="test_register_admin_users_read_routes_exposes_expected_paths" time="0.007" /><testcase classname="tests.test_advanced_filters_integration" name="test_combined_advanced_filters_cash_sessions" time="0.613"><failure message="AssertionError: assert '2122855f-2359-453f-a7f3-47d8e50f9e0f' in []&#10; +  where '2122855f-2359-453f-a7f3-47d8e50f9e0f' = str(UUID('2122855f-2359-453f-a7f3-47d8e50f9e0f'))&#10; +    where UUID('2122855f-2359-453f-a7f3-47d8e50f9e0f') = &lt;CashSession(id='2122855f-2359-453f-a7f3-47d8e50f9e0f', operator_id='6c11e013-bc91-45c6-b170-3c5874ce81b2', status='closed')&gt;.id">E   AssertionError: assert '2122855f-2359-453f-a7f3-47d8e50f9e0f' in []
     +  where '2122855f-2359-453f-a7f3-47d8e50f9e0f' = str(UUID('2122855f-2359-453f-a7f3-47d8e50f9e0f'))
     +    where UUID('2122855f-2359-453f-a7f3-47d8e50f9e0f') = &lt;CashSession(id='2122855f-2359-453f-a7f3-47d8e50f9e0f', operator_id='6c11e013-bc91-45c6-b170-3c5874ce81b2', status='closed')&gt;.id</failure></testcase><testcase classname="tests.test_advanced_filters_integration" name="test_combined_advanced_filters_reception_tickets" time="0.692" /><testcase classname="tests.test_advanced_filters_integration" name="test_filters_et_logic" time="0.668" /><testcase classname="tests.test_audit_story_25" name="test_sanitize_audit_details_redacts_sensitive_keys" time="0.001" /><testcase classname="tests.test_audit_story_25" name="test_sanitize_audit_details_redacts_pin_and_access_token_keys" time="0.001" /><testcase classname="tests.test_audit_story_25" name="test_merge_critical_audit_fields_orders_context" time="0.002" /><testcase classname="tests.test_audit_story_25" name="test_log_cash_session_closing_typed_action_and_refused" time="0.002" /><testcase classname="tests.test_audit_story_25" name="test_log_audit_failure_uses_logger_not_print" time="0.006" /><testcase classname="tests.test_auth_cache_behavior" name="test_get_current_user_returns_cached_user_for_safe_methods" time="0.005" /><testcase classname="tests.test_auth_cache_behavior" name="test_get_current_user_fetches_db_for_unsafe_methods" time="0.005" /><testcase classname="tests.test_auth_inactive_user_middleware.TestInactiveUserMiddleware" name="test_inactive_user_cannot_access_protected_endpoint" time="0.367" /><testcase classname="tests.test_auth_inactive_user_middleware.TestInactiveUserMiddleware" name="test_active_user_can_access_protected_endpoint" time="0.332" /><testcase classname="tests.test_auth_inactive_user_middleware.TestInactiveUserMiddleware" name="test_user_deactivation_blocks_future_requests" time="0.651" /><testcase classname="tests.test_auth_logging.TestAuthLogging" name="test_successful_login_logging" time="0.690" /><testcase classname="tests.test_auth_logging.TestAuthLogging" name="test_failed_login_invalid_user_logging" time="0.365" /><testcase classname="tests.test_auth_logging.TestAuthLogging" name="test_failed_login_invalid_password_logging" time="0.937" /><testcase classname="tests.test_auth_logging.TestAuthLogging" name="test_failed_login_inactive_user_logging" time="0.392" /><testcase classname="tests.test_auth_logging.TestAuthLogging" name="test_login_logging_and_metrics_integration" time="1.611" /><testcase classname="tests.test_auth_logging.TestAuthLogging" name="test_failed_login_logging_and_metrics_integration" time="0.047" /><testcase classname="tests.test_auth_logging.TestAuthLogging" name="test_multiple_login_attempts_logging" time="1.229" /><testcase classname="tests.test_auth_logging.TestAuthLogging" name="test_logging_without_mocking" time="0.628" /><testcase classname="tests.test_auth_login_endpoint.TestAuthLoginEndpoint" name="test_login_success_valid_credentials" time="0.619" /><testcase classname="tests.test_auth_login_endpoint.TestAuthLoginEndpoint" name="test_login_success_auth_user_payload_excludes_internal_fields_when_legacy_in_db" time="0.648" /><testcase classname="tests.test_auth_login_endpoint.TestAuthLoginEndpoint" name="test_login_failure_invalid_username" time="0.054" /><testcase classname="tests.test_auth_login_endpoint.TestAuthLoginEndpoint" name="test_login_failure_invalid_password" time="0.649" /><testcase classname="tests.test_auth_login_endpoint.TestAuthLoginEndpoint" name="test_login_failure_inactive_user" time="0.755" /><testcase classname="tests.test_auth_login_endpoint.TestAuthLoginEndpoint" name="test_login_validation_error_missing_username" time="0.038" /><testcase classname="tests.test_auth_login_endpoint.TestAuthLoginEndpoint" name="test_login_validation_error_missing_password" time="0.030" /><testcase classname="tests.test_auth_login_endpoint.TestAuthLoginEndpoint" name="test_login_validation_error_empty_credentials" time="0.031" /><testcase classname="tests.test_auth_login_endpoint.TestAuthLoginEndpoint" name="test_login_success_admin_user" time="1.056" /><testcase classname="tests.test_auth_login_endpoint.TestAuthLoginEndpoint" name="test_login_success_super_admin_user" time="1.061" /><testcase classname="tests.test_auth_login_endpoint.TestAuthLoginEndpoint" name="test_jwt_token_structure" time="1.080" /><testcase classname="tests.test_auth_login_endpoint.TestAuthLoginEndpoint" name="test_password_case_sensitivity" time="1.580" /><testcase classname="tests.test_auth_login_username_password.TestAuthLoginUsernamePassword" name="test_login_success_valid_credentials" time="1.512" /><testcase classname="tests.test_auth_login_username_password.TestAuthLoginUsernamePassword" name="test_login_failure_invalid_username" time="0.035" /><testcase classname="tests.test_auth_login_username_password.TestAuthLoginUsernamePassword" name="test_login_failure_invalid_password" time="1.174" /><testcase classname="tests.test_auth_login_username_password.TestAuthLoginUsernamePassword" name="test_login_failure_inactive_user" time="0.376" /><testcase classname="tests.test_auth_login_username_password.TestAuthLoginUsernamePassword" name="test_login_validation_error_missing_username" time="0.038" /><testcase classname="tests.test_auth_login_username_password.TestAuthLoginUsernamePassword" name="test_login_validation_error_missing_password" time="0.036" /><testcase classname="tests.test_auth_login_username_password.TestAuthLoginUsernamePassword" name="test_login_validation_error_empty_credentials" time="0.037" /><testcase classname="tests.test_auth_login_username_password.TestAuthLoginUsernamePassword" name="test_login_success_admin_user" time="0.800" /><testcase classname="tests.test_auth_login_username_password.TestAuthLoginUsernamePassword" name="test_login_success_super_admin_user" time="4.004" /><testcase classname="tests.test_auth_login_username_password.TestAuthLoginUsernamePassword" name="test_jwt_token_structure" time="0.887" /><testcase classname="tests.test_auth_login_username_password.TestAuthLoginUsernamePassword" name="test_password_case_sensitivity" time="1.299" /><testcase classname="tests.test_auth_login_username_password.TestAuthLoginUsernamePassword" name="test_login_response_serialization_success" time="0.923" /><testcase classname="tests.test_auth_login_username_password_old.TestAuthLoginUsernamePassword" name="test_login_success_valid_credentials" time="0.660" /><testcase classname="tests.test_auth_login_username_password_old.TestAuthLoginUsernamePassword" name="test_login_failure_invalid_username" time="0.440" /><testcase classname="tests.test_auth_login_username_password_old.TestAuthLoginUsernamePassword" name="test_login_failure_invalid_password" time="0.868" /><testcase classname="tests.test_auth_login_username_password_old.TestAuthLoginUsernamePassword" name="test_login_failure_inactive_user" time="0.569" /><testcase classname="tests.test_auth_login_username_password_old.TestAuthLoginUsernamePassword" name="test_login_validation_error_missing_username" time="0.014" /><testcase classname="tests.test_auth_login_username_password_old.TestAuthLoginUsernamePassword" name="test_login_validation_error_missing_password" time="0.011" /><testcase classname="tests.test_auth_login_username_password_old.TestAuthLoginUsernamePassword" name="test_login_validation_error_empty_credentials" time="0.012" /><testcase classname="tests.test_auth_login_username_password_old.TestAuthLoginUsernamePassword" name="test_login_success_admin_user" time="0.684" /><testcase classname="tests.test_auth_login_username_password_old.TestAuthLoginUsernamePassword" name="test_login_success_super_admin_user" time="0.604" /><testcase classname="tests.test_auth_login_username_password_old.TestAuthLoginUsernamePassword" name="test_jwt_token_structure" time="0.601" /><testcase classname="tests.test_auth_login_username_password_old.TestAuthLoginUsernamePassword" name="test_password_case_sensitivity" time="0.900" /><testcase classname="tests.test_auth_logout.TestAuthLogout" name="test_logout_success_authenticated_user" time="0.001"><skipped type="pytest.skip" message="`test_auth_logout.py` vérifie `audit_logs` (JSONB) et nécessite PostgreSQL.">D:\users\Strophe\Documents\1-IA\La Clique Qui Recycle\JARVOS_recyclique\recyclique-1.4.4\api\tests\test_auth_logout.py:32: `test_auth_logout.py` vérifie `audit_logs` (JSONB) et nécessite PostgreSQL.</skipped></testcase><testcase classname="tests.test_auth_logout.TestAuthLogout" name="test_logout_requires_authentication" time="0.000"><skipped type="pytest.skip" message="`test_auth_logout.py` vérifie `audit_logs` (JSONB) et nécessite PostgreSQL.">D:\users\Strophe\Documents\1-IA\La Clique Qui Recycle\JARVOS_recyclique\recyclique-1.4.4\api\tests\test_auth_logout.py:86: `test_auth_logout.py` vérifie `audit_logs` (JSONB) et nécessite PostgreSQL.</skipped></testcase><testcase classname="tests.test_auth_logout.TestAuthLogout" name="test_logout_with_invalid_token_returns_401" time="0.000"><skipped type="pytest.skip" message="`test_auth_logout.py` vérifie `audit_logs` (JSONB) et nécessite PostgreSQL.">D:\users\Strophe\Documents\1-IA\La Clique Qui Recycle\JARVOS_recyclique\recyclique-1.4.4\api\tests\test_auth_logout.py:91: `test_auth_logout.py` vérifie `audit_logs` (JSONB) et nécessite PostgreSQL.</skipped></testcase><testcase classname="tests.test_auth_logout.TestAuthLogout" name="test_logout_with_admin_user" time="0.000"><skipped type="pytest.skip" message="`test_auth_logout.py` vérifie `audit_logs` (JSONB) et nécessite PostgreSQL.">D:\users\Strophe\Documents\1-IA\La Clique Qui Recycle\JARVOS_recyclique\recyclique-1.4.4\api\tests\test_auth_logout.py:97: `test_auth_logout.py` vérifie `audit_logs` (JSONB) et nécessite PostgreSQL.</skipped></testcase><testcase classname="tests.test_auth_logout.TestAuthLogout" name="test_logout_audit_contains_ip_and_user_agent" time="0.000"><skipped type="pytest.skip" message="`test_auth_logout.py` vérifie `audit_logs` (JSONB) et nécessite PostgreSQL.">D:\users\Strophe\Documents\1-IA\La Clique Qui Recycle\JARVOS_recyclique\recyclique-1.4.4\api\tests\test_auth_logout.py:139: `test_auth_logout.py` vérifie `audit_logs` (JSONB) et nécessite PostgreSQL.</skipped></testcase><testcase classname="tests.test_auth_metrics_integration.TestAuthMetricsIntegration" name="test_auth_metrics_endpoint_exists" time="0.012" /><testcase classname="tests.test_auth_metrics_integration.TestAuthMetricsIntegration" name="test_auth_metrics_prometheus_endpoint_exists" time="0.008" /><testcase classname="tests.test_auth_metrics_integration.TestAuthMetricsIntegration" name="test_auth_metrics_reset_endpoint_exists" time="0.009" /><testcase classname="tests.test_auth_password_reset.TestAuthPasswordResetEndpoints" name="test_forgot_password_success_existing_user" time="0.311" /><testcase classname="tests.test_auth_password_reset.TestAuthPasswordResetEndpoints" name="test_forgot_password_nonexistent_user" time="0.010" /><testcase classname="tests.test_auth_password_reset.TestAuthPasswordResetEndpoints" name="test_forgot_password_inactive_user" time="0.300" /><testcase classname="tests.test_auth_password_reset.TestAuthPasswordResetEndpoints" name="test_forgot_password_validation_missing_email" time="0.011" /><testcase classname="tests.test_auth_password_reset.TestAuthPasswordResetEndpoints" name="test_forgot_password_validation_invalid_email_format" time="0.013" /><testcase classname="tests.test_auth_password_reset.TestAuthPasswordResetEndpoints" name="test_reset_password_success_valid_token" time="0.881" /><testcase classname="tests.test_auth_password_reset.TestAuthPasswordResetEndpoints" name="test_reset_password_invalid_token" time="0.010" /><testcase classname="tests.test_auth_password_reset.TestAuthPasswordResetEndpoints" name="test_reset_password_expired_token" time="0.302" /><testcase classname="tests.test_auth_password_reset.TestAuthPasswordResetEndpoints" name="test_reset_password_wrong_scope_token" time="0.301" /><testcase classname="tests.test_auth_password_reset.TestAuthPasswordResetEndpoints" name="test_reset_password_nonexistent_user" time="0.011" /><testcase classname="tests.test_auth_password_reset.TestAuthPasswordResetEndpoints" name="test_reset_password_inactive_user" time="0.298" /><testcase classname="tests.test_auth_password_reset.TestAuthPasswordResetEndpoints" name="test_reset_password_validation_missing_token" time="0.011" /><testcase classname="tests.test_auth_password_reset.TestAuthPasswordResetEndpoints" name="test_reset_password_validation_missing_password" time="0.009" /><testcase classname="tests.test_auth_password_reset.TestAuthPasswordResetEndpoints" name="test_reset_password_validation_short_password" time="0.305" /><testcase classname="tests.test_auth_password_reset.TestAuthPasswordResetEndpoints" name="test_reset_password_validation_weak_password" time="0.302" /><testcase classname="tests.test_auth_password_reset.TestAuthPasswordResetEndpoints" name="test_token_security_functions" time="0.291" /><testcase classname="tests.test_auth_password_reset.TestAuthPasswordResetEndpoints" name="test_rate_limiting_forgot_password" time="0.306" /><testcase classname="tests.test_auth_password_reset.TestResetTokenAliasCompatibility" name="test_alias_creates_valid_token" time="0.003" /><testcase classname="tests.test_auth_password_reset.TestResetTokenAliasCompatibility" name="test_alias_respects_expiration_delta" time="0.002" /><testcase classname="tests.test_auth_password_reset.TestResetTokenAliasCompatibility" name="test_alias_behaves_identically_to_original" time="0.002" /><testcase classname="tests.test_auth_performance.TestAuthPerformance" name="test_jwt_validation_does_not_hit_db" time="0.604" /><testcase classname="tests.test_b49_p1_backward_compatibility.TestBackwardCompatibility" name="test_existing_register_without_options_has_defaults" time="0.011" /><testcase classname="tests.test_b49_p1_backward_compatibility.TestBackwardCompatibility" name="test_read_existing_register_works" time="0.006" /><testcase classname="tests.test_b49_p1_backward_compatibility.TestBackwardCompatibility" name="test_update_existing_register_keeps_defaults_if_not_specified" time="0.010" /><testcase classname="tests.test_b49_p1_integration_endpoints.TestIntegrationRegisterOptions" name="test_get_current_session_includes_register_options" time="0.593"><failure message="assert 404 == 200&#10; +  where 404 = &lt;Response [404 Not Found]&gt;.status_code">E   assert 404 == 200
     +  where 404 = &lt;Response [404 Not Found]&gt;.status_code</failure></testcase><testcase classname="tests.test_b49_p1_integration_endpoints.TestIntegrationRegisterOptions" name="test_get_session_by_id_includes_register_options" time="0.604"><failure message="assert 404 == 200&#10; +  where 404 = &lt;Response [404 Not Found]&gt;.status_code">E   assert 404 == 200
     +  where 404 = &lt;Response [404 Not Found]&gt;.status_code</failure></testcase><testcase classname="tests.test_b49_p1_integration_endpoints.TestIntegrationRegisterOptions" name="test_update_session_preserves_register_options" time="0.590"><failure message="assert 404 == 200&#10; +  where 404 = &lt;Response [404 Not Found]&gt;.status_code">E   assert 404 == 200
     +  where 404 = &lt;Response [404 Not Found]&gt;.status_code</failure></testcase><testcase classname="tests.test_b49_p1_integration_endpoints.TestIntegrationRegisterOptions" name="test_close_session_includes_register_options" time="0.597"><failure message="assert 404 == 200&#10; +  where 404 = &lt;Response [404 Not Found]&gt;.status_code">E   assert 404 == 200
     +  where 404 = &lt;Response [404 Not Found]&gt;.status_code</failure></testcase><testcase classname="tests.test_b49_p1_integration_endpoints.TestIntegrationRegisterOptions" name="test_list_sessions_includes_register_options" time="0.594"><failure message="assert 404 == 200&#10; +  where 404 = &lt;Response [404 Not Found]&gt;.status_code">E   assert 404 == 200
     +  where 404 = &lt;Response [404 Not Found]&gt;.status_code</failure></testcase><testcase classname="tests.test_b49_p1_migration_check" name="test_migration_applied_to_test_db" time="0.003"><failure message="sqlalchemy.exc.OperationalError: (sqlite3.OperationalError) no such table: information_schema.columns&#10;[SQL: &#10;            SELECT column_name, data_type &#10;            FROM information_schema.columns &#10;            WHERE table_name = 'cash_registers' &#10;            AND column_name IN ('workflow_options', 'enable_virtual', 'enable_deferred')&#10;            ORDER BY column_name&#10;        ]&#10;(Background on this error at: https://sqlalche.me/e/20/e3q8)">E   sqlite3.OperationalError: no such table: information_schema.columns

The above exception was the direct cause of the following exception:
E   sqlalchemy.exc.OperationalError: (sqlite3.OperationalError) no such table: information_schema.columns
    [SQL: 
                SELECT column_name, data_type 
                FROM information_schema.columns 
                WHERE table_name = 'cash_registers' 
                AND column_name IN ('workflow_options', 'enable_virtual', 'enable_deferred')
                ORDER BY column_name
            ]
    (Background on this error at: https://sqlalche.me/e/20/e3q8)</failure></testcase><testcase classname="tests.test_b49_p1_workflow_options.TestCashRegisterWorkflowOptions" name="test_create_register_with_workflow_options" time="0.007" /><testcase classname="tests.test_b49_p1_workflow_options.TestCashRegisterWorkflowOptions" name="test_update_register_workflow_options" time="0.010" /><testcase classname="tests.test_b49_p1_workflow_options.TestCashRegisterWorkflowOptions" name="test_register_default_values" time="0.008" /><testcase classname="tests.test_b49_p1_workflow_options.TestCashSessionRegisterOptions" name="test_session_includes_register_options" time="0.314" /><testcase classname="tests.test_b49_p1_workflow_options.TestCashSessionRegisterOptions" name="test_session_without_register_has_no_options" time="0.307"><failure message="AssertionError: assert {'features': {}} is None">E   AssertionError: assert {'features': {}} is None</failure></testcase><testcase classname="tests.test_b49_p1_workflow_options.TestCashRegisterAPIEndpoints" name="test_get_register_includes_workflow_options" time="0.304"><failure message="assert 404 == 200&#10; +  where 404 = &lt;Response [404 Not Found]&gt;.status_code">E   assert 404 == 200
     +  where 404 = &lt;Response [404 Not Found]&gt;.status_code</failure></testcase><testcase classname="tests.test_b49_p1_workflow_options.TestCashRegisterAPIEndpoints" name="test_create_register_via_api" time="0.303"><failure message="assert 404 == 201&#10; +  where 404 = &lt;Response [404 Not Found]&gt;.status_code">E   assert 404 == 201
     +  where 404 = &lt;Response [404 Not Found]&gt;.status_code</failure></testcase><testcase classname="tests.test_b49_p1_workflow_options.TestCashSessionAPIEndpoints" name="test_get_session_includes_register_options" time="0.334"><failure message="assert 404 == 200&#10; +  where 404 = &lt;Response [404 Not Found]&gt;.status_code">E   assert 404 == 200
     +  where 404 = &lt;Response [404 Not Found]&gt;.status_code</failure></testcase><testcase classname="tests.test_b49_p1_workflow_options.TestCashSessionAPIEndpoints" name="test_validate_no_item_pricing_structure" time="0.005" /><testcase classname="tests.test_b49_p2_no_item_pricing.TestNoItemPricingMode" name="test_create_sale_with_total_override" time="0.353" /><testcase classname="tests.test_b49_p2_no_item_pricing.TestNoItemPricingMode" name="test_create_sale_with_items_at_zero_euro" time="0.336" /><testcase classname="tests.test_b49_p2_no_item_pricing.TestNoItemPricingMode" name="test_create_sale_with_mixed_items" time="0.348" /><testcase classname="tests.test_b49_p2_no_item_pricing.TestNoItemPricingMode" name="test_create_sale_total_less_than_subtotal_fails" time="0.324" /><testcase classname="tests.test_b49_p2_no_item_pricing.TestNoItemPricingMode" name="test_create_sale_total_equal_to_subtotal_succeeds" time="0.328" /><testcase classname="tests.test_b49_p2_no_item_pricing.TestStandardWorkflowRegression" name="test_standard_workflow_unchanged" time="0.333" /><testcase classname="tests.test_b49_p2_no_item_pricing.TestStandardWorkflowRegression" name="test_standard_workflow_total_override_still_works" time="0.334" /><testcase classname="tests.test_b49_p2_no_item_pricing.TestStandardWorkflowRegression" name="test_standard_workflow_total_less_than_subtotal_fails" time="0.316" /><testcase classname="tests.test_b49_p3_virtual_deferred_inheritance.TestCashRegisterStatusEndpoint" name="test_status_endpoint_includes_flags" time="0.596" /><testcase classname="tests.test_b49_p3_virtual_deferred_inheritance.TestCashRegisterStatusEndpoint" name="test_status_endpoint_filters_by_flags" time="0.604" /><testcase classname="tests.test_b49_p3_virtual_deferred_inheritance.TestSessionOptionsInheritance" name="test_session_inherits_options_from_register" time="0.302" /><testcase classname="tests.test_b49_p3_virtual_deferred_inheritance.TestSessionOptionsInheritance" name="test_session_without_register_has_no_options" time="0.298" /><testcase classname="tests.test_b49_p3_virtual_deferred_inheritance.TestBackwardCompatibility" name="test_register_without_flags_works_normally" time="0.302" /><testcase classname="tests.test_b49_p3_virtual_deferred_inheritance.TestBackwardCompatibility" name="test_register_default_values_are_false" time="0.006" /><testcase classname="tests.test_b49_p3_virtual_deferred_inheritance.TestBackwardCompatibility" name="test_session_works_without_register_options" time="0.299" /><testcase classname="tests.test_b49_p3_virtual_deferred_inheritance.TestAPIEndpointsIntegration" name="test_get_register_status_includes_flags" time="0.593" /><testcase classname="tests.test_b49_p3_virtual_deferred_inheritance.TestAPIEndpointsIntegration" name="test_create_register_with_flags" time="0.593" /><testcase classname="tests.test_b49_p3_virtual_deferred_inheritance.TestAPIEndpointsIntegration" name="test_update_register_flags" time="0.608" /><testcase classname="tests.test_b49_p4_cash_register_options.TestCashRegisterOptionsAPI" name="test_create_register_with_workflow_options" time="0.300"><failure message="assert 404 == 201&#10; +  where 404 = &lt;Response [404 Not Found]&gt;.status_code">E   assert 404 == 201
     +  where 404 = &lt;Response [404 Not Found]&gt;.status_code</failure></testcase><testcase classname="tests.test_b49_p4_cash_register_options.TestCashRegisterOptionsAPI" name="test_update_register_with_workflow_options" time="0.304"><failure message="assert 404 == 200&#10; +  where 404 = &lt;Response [404 Not Found]&gt;.status_code">E   assert 404 == 200
     +  where 404 = &lt;Response [404 Not Found]&gt;.status_code</failure></testcase><testcase classname="tests.test_b49_p4_cash_register_options.TestCashRegisterOptionsAPI" name="test_validate_workflow_options_schema" time="0.296"><failure message="assert 404 == 201&#10; +  where 404 = &lt;Response [404 Not Found]&gt;.status_code">E   assert 404 == 201
     +  where 404 = &lt;Response [404 Not Found]&gt;.status_code</failure></testcase><testcase classname="tests.test_b49_p4_cash_register_options.TestCashRegisterOptionsAPI" name="test_validate_workflow_options_error_invalid_structure" time="0.299"><failure message="assert 404 in [400, 422]&#10; +  where 404 = &lt;Response [404 Not Found]&gt;.status_code">E   assert 404 in [400, 422]
     +  where 404 = &lt;Response [404 Not Found]&gt;.status_code</failure></testcase><testcase classname="tests.test_b49_p4_cash_register_options.TestCashRegisterOptionsAPI" name="test_validate_workflow_options_error_missing_enabled" time="0.302"><failure message="assert 404 in [200, 201, 400, 422]&#10; +  where 404 = &lt;Response [404 Not Found]&gt;.status_code">E   assert 404 in [200, 201, 400, 422]
     +  where 404 = &lt;Response [404 Not Found]&gt;.status_code</failure></testcase><testcase classname="tests.test_b49_p4_cash_register_options.TestCashRegisterOptionsAPI" name="test_propagation_options_in_cash_session_response" time="0.310"><failure message="assert 404 == 200&#10; +  where 404 = &lt;Response [404 Not Found]&gt;.status_code">E   assert 404 == 200
     +  where 404 = &lt;Response [404 Not Found]&gt;.status_code</failure></testcase><testcase classname="tests.test_b49_p4_cash_register_options.TestCashRegisterOptionsAPI" name="test_propagation_options_in_current_session" time="0.306"><failure message="assert 404 == 200&#10; +  where 404 = &lt;Response [404 Not Found]&gt;.status_code">E   assert 404 == 200
     +  where 404 = &lt;Response [404 Not Found]&gt;.status_code</failure></testcase><testcase classname="tests.test_b50_p4_permissions.TestB50P4Permissions" name="test_virtual_permission_exists" time="0.008" /><testcase classname="tests.test_b50_p4_permissions.TestB50P4Permissions" name="test_deferred_permission_exists" time="0.006" /><testcase classname="tests.test_b50_p4_permissions.TestB50P4Permissions" name="test_group_can_have_virtual_permission" time="0.011" /><testcase classname="tests.test_b50_p4_permissions.TestB50P4Permissions" name="test_group_can_have_deferred_permission" time="0.007" /><testcase classname="tests.test_b50_p4_permissions.TestB50P4Permissions" name="test_user_with_virtual_permission_has_access" time="0.312" /><testcase classname="tests.test_b50_p4_permissions.TestB50P4Permissions" name="test_user_with_deferred_permission_has_access" time="0.298" /><testcase classname="tests.test_b52_p1_payments.TestPaymentTransactionModel" name="test_create_payment_transaction" time="0.009" /><testcase classname="tests.test_b52_p1_payments.TestPaymentTransactionModel" name="test_payment_transaction_relationship" time="0.007" /><testcase classname="tests.test_b52_p1_payments.TestPaymentTransactionModel" name="test_payment_transaction_cascade_delete" time="0.010" /><testcase classname="tests.test_b52_p1_payments.TestMultiplePaymentsValidation" name="test_sum_payments_equals_total" time="0.005" /><testcase classname="tests.test_b52_p1_payments.TestMultiplePaymentsValidation" name="test_sum_payments_greater_than_total" time="0.005" /><testcase classname="tests.test_b52_p1_payments.TestMultiplePaymentsValidation" name="test_multiple_payment_methods" time="0.006" /><testcase classname="tests.test_b52_p1_payments.TestMultiplePaymentsValidation" name="test_payment_with_donation" time="0.005" /><testcase classname="tests.test_b52_p1_payments.TestBackwardCompatibility" name="test_sale_without_payments" time="0.005" /><testcase classname="tests.test_b52_p2_edit_weight" name="test_update_sale_item_weight_admin_success" time="0.290"><failure message="sqlalchemy.exc.IntegrityError: (sqlite3.IntegrityError) NOT NULL constraint failed: sales.cash_session_id&#10;[SQL: INSERT INTO sales (id, cash_session_id, operator_id, total_amount, donation, payment_method, note, sale_date, lifecycle_status, special_encaissement_kind, social_action_kind, adherent_reference, created_at) VALUES (?, ?, ?, ?, ?, ?, ?, ?, ?, ?, ?, ?, ?) RETURNING updated_at]&#10;[parameters: ('5eaa0a6d77a346f2b5d7965298641455', None, None, 10.0, 0.0, 'CASH', None, None, 'completed', None, None, None, '2026-04-09 18:36:46.721629')]&#10;(Background on this error at: https://sqlalche.me/e/20/gkpj)">E   sqlite3.IntegrityError: NOT NULL constraint failed: sales.cash_session_id

The above exception was the direct cause of the following exception:
E   sqlalchemy.exc.IntegrityError: (sqlite3.IntegrityError) NOT NULL constraint failed: sales.cash_session_id
    [SQL: INSERT INTO sales (id, cash_session_id, operator_id, total_amount, donation, payment_method, note, sale_date, lifecycle_status, special_encaissement_kind, social_action_kind, adherent_reference, created_at) VALUES (?, ?, ?, ?, ?, ?, ?, ?, ?, ?, ?, ?, ?) RETURNING updated_at]
    [parameters: ('5eaa0a6d77a346f2b5d7965298641455', None, None, 10.0, 0.0, 'CASH', None, None, 'completed', None, None, None, '2026-04-09 18:36:46.721629')]
    (Background on this error at: https://sqlalche.me/e/20/gkpj)</failure></testcase><testcase classname="tests.test_b52_p2_edit_weight" name="test_update_reception_ligne_weight_closed_ticket_admin_success" time="0.305"><failure message="assert 404 == 200&#10; +  where 404 = &lt;Response [404 Not Found]&gt;.status_code">E   assert 404 == 200
     +  where 404 = &lt;Response [404 Not Found]&gt;.status_code</failure></testcase><testcase classname="tests.test_b52_p2_edit_weight" name="test_update_sale_item_weight_forbidden_for_non_admin" time="0.070"><failure message="sqlalchemy.exc.IntegrityError: (sqlite3.IntegrityError) NOT NULL constraint failed: sales.cash_session_id&#10;[SQL: INSERT INTO sales (id, cash_session_id, operator_id, total_amount, donation, payment_method, note, sale_date, lifecycle_status, special_encaissement_kind, social_action_kind, adherent_reference, created_at) VALUES (?, ?, ?, ?, ?, ?, ?, ?, ?, ?, ?, ?, ?) RETURNING updated_at]&#10;[parameters: ('af6b8008bd53401981f21173cf6cd968', None, None, 10.0, 0.0, 'CASH', None, None, 'completed', None, None, None, '2026-04-09 18:36:47.103374')]&#10;(Background on this error at: https://sqlalche.me/e/20/gkpj)">E   sqlite3.IntegrityError: NOT NULL constraint failed: sales.cash_session_id

The above exception was the direct cause of the following exception:
E   sqlalchemy.exc.IntegrityError: (sqlite3.IntegrityError) NOT NULL constraint failed: sales.cash_session_id
    [SQL: INSERT INTO sales (id, cash_session_id, operator_id, total_amount, donation, payment_method, note, sale_date, lifecycle_status, special_encaissement_kind, social_action_kind, adherent_reference, created_at) VALUES (?, ?, ?, ?, ?, ?, ?, ?, ?, ?, ?, ?, ?) RETURNING updated_at]
    [parameters: ('af6b8008bd53401981f21173cf6cd968', None, None, 10.0, 0.0, 'CASH', None, None, 'completed', None, None, None, '2026-04-09 18:36:47.103374')]
    (Background on this error at: https://sqlalche.me/e/20/gkpj)</failure></testcase><testcase classname="tests.test_b52_p2_edit_weight" name="test_update_reception_ligne_weight_forbidden_for_non_admin" time="0.080"><failure message="assert 404 == 403&#10; +  where 404 = &lt;Response [404 Not Found]&gt;.status_code">E   assert 404 == 403
     +  where 404 = &lt;Response [404 Not Found]&gt;.status_code</failure></testcase><testcase classname="tests.test_b52_p2_edit_weight" name="test_statistics_recalculation_performance" time="0.003"><failure message="sqlalchemy.exc.IntegrityError: (sqlite3.IntegrityError) NOT NULL constraint failed: sales.cash_session_id&#10;[SQL: INSERT INTO sales (id, cash_session_id, operator_id, total_amount, donation, payment_method, note, sale_date, lifecycle_status, special_encaissement_kind, social_action_kind, adherent_reference, created_at) VALUES (?, ?, ?, ?, ?, ?, ?, ?, ?, ?, ?, ?, ?) RETURNING updated_at]&#10;[parameters: ('7d7a38ae0b1142f082795ee778bed210', None, None, 10.0, 0.0, 'CASH', None, None, 'completed', None, None, None, '2026-04-09 18:36:47.193655')]&#10;(Background on this error at: https://sqlalche.me/e/20/gkpj)">E   sqlite3.IntegrityError: NOT NULL constraint failed: sales.cash_session_id

The above exception was the direct cause of the following exception:
E   sqlalchemy.exc.IntegrityError: (sqlite3.IntegrityError) NOT NULL constraint failed: sales.cash_session_id
    [SQL: INSERT INTO sales (id, cash_session_id, operator_id, total_amount, donation, payment_method, note, sale_date, lifecycle_status, special_encaissement_kind, social_action_kind, adherent_reference, created_at) VALUES (?, ?, ?, ?, ?, ?, ?, ?, ?, ?, ?, ?, ?) RETURNING updated_at]
    [parameters: ('7d7a38ae0b1142f082795ee778bed210', None, None, 10.0, 0.0, 'CASH', None, None, 'completed', None, None, None, '2026-04-09 18:36:47.193655')]
    (Background on this error at: https://sqlalche.me/e/20/gkpj)</failure></testcase><testcase classname="tests.test_b52_p3_sale_date.TestSaleDateNormalSession" name="test_create_sale_in_normal_session_sale_date_equals_created_at" time="0.317"><failure message="assert 404 == 201&#10; +  where 404 = &lt;Response [404 Not Found]&gt;.status_code">E   assert 404 == 201
     +  where 404 = &lt;Response [404 Not Found]&gt;.status_code</failure></testcase><testcase classname="tests.test_b52_p3_sale_date.TestSaleDateDeferredSession" name="test_create_sale_in_deferred_session_sale_date_equals_opened_at" time="0.308"><failure message="assert 404 == 201&#10; +  where 404 = &lt;Response [404 Not Found]&gt;.status_code">E   assert 404 == 201
     +  where 404 = &lt;Response [404 Not Found]&gt;.status_code</failure></testcase><testcase classname="tests.test_b52_p3_sale_date.TestSaleDateMigration" name="test_existing_sales_have_sale_date_after_migration" time="0.302" /><testcase classname="tests.test_b52_p3_sale_date.TestSaleDateInResponse" name="test_sale_date_in_sale_response" time="0.326"><failure message="assert 404 == 201&#10; +  where 404 = &lt;Response [404 Not Found]&gt;.status_code">E   assert 404 == 201
     +  where 404 = &lt;Response [404 Not Found]&gt;.status_code</failure></testcase><testcase classname="tests.test_b52_p4_update_sale_item.TestUpdateSaleItem" name="test_update_sale_item_preset_success" time="0.001"><skipped type="pytest.skip" message="Schéma complet (sites, ventes, categories, preset_buttons) requis — exécuter avec TEST_DATABASE_URL PostgreSQL.">D:\users\Strophe\Documents\1-IA\La Clique Qui Recycle\JARVOS_recyclique\recyclique-1.4.4\api\tests\test_b52_p4_update_sale_item.py:138: Schéma complet (sites, ventes, categories, preset_buttons) requis — exécuter avec TEST_DATABASE_URL PostgreSQL.</skipped></testcase><testcase classname="tests.test_b52_p4_update_sale_item.TestUpdateSaleItem" name="test_update_sale_item_price_admin_success" time="0.001"><skipped type="pytest.skip" message="Schéma complet (sites, ventes, categories, preset_buttons) requis — exécuter avec TEST_DATABASE_URL PostgreSQL.">D:\users\Strophe\Documents\1-IA\La Clique Qui Recycle\JARVOS_recyclique\recyclique-1.4.4\api\tests\test_b52_p4_update_sale_item.py:176: Schéma complet (sites, ventes, categories, preset_buttons) requis — exécuter avec TEST_DATABASE_URL PostgreSQL.</skipped></testcase><testcase classname="tests.test_b52_p4_update_sale_item.TestUpdateSaleItem" name="test_update_sale_item_price_user_forbidden" time="0.001"><skipped type="pytest.skip" message="Schéma complet (sites, ventes, categories, preset_buttons) requis — exécuter avec TEST_DATABASE_URL PostgreSQL.">D:\users\Strophe\Documents\1-IA\La Clique Qui Recycle\JARVOS_recyclique\recyclique-1.4.4\api\tests\test_b52_p4_update_sale_item.py:205: Schéma complet (sites, ventes, categories, preset_buttons) requis — exécuter avec TEST_DATABASE_URL PostgreSQL.</skipped></testcase><testcase classname="tests.test_b52_p4_update_sale_item.TestUpdateSaleItem" name="test_update_sale_item_quantity_success" time="0.001"><skipped type="pytest.skip" message="Schéma complet (sites, ventes, categories, preset_buttons) requis — exécuter avec TEST_DATABASE_URL PostgreSQL.">D:\users\Strophe\Documents\1-IA\La Clique Qui Recycle\JARVOS_recyclique\recyclique-1.4.4\api\tests\test_b52_p4_update_sale_item.py:230: Schéma complet (sites, ventes, categories, preset_buttons) requis — exécuter avec TEST_DATABASE_URL PostgreSQL.</skipped></testcase><testcase classname="tests.test_b52_p4_update_sale_item.TestUpdateSaleItem" name="test_update_sale_item_weight_success" time="0.000"><skipped type="pytest.skip" message="Schéma complet (sites, ventes, categories, preset_buttons) requis — exécuter avec TEST_DATABASE_URL PostgreSQL.">D:\users\Strophe\Documents\1-IA\La Clique Qui Recycle\JARVOS_recyclique\recyclique-1.4.4\api\tests\test_b52_p4_update_sale_item.py:257: Schéma complet (sites, ventes, categories, preset_buttons) requis — exécuter avec TEST_DATABASE_URL PostgreSQL.</skipped></testcase><testcase classname="tests.test_b52_p4_update_sale_item.TestUpdateSaleItem" name="test_update_sale_item_notes_success" time="0.001"><skipped type="pytest.skip" message="Schéma complet (sites, ventes, categories, preset_buttons) requis — exécuter avec TEST_DATABASE_URL PostgreSQL.">D:\users\Strophe\Documents\1-IA\La Clique Qui Recycle\JARVOS_recyclique\recyclique-1.4.4\api\tests\test_b52_p4_update_sale_item.py:284: Schéma complet (sites, ventes, categories, preset_buttons) requis — exécuter avec TEST_DATABASE_URL PostgreSQL.</skipped></testcase><testcase classname="tests.test_b52_p4_update_sale_item.TestUpdateSaleItem" name="test_update_sale_item_price_negative_forbidden" time="0.001"><skipped type="pytest.skip" message="Schéma complet (sites, ventes, categories, preset_buttons) requis — exécuter avec TEST_DATABASE_URL PostgreSQL.">D:\users\Strophe\Documents\1-IA\La Clique Qui Recycle\JARVOS_recyclique\recyclique-1.4.4\api\tests\test_b52_p4_update_sale_item.py:311: Schéma complet (sites, ventes, categories, preset_buttons) requis — exécuter avec TEST_DATABASE_URL PostgreSQL.</skipped></testcase><testcase classname="tests.test_b52_p4_update_sale_item.TestUpdateSaleItem" name="test_update_sale_item_not_found" time="0.001"><skipped type="pytest.skip" message="Schéma complet (sites, ventes, categories, preset_buttons) requis — exécuter avec TEST_DATABASE_URL PostgreSQL.">D:\users\Strophe\Documents\1-IA\La Clique Qui Recycle\JARVOS_recyclique\recyclique-1.4.4\api\tests\test_b52_p4_update_sale_item.py:337: Schéma complet (sites, ventes, categories, preset_buttons) requis — exécuter avec TEST_DATABASE_URL PostgreSQL.</skipped></testcase><testcase classname="tests.test_b52_p4_update_sale_item.TestUpdateSaleItem" name="test_update_sale_item_unauthorized" time="0.000"><skipped type="pytest.skip" message="Schéma complet (sites, ventes, categories, preset_buttons) requis — exécuter avec TEST_DATABASE_URL PostgreSQL.">D:\users\Strophe\Documents\1-IA\La Clique Qui Recycle\JARVOS_recyclique\recyclique-1.4.4\api\tests\test_b52_p4_update_sale_item.py:354: Schéma complet (sites, ventes, categories, preset_buttons) requis — exécuter avec TEST_DATABASE_URL PostgreSQL.</skipped></testcase><testcase classname="tests.test_b52_p4_update_sale_item.TestUpdateSaleItem" name="test_update_sale_item_invalid_sale_id_format" time="0.000"><skipped type="pytest.skip" message="Schéma complet (sites, ventes, categories, preset_buttons) requis — exécuter avec TEST_DATABASE_URL PostgreSQL.">D:\users\Strophe\Documents\1-IA\La Clique Qui Recycle\JARVOS_recyclique\recyclique-1.4.4\api\tests\test_b52_p4_update_sale_item.py:377: Schéma complet (sites, ventes, categories, preset_buttons) requis — exécuter avec TEST_DATABASE_URL PostgreSQL.</skipped></testcase><testcase classname="tests.test_b52_p4_update_sale_item.TestUpdateSaleItem" name="test_update_sale_item_invalid_item_id_format" time="0.000"><skipped type="pytest.skip" message="Schéma complet (sites, ventes, categories, preset_buttons) requis — exécuter avec TEST_DATABASE_URL PostgreSQL.">D:\users\Strophe\Documents\1-IA\La Clique Qui Recycle\JARVOS_recyclique\recyclique-1.4.4\api\tests\test_b52_p4_update_sale_item.py:406: Schéma complet (sites, ventes, categories, preset_buttons) requis — exécuter avec TEST_DATABASE_URL PostgreSQL.</skipped></testcase><testcase classname="tests.test_b52_p4_update_sale_item.TestUpdateSaleItem" name="test_update_sale_item_user_not_found" time="0.001"><skipped type="pytest.skip" message="Schéma complet (sites, ventes, categories, preset_buttons) requis — exécuter avec TEST_DATABASE_URL PostgreSQL.">D:\users\Strophe\Documents\1-IA\La Clique Qui Recycle\JARVOS_recyclique\recyclique-1.4.4\api\tests\test_b52_p4_update_sale_item.py:435: Schéma complet (sites, ventes, categories, preset_buttons) requis — exécuter avec TEST_DATABASE_URL PostgreSQL.</skipped></testcase><testcase classname="tests.test_b52_p4_update_sale_item.TestUpdateSaleItem" name="test_patch_sale_item_weight_admin_success_arch03" time="0.001"><skipped type="pytest.skip" message="Schéma complet (sites, ventes, categories, preset_buttons) requis — exécuter avec TEST_DATABASE_URL PostgreSQL.">D:\users\Strophe\Documents\1-IA\La Clique Qui Recycle\JARVOS_recyclique\recyclique-1.4.4\api\tests\test_b52_p4_update_sale_item.py:466: Schéma complet (sites, ventes, categories, preset_buttons) requis — exécuter avec TEST_DATABASE_URL PostgreSQL.</skipped></testcase><testcase classname="tests.test_b52_p4_update_sale_item.TestUpdateSaleItem" name="test_patch_sale_item_weight_invalid_sale_id_format_arch03" time="0.001"><skipped type="pytest.skip" message="Schéma complet (sites, ventes, categories, preset_buttons) requis — exécuter avec TEST_DATABASE_URL PostgreSQL.">D:\users\Strophe\Documents\1-IA\La Clique Qui Recycle\JARVOS_recyclique\recyclique-1.4.4\api\tests\test_b52_p4_update_sale_item.py:501: Schéma complet (sites, ventes, categories, preset_buttons) requis — exécuter avec TEST_DATABASE_URL PostgreSQL.</skipped></testcase><testcase classname="tests.test_b52_p6_session_weights" name="test_cash_session_detail_includes_weight_fields" time="0.608"><failure message="assert 404 == 200&#10; +  where 404 = &lt;Response [404 Not Found]&gt;.status_code">E   assert 404 == 200
     +  where 404 = &lt;Response [404 Not Found]&gt;.status_code</failure></testcase><testcase classname="tests.test_basic" name="test_basic" time="0.002" /><testcase classname="tests.test_basic" name="test_string" time="0.002" /><testcase classname="tests.test_bulk_cash_sessions_excel_tickets.TestBulkCashSessionsExcelTicketsTab" name="test_tickets_tab_exists" time="0.306"><error message="failed on setup with &quot;TypeError: 'number_of_sales' is an invalid keyword argument for CashSession&quot;">E   TypeError: 'number_of_sales' is an invalid keyword argument for CashSession</error></testcase><testcase classname="tests.test_bulk_cash_sessions_excel_tickets.TestBulkCashSessionsExcelTicketsTab" name="test_tickets_tab_headers" time="0.306"><error message="failed on setup with &quot;TypeError: 'number_of_sales' is an invalid keyword argument for CashSession&quot;">E   TypeError: 'number_of_sales' is an invalid keyword argument for CashSession</error></testcase><testcase classname="tests.test_bulk_cash_sessions_excel_tickets.TestBulkCashSessionsExcelTicketsTab" name="test_tickets_tab_one_line_per_item" time="0.302"><error message="failed on setup with &quot;TypeError: 'number_of_sales' is an invalid keyword argument for CashSession&quot;">E   TypeError: 'number_of_sales' is an invalid keyword argument for CashSession</error></testcase><testcase classname="tests.test_bulk_cash_sessions_excel_tickets.TestBulkCashSessionsExcelTicketsTab" name="test_tickets_tab_main_categories_only" time="0.299"><error message="failed on setup with &quot;TypeError: 'number_of_sales' is an invalid keyword argument for CashSession&quot;">E   TypeError: 'number_of_sales' is an invalid keyword argument for CashSession</error></testcase><testcase classname="tests.test_bulk_cash_sessions_excel_tickets.TestBulkCashSessionsExcelTicketsTab" name="test_tickets_tab_subcategory_aggregation" time="0.299"><error message="failed on setup with &quot;TypeError: 'number_of_sales' is an invalid keyword argument for CashSession&quot;">E   TypeError: 'number_of_sales' is an invalid keyword argument for CashSession</error></testcase><testcase classname="tests.test_bulk_cash_sessions_excel_tickets.TestBulkCashSessionsExcelTicketsTab" name="test_tickets_tab_formatting" time="0.297"><error message="failed on setup with &quot;TypeError: 'number_of_sales' is an invalid keyword argument for CashSession&quot;">E   TypeError: 'number_of_sales' is an invalid keyword argument for CashSession</error></testcase><testcase classname="tests.test_bulk_cash_sessions_excel_tickets.TestBulkCashSessionsExcelTicketsTab" name="test_tickets_tab_empty_sessions" time="0.292"><failure message="TypeError: 'number_of_sales' is an invalid keyword argument for CashSession">E   TypeError: 'number_of_sales' is an invalid keyword argument for CashSession</failure></testcase><testcase classname="tests.test_bulk_export_cash_sessions.TestBulkExportCashSessionsCSV" name="test_export_csv_bulk_success" time="0.626" /><testcase classname="tests.test_bulk_export_cash_sessions.TestBulkExportCashSessionsCSV" name="test_export_csv_bulk_with_filters" time="0.667" /><testcase classname="tests.test_bulk_export_cash_sessions.TestBulkExportCashSessionsCSV" name="test_export_csv_bulk_unauthorized" time="0.624" /><testcase classname="tests.test_bulk_export_cash_sessions.TestBulkExportCashSessionsCSV" name="test_export_csv_bulk_respects_filters" time="0.612" /><testcase classname="tests.test_bulk_export_cash_sessions.TestBulkExportCashSessionsExcel" name="test_export_excel_bulk_success" time="0.673" /><testcase classname="tests.test_bulk_export_cash_sessions.TestBulkExportCashSessionsExcel" name="test_export_excel_bulk_with_filters" time="0.648" /><testcase classname="tests.test_bulk_export_cash_sessions.TestBulkExportCashSessionsExcel" name="test_export_excel_formatting_styles" time="0.663" /><testcase classname="tests.test_bulk_export_cash_sessions.TestBulkExportCashSessionsExcel" name="test_export_excel_performance_1000_sessions" time="1.919" /><testcase classname="tests.test_bulk_export_cash_sessions.TestBulkExportCashSessionsValidation" name="test_export_bulk_invalid_format" time="0.319" /><testcase classname="tests.test_bulk_export_cash_sessions.TestBulkExportCashSessionsValidation" name="test_export_bulk_date_range_validation" time="0.321" /><testcase classname="tests.test_bulk_export_cash_sessions.TestBulkExportCashSessionsValidation" name="test_export_bulk_empty_result" time="0.317" /><testcase classname="tests.test_bulk_export_reception_tickets.TestBulkExportReceptionTicketsCSV" name="test_export_csv_bulk_success" time="0.618" /><testcase classname="tests.test_bulk_export_reception_tickets.TestBulkExportReceptionTicketsCSV" name="test_export_csv_bulk_with_filters" time="0.618" /><testcase classname="tests.test_bulk_export_reception_tickets.TestBulkExportReceptionTicketsCSV" name="test_export_csv_bulk_unauthorized" time="0.595" /><testcase classname="tests.test_bulk_export_reception_tickets.TestBulkExportReceptionTicketsCSV" name="test_export_csv_bulk_respects_filters" time="0.623" /><testcase classname="tests.test_bulk_export_reception_tickets.TestBulkExportReceptionTicketsExcel" name="test_export_excel_bulk_success" time="0.660" /><testcase classname="tests.test_bulk_export_reception_tickets.TestBulkExportReceptionTicketsExcel" name="test_export_excel_bulk_with_filters" time="0.644" /><testcase classname="tests.test_bulk_export_reception_tickets.TestBulkExportReceptionTicketsExcel" name="test_export_excel_formatting_styles" time="0.641" /><testcase classname="tests.test_bulk_export_reception_tickets.TestBulkExportReceptionTicketsExcel" name="test_export_excel_performance_1000_tickets" time="2.014" /><testcase classname="tests.test_bulk_export_reception_tickets.TestBulkExportReceptionTicketsValidation" name="test_export_bulk_invalid_format" time="0.304" /><testcase classname="tests.test_bulk_export_reception_tickets.TestBulkExportReceptionTicketsValidation" name="test_export_bulk_empty_result" time="0.308" /><testcase classname="tests.test_bulk_export_reception_tickets.TestBulkExportReceptionTicketsValidation" name="test_export_bulk_reception_400_date_format_frontend" time="0.603" /><testcase classname="tests.test_bulk_export_reception_tickets.TestBulkExportReceptionTicketsValidation" name="test_export_bulk_reception_with_undefined_dates" time="0.608" /><testcase classname="tests.test_bulk_export_reception_tickets.TestBulkExportReceptionTicketsValidation" name="test_export_bulk_reception_with_date_only_format" time="0.616" /><testcase classname="tests.test_bulk_export_reception_tickets.TestBulkExportReceptionTicketsValidation" name="test_export_bulk_reception_with_isoformat_no_z" time="0.608" /><testcase classname="tests.test_bulk_export_reception_tickets.TestCalculateTicketTotalsSignature" name="test_calculate_ticket_totals_signature" time="0.294" /><testcase classname="tests.test_bulk_export_reception_tickets.TestCalculateTicketTotalsSignature" name="test_calculate_ticket_totals_empty_ticket" time="0.303" /><testcase classname="tests.test_cash_register_arch03" name="test_get_required_raises_not_found_when_missing" time="0.003" /><testcase classname="tests.test_cash_register_arch03" name="test_delete_raises_conflict_when_cash_sessions_exist" time="0.004" /><testcase classname="tests.test_cash_register_arch03" name="test_delete_proceeds_when_no_sessions" time="0.005" /><testcase classname="tests.test_cash_register_arch03" name="test_get_cash_register_http_maps_not_found" time="0.313" /><testcase classname="tests.test_cash_register_arch03" name="test_update_cash_register_http_maps_not_found" time="0.305" /><testcase classname="tests.test_cash_register_arch03" name="test_delete_cash_register_http_maps_conflict" time="0.306" /><testcase classname="tests.test_cash_registers_endpoint.TestCashRegistersEndpoint" name="test_get_cash_registers_success" time="0.313" /><testcase classname="tests.test_cash_registers_endpoint.TestCashRegistersEndpoint" name="test_get_cash_registers_filters" time="0.327" /><testcase classname="tests.test_cash_registers_endpoint.TestCashRegistersEndpoint" name="test_get_cash_registers_authentication" time="0.309" /><testcase classname="tests.test_cash_registers_endpoint.TestCashRegistersEndpoint" name="test_create_cash_register_success" time="0.314" /><testcase classname="tests.test_cash_registers_endpoint.TestCashRegistersEndpoint" name="test_update_cash_register_success" time="0.309" /><testcase classname="tests.test_cash_registers_endpoint.TestCashRegistersEndpoint" name="test_delete_cash_register_success" time="0.321" /><testcase classname="tests.test_cash_registers_endpoint.TestCashRegistersEndpoint" name="test_get_cash_register_by_id_success" time="0.310" /><testcase classname="tests.test_cash_registers_endpoint.TestCashRegistersEndpoint" name="test_get_cash_register_not_found" time="0.302" /><testcase classname="tests.test_cash_registers_endpoint.TestCashRegistersEndpoint" name="test_create_cash_register_with_empty_site_id_fails" time="0.299" /><testcase classname="tests.test_cash_registers_endpoint.TestCashRegistersEndpoint" name="test_create_cash_register_with_whitespace_site_id_fails" time="0.303" /><testcase classname="tests.test_cash_registers_endpoint.TestCashRegistersEndpoint" name="test_delete_cash_register_with_sessions_fails_409" time="0.590" /><testcase classname="tests.test_cash_registers_endpoint.TestCashRegistersEndpoint" name="test_delete_site_with_cash_registers_fails_409" time="0.311" /><testcase classname="tests.test_cash_session_close.TestCashSessionClose" name="test_close_session_without_variance" time="0.000"><skipped type="pytest.skip" message="Les tests de fermeture de cash session nécessitent PostgreSQL (site/session/report réels).">D:\users\Strophe\Documents\1-IA\La Clique Qui Recycle\JARVOS_recyclique\recyclique\api\tests\test_cash_session_close.py:127: Les tests de fermeture de cash session nécessitent PostgreSQL (site/session/report réels).</skipped></testcase><testcase classname="tests.test_cash_session_close.TestCashSessionClose" name="test_close_session_with_variance_and_comment" time="0.000"><skipped type="pytest.skip" message="Les tests de fermeture de cash session nécessitent PostgreSQL (site/session/report réels).">D:\users\Strophe\Documents\1-IA\La Clique Qui Recycle\JARVOS_recyclique\recyclique\api\tests\test_cash_session_close.py:164: Les tests de fermeture de cash session nécessitent PostgreSQL (site/session/report réels).</skipped></testcase><testcase classname="tests.test_cash_se
[...]
     +  where 404 = &lt;Response [404 Not Found]&gt;.status_code</failure></testcase><testcase classname="tests.test_transaction_logging_integration.TestTransactionLogEndpoint" name="test_transaction_log_endpoint_logs_ticket_opened" time="0.624"><failure message="assert 404 == 200&#10; +  where 404 = &lt;Response [404 Not Found]&gt;.status_code">E   assert 404 == 200
     +  where 404 = &lt;Response [404 Not Found]&gt;.status_code</failure></testcase><testcase classname="tests.test_transaction_logging_integration.TestTransactionLogEndpoint" name="test_transaction_log_endpoint_logs_ticket_reset" time="0.656"><failure message="assert 404 == 200&#10; +  where 404 = &lt;Response [404 Not Found]&gt;.status_code">E   assert 404 == 200
     +  where 404 = &lt;Response [404 Not Found]&gt;.status_code</failure></testcase><testcase classname="tests.test_transaction_logging_integration.TestTransactionLogEndpoint" name="test_transaction_log_endpoint_logs_anomaly_detected" time="0.635"><failure message="assert 404 == 200&#10; +  where 404 = &lt;Response [404 Not Found]&gt;.status_code">E   assert 404 == 200
     +  where 404 = &lt;Response [404 Not Found]&gt;.status_code</failure></testcase><testcase classname="tests.test_transaction_logs_api.TestTransactionLogsAPI" name="test_get_transaction_logs_requires_admin" time="0.017" /><testcase classname="tests.test_transaction_logs_api.TestTransactionLogsAPI" name="test_get_transaction_logs_success" time="0.336" /><testcase classname="tests.test_transaction_logs_api.TestTransactionLogsAPI" name="test_get_transaction_logs_pagination" time="0.350" /><testcase classname="tests.test_transaction_logs_api.TestTransactionLogsAPI" name="test_get_transaction_logs_filter_by_event_type" time="0.331" /><testcase classname="tests.test_transaction_logs_api.TestTransactionLogsAPI" name="test_get_transaction_logs_filter_by_user_id" time="0.328" /><testcase classname="tests.test_transaction_logs_api.TestTransactionLogsAPI" name="test_get_transaction_logs_filter_by_session_id" time="0.355" /><testcase classname="tests.test_transaction_logs_api.TestTransactionLogsAPI" name="test_get_transaction_logs_filter_by_date_range" time="0.331" /><testcase classname="tests.test_transaction_logs_api.TestTransactionLogsAPI" name="test_get_transaction_logs_combined_filters" time="0.336" /><testcase classname="tests.test_transaction_logs_api.TestTransactionLogsAPI" name="test_get_transaction_logs_empty_result" time="0.333" /><testcase classname="tests.test_unified_live_stats.TestUnifiedLiveStatsService" name="test_get_unified_live_stats_daily_period" time="0.316"><failure message="sqlalchemy.exc.IntegrityError: (sqlite3.IntegrityError) NOT NULL constraint failed: ligne_depot.destination&#10;[SQL: INSERT INTO ligne_depot (id, ticket_id, category_id, poids_kg, destination, notes, is_exit) VALUES (?, ?, ?, ?, ?, ?, ?)]&#10;[parameters: ('dd6047f163734457a8745c7b233dd5a6', '3c711e3076d344c3a8a1d1afec537c0e', '32382854a18f461ca2e9b7ca77a5827e', 10.5, None, None, 0)]&#10;(Background on this error at: https://sqlalche.me/e/20/gkpj)">E   sqlite3.IntegrityError: NOT NULL constraint failed: ligne_depot.destination

The above exception was the direct cause of the following exception:
E   sqlalchemy.exc.IntegrityError: (sqlite3.IntegrityError) NOT NULL constraint failed: ligne_depot.destination
    [SQL: INSERT INTO ligne_depot (id, ticket_id, category_id, poids_kg, destination, notes, is_exit) VALUES (?, ?, ?, ?, ?, ?, ?)]
    [parameters: ('dd6047f163734457a8745c7b233dd5a6', '3c711e3076d344c3a8a1d1afec537c0e', '32382854a18f461ca2e9b7ca77a5827e', 10.5, None, None, 0)]
    (Background on this error at: https://sqlalche.me/e/20/gkpj)</failure></testcase><testcase classname="tests.test_unified_live_stats.TestUnifiedLiveStatsService" name="test_get_unified_live_stats_24h_period" time="0.313"><failure message="sqlalchemy.exc.IntegrityError: (sqlite3.IntegrityError) NOT NULL constraint failed: cash_sessions.site_id&#10;[SQL: INSERT INTO cash_sessions (id, operator_id, site_id, register_id, initial_amount, current_amount, status, opened_at, closed_at, current_step, last_activity, step_start_time, total_sales, total_items, closing_amount, actual_amount, variance, variance_comment) VALUES (?, ?, ?, ?, ?, ?, ?, ?, ?, ?, ?, ?, ?, ?, ?, ?, ?, ?)]&#10;[parameters: ('fe99b5f8d811495b96ce6db7bc04639c', 'ecade6fd683e4af4af8ebc1612047d51', None, None, 100.0, 100.0, 'OPEN', '2026-04-09 06:41:24.127391', None, None, None, None, 0.0, 0, None, None, None, None)]&#10;(Background on this error at: https://sqlalche.me/e/20/gkpj)">E   sqlite3.IntegrityError: NOT NULL constraint failed: cash_sessions.site_id

The above exception was the direct cause of the following exception:
E   sqlalchemy.exc.IntegrityError: (sqlite3.IntegrityError) NOT NULL constraint failed: cash_sessions.site_id
    [SQL: INSERT INTO cash_sessions (id, operator_id, site_id, register_id, initial_amount, current_amount, status, opened_at, closed_at, current_step, last_activity, step_start_time, total_sales, total_items, closing_amount, actual_amount, variance, variance_comment) VALUES (?, ?, ?, ?, ?, ?, ?, ?, ?, ?, ?, ?, ?, ?, ?, ?, ?, ?)]
    [parameters: ('fe99b5f8d811495b96ce6db7bc04639c', 'ecade6fd683e4af4af8ebc1612047d51', None, None, 100.0, 100.0, 'OPEN', '2026-04-09 06:41:24.127391', None, None, None, None, 0.0, 0, None, None, None, None)]
    (Background on this error at: https://sqlalche.me/e/20/gkpj)</failure></testcase><testcase classname="tests.test_unified_live_stats.TestUnifiedLiveStatsService" name="test_calculate_cash_stats" time="0.296"><failure message="sqlalchemy.exc.IntegrityError: (sqlite3.IntegrityError) NOT NULL constraint failed: cash_sessions.site_id&#10;[SQL: INSERT INTO cash_sessions (id, operator_id, site_id, register_id, initial_amount, current_amount, status, opened_at, closed_at, current_step, last_activity, step_start_time, total_sales, total_items, closing_amount, actual_amount, variance, variance_comment) VALUES (?, ?, ?, ?, ?, ?, ?, ?, ?, ?, ?, ?, ?, ?, ?, ?, ?, ?)]&#10;[parameters: ('9abe9730228e4f85b7f82ca2b2ba026f', '1ab3da21c93045cdaad2dc07febb365a', None, None, 100.0, 100.0, 'OPEN', '2026-04-09 01:00:00.000000', None, None, None, None, 0.0, 0, None, None, None, None)]&#10;(Background on this error at: https://sqlalche.me/e/20/gkpj)">E   sqlite3.IntegrityError: NOT NULL constraint failed: cash_sessions.site_id

The above exception was the direct cause of the following exception:
E   sqlalchemy.exc.IntegrityError: (sqlite3.IntegrityError) NOT NULL constraint failed: cash_sessions.site_id
    [SQL: INSERT INTO cash_sessions (id, operator_id, site_id, register_id, initial_amount, current_amount, status, opened_at, closed_at, current_step, last_activity, step_start_time, total_sales, total_items, closing_amount, actual_amount, variance, variance_comment) VALUES (?, ?, ?, ?, ?, ?, ?, ?, ?, ?, ?, ?, ?, ?, ?, ?, ?, ?)]
    [parameters: ('9abe9730228e4f85b7f82ca2b2ba026f', '1ab3da21c93045cdaad2dc07febb365a', None, None, 100.0, 100.0, 'OPEN', '2026-04-09 01:00:00.000000', None, None, None, None, 0.0, 0, None, None, None, None)]
    (Background on this error at: https://sqlalche.me/e/20/gkpj)</failure></testcase><testcase classname="tests.test_unified_live_stats.TestUnifiedLiveStatsEndpoint" name="test_get_unified_live_stats_endpoint_success" time="0.357" /><testcase classname="tests.test_unified_live_stats.TestUnifiedLiveStatsEndpoint" name="test_get_unified_live_stats_endpoint_with_period_type" time="0.391" /><testcase classname="tests.test_unified_live_stats.TestUnifiedLiveStatsEndpoint" name="test_get_unified_live_stats_endpoint_requires_admin" time="0.328" /><testcase classname="tests.test_unified_live_stats.TestUnifiedLiveStatsEndpoint" name="test_unified_stats_coherence_with_old_endpoints" time="0.336" /><testcase classname="tests.test_user_creation" name="test_create_user_success" time="0.347" /><testcase classname="tests.test_user_creation" name="test_create_user_username_already_exists" time="0.028" /><testcase classname="tests.test_user_creation" name="test_create_user_invalid_password_too_short" time="0.018" /><testcase classname="tests.test_user_creation" name="test_create_user_invalid_password_no_uppercase" time="0.017" /><testcase classname="tests.test_user_creation" name="test_create_user_invalid_password_no_lowercase" time="0.016" /><testcase classname="tests.test_user_creation" name="test_create_user_invalid_password_no_digit" time="0.014" /><testcase classname="tests.test_user_creation" name="test_create_user_invalid_password_no_special_char" time="0.015" /><testcase classname="tests.test_user_creation" name="test_create_user_invalid_username_too_short" time="0.016" /><testcase classname="tests.test_user_creation" name="test_create_user_invalid_username_format" time="0.016" /><testcase classname="tests.test_user_creation" name="test_create_user_missing_required_fields" time="0.013" /><testcase classname="tests.test_user_creation" name="test_create_user_optional_fields_omitted" time="0.334" /><testcase classname="tests.test_user_creation" name="test_create_user_with_all_fields" time="0.306"><failure message="sqlalchemy.exc.StatementError: (builtins.AttributeError) 'str' object has no attribute 'hex'&#10;[SQL: INSERT INTO users (id, username, email, hashed_password, hashed_pin, legacy_external_contact_id, first_name, last_name, phone_number, address, notes, skills, availability, role, status, is_active, site_id) VALUES (?, ?, ?, ?, ?, ?, ?, ?, ?, ?, ?, ?, ?, ?, ?, ?, ?) RETURNING created_at, updated_at]&#10;[parameters: [{'hashed_password': '$2b$12$Y8Xr.jjoSMWJLZDrJpC9euxysC/smhSieqjaKctlM6yEakRFKP9QO', 'status': &lt;UserStatus.APPROVED: 'approved'&gt;, 'last_name': 'User',  ... (171 characters truncated) ... e, 'address': None, 'phone_number': None, 'hashed_pin': None, 'availability': None, 'legacy_external_contact_id': None, 'notes': None, 'skills': None}]]">E   AttributeError: 'str' object has no attribute 'hex'

The above exception was the direct cause of the following exception:
E   sqlalchemy.exc.StatementError: (builtins.AttributeError) 'str' object has no attribute 'hex'
    [SQL: INSERT INTO users (id, username, email, hashed_password, hashed_pin, legacy_external_contact_id, first_name, last_name, phone_number, address, notes, skills, availability, role, status, is_active, site_id) VALUES (?, ?, ?, ?, ?, ?, ?, ?, ?, ?, ?, ?, ?, ?, ?, ?, ?) RETURNING created_at, updated_at]
    [parameters: [{'hashed_password': '$2b$12$Y8Xr.jjoSMWJLZDrJpC9euxysC/smhSieqjaKctlM6yEakRFKP9QO', 'status': &lt;UserStatus.APPROVED: 'approved'&gt;, 'last_name': 'User',  ... (171 characters truncated) ... e, 'address': None, 'phone_number': None, 'hashed_pin': None, 'availability': None, 'legacy_external_contact_id': None, 'notes': None, 'skills': None}]]</failure></testcase><testcase classname="tests.test_user_creation" name="test_create_user_unknown_json_field_not_persisted_to_legacy_contact" time="0.320" /><testcase classname="tests.test_user_groups.TestUserGroups" name="test_update_user_groups_success" time="0.669" /><testcase classname="tests.test_user_groups.TestUserGroups" name="test_update_user_groups_user_not_found" time="0.341" /><testcase classname="tests.test_user_groups.TestUserGroups" name="test_update_user_groups_invalid_group_id" time="0.651" /><testcase classname="tests.test_user_groups.TestUserGroups" name="test_update_user_groups_nonexistent_group" time="0.659" /><testcase classname="tests.test_user_groups.TestUserGroups" name="test_update_user_groups_empty_list" time="0.625" /><testcase classname="tests.test_user_groups.TestUserGroups" name="test_update_user_groups_unauthorized" time="0.328" /><testcase classname="tests.test_user_groups.TestUserGroups" name="test_update_user_groups_non_admin" time="0.627" /><testcase classname="tests.test_user_history_endpoint.TestUserHistoryEndpoint" name="test_get_user_history_success" time="0.647" /><testcase classname="tests.test_user_history_endpoint.TestUserHistoryEndpoint" name="test_get_user_history_with_filters" time="0.665" /><testcase classname="tests.test_user_history_endpoint.TestUserHistoryEndpoint" name="test_get_user_history_pagination" time="0.689" /><testcase classname="tests.test_user_history_endpoint.TestUserHistoryEndpoint" name="test_get_user_history_user_not_found" time="0.330" /><testcase classname="tests.test_user_history_endpoint.TestUserHistoryEndpoint" name="test_get_user_history_unauthorized" time="0.628" /><testcase classname="tests.test_user_history_endpoint.TestUserHistoryEndpoint" name="test_get_user_history_invalid_user_id" time="0.315" /><testcase classname="tests.test_user_history_endpoint.TestUserHistoryEndpoint" name="test_get_user_history_empty_history" time="0.634" /><testcase classname="tests.test_user_history_endpoint.TestUserHistoryEndpoint" name="test_get_user_history_event_metadata" time="0.732" /><testcase classname="tests.test_user_identity" name="test_username_for_audit_username_only_no_legacy_fallback[alice-123-alice]" time="0.002" /><testcase classname="tests.test_user_identity" name="test_username_for_audit_username_only_no_legacy_fallback[-ext42-None]" time="0.002" /><testcase classname="tests.test_user_identity" name="test_username_for_audit_username_only_no_legacy_fallback[None-999-None]" time="0.002" /><testcase classname="tests.test_user_identity" name="test_username_for_audit_username_only_no_legacy_fallback[None-None-None]" time="0.002" /><testcase classname="tests.test_user_identity" name="test_username_for_audit_username_only_no_legacy_fallback[  bob  -x-bob]" time="0.002" /><testcase classname="tests.test_user_permissions.TestUserPermissions" name="test_get_my_permissions_super_admin" time="0.707" /><testcase classname="tests.test_user_permissions.TestUserPermissions" name="test_get_my_permissions_regular_user" time="0.638" /><testcase classname="tests.test_user_permissions.TestUserPermissions" name="test_get_my_permissions_user_with_groups" time="0.648" /><testcase classname="tests.test_user_permissions.TestUserPermissions" name="test_get_my_permissions_unauthorized" time="0.013" /><testcase classname="tests.test_user_profile_endpoints.TestUserProfileEndpoints" name="test_get_user_with_profile_fields" time="0.022" /><testcase classname="tests.test_user_profile_endpoints.TestUserProfileEndpoints" name="test_put_user_with_profile_fields" time="0.025" /><testcase classname="tests.test_user_profile_endpoints.TestUserProfileEndpoints" name="test_put_user_partial_update" time="0.020" /><testcase classname="tests.test_user_profile_endpoints.TestUserProfileEndpoints" name="test_put_user_clear_profile_fields" time="0.019" /><testcase classname="tests.test_user_profile_endpoints.TestUserProfileEndpoints" name="test_user_profile_fields_validation" time="0.036" /><testcase classname="tests.test_user_profile_persistence" name="test_user_profile_persistence_two_separate_requests" time="0.031" /><testcase classname="tests.test_user_profile_persistence" name="test_user_profile_persistence_with_uuid_without_hyphens" time="0.021" /><testcase classname="tests.test_user_profile_persistence" name="test_user_profile_persistence_with_valid_uuid_still_works" time="0.018" /><testcase classname="tests.test_user_self_endpoints.TestUserSelfEndpoints" name="test_get_me_json_matches_user_response_when_legacy_contact_set_in_db" time="0.310" /><testcase classname="tests.test_user_self_endpoints.TestUserSelfEndpoints" name="test_update_me" time="0.322" /><testcase classname="tests.test_user_self_endpoints.TestUserSelfEndpoints" name="test_change_password" time="0.601" /><testcase classname="tests.test_user_statuses.TestUserStatuses" name="test_get_user_statuses_requires_auth" time="0.605" /><testcase classname="tests.test_user_statuses.TestUserStatuses" name="test_get_user_statuses_with_valid_auth" time="0.916" /><testcase classname="tests.test_user_statuses.TestUserStatuses" name="test_user_statuses_structure" time="0.912" /><testcase classname="tests.test_user_statuses.TestUserStatuses" name="test_online_offline_counts" time="0.886" /><testcase classname="tests.test_user_statuses.TestUserStatuses" name="test_redis_activity_priority" time="0.897" /><testcase classname="tests.test_user_statuses.TestUserStatuses" name="test_user_offline_after_logout" time="1.216" /><testcase classname="tests.test_user_statuses.TestUserStatuses" name="test_user_statuses_many_requests_under_pytest" time="1.336" /><testcase classname="tests.test_user_statuses_endpoint.TestUserStatusesEndpoint" name="test_get_user_statuses_requires_admin_auth" time="0.009" /><testcase classname="tests.test_user_statuses_endpoint.TestUserStatusesEndpoint" name="test_get_user_statuses_requires_admin_role" time="0.329" /><testcase classname="tests.test_user_statuses_endpoint.TestUserStatusesEndpoint" name="test_get_user_statuses_success_with_admin" time="0.880" /><testcase classname="tests.test_user_statuses_endpoint.TestUserStatusesEndpoint" name="test_get_user_statuses_with_no_logins" time="0.608" /><testcase classname="tests.test_user_statuses_endpoint.TestUserStatusesEndpoint" name="test_get_user_statuses_with_failed_logins" time="0.594" /><testcase classname="tests.test_user_statuses_endpoint.TestUserStatusesEndpoint" name="test_get_user_statuses_threshold_boundary" time="0.893" /><testcase classname="tests.test_user_statuses_endpoint.TestUserStatusesEndpoint" name="test_get_user_statuses_performance" time="3.183" /><testcase classname="tests.test_uuid_validation.TestUUIDValidation" name="test_validate_and_convert_uuid_valid_with_hyphens" time="0.001" /><testcase classname="tests.test_uuid_validation.TestUUIDValidation" name="test_validate_and_convert_uuid_valid_without_hyphens" time="0.001" /><testcase classname="tests.test_uuid_validation.TestUUIDValidation" name="test_validate_and_convert_uuid_invalid_format" time="0.002" /><testcase classname="tests.test_uuid_validation.TestUUIDValidation" name="test_validate_and_convert_uuid_empty_string" time="0.002" /><testcase classname="tests.test_uuid_validation.TestUUIDValidation" name="test_is_valid_uuid_valid_cases" time="0.002" /><testcase classname="tests.test_uuid_validation.TestUUIDValidation" name="test_is_valid_uuid_invalid_cases" time="0.002" /><testcase classname="tests.test_uuid_validation.TestUUIDValidation" name="test_roundtrip_conversion" time="0.001" /><testcase classname="tests.test_web_session_v2_cookies.TestWebSessionV2Cookies" name="test_login_sets_cookies_when_use_web_session_cookies_true" time="0.595" /><testcase classname="tests.test_web_session_v2_cookies.TestWebSessionV2Cookies" name="test_protected_route_accepts_access_cookie_without_bearer" time="0.611" /><testcase classname="tests.test_web_session_v2_cookies.TestWebSessionV2Cookies" name="test_refresh_with_cookie_only_rotates_and_sets_cookies" time="0.613" /><testcase classname="tests.test_web_session_v2_cookies.TestWebSessionV2Cookies" name="test_login_without_web_session_flag_does_not_set_session_cookies" time="0.638" /><testcase classname="tests.test_web_session_v2_cookies.TestWebSessionV2Cookies" name="test_bearer_header_takes_priority_over_invalid_access_cookie" time="0.700" /><testcase classname="tests.test_web_session_v2_cookies.TestWebSessionV2Cookies" name="test_sales_detail_accepts_access_cookie_without_bearer" time="0.721" /><testcase classname="tests.test_web_session_v2_cookies.TestWebSessionV2Cookies" name="test_logout_clears_session_and_subsequent_me_is_unauthorized" time="0.674" /><testcase classname="tests.test_web_session_v2_cookies.TestWebSessionV2Cookies" name="test_admin_strict_route_forbids_without_credentials" time="0.015" /><testcase classname="tests.test_web_session_v2_cookies.TestWebSessionV2Cookies" name="test_refresh_without_body_or_cookie_returns_422" time="0.014" /><testcase classname="tests.test_web_session_v2_cookies.TestWebSessionV2Cookies" name="test_pin_auth_does_not_set_web_session_cookies" time="1.235" /></testsuite></testsuites>