============================= test session starts =============================
platform win32 -- Python 3.13.5, pytest-8.4.1, pluggy-1.6.0
rootdir: D:\users\Strophe\Documents\1-IA\La Clique Qui Recycle\JARVOS_recyclique\recyclique\api
configfile: pytest.ini
testpaths: tests
plugins: anyio-4.9.0, asyncio-1.0.0, timeout-2.4.0
asyncio: mode=Mode.STRICT, asyncio_default_fixture_loop_scope=None, asyncio_default_test_loop_scope=function
collected 1535 items

tests\api\test_admin_endpoints.py EEEEEEEE                               [  0%]
tests\api\test_admin_user_management.py FEFEFEFEFEFEFEFEFEFEFEF
