<?xml version="1.0" encoding="utf-8"?><testsuites name="pytest tests"><testsuite name="pytest" errors="73" failures="34" skipped="66" tests="1535" time="11241.596" timestamp="2026-04-10T06:59:39.660372+02:00" hostname="STROPHE-AI"><testcase classname="tests.api.test_admin_endpoints" name="test_get_users_success" time="32.978"><error message="failed on setup with &quot;sqlalchemy.exc.OperationalError: (sqlite3.OperationalError) database is locked&#10;[SQL: INSERT INTO users (id, username, email, hashed_password, hashed_pin, legacy_external_contact_id, first_name, last_name, phone_number, address, notes, skills, availability, role, status, is_active, site_id) VALUES (?, ?, ?, ?, ?, ?, ?, ?, ?, ?, ?, ?, ?, ?, ?, ?, ?) RETURNING created_at, updated_at]&#10;[parameters: ('579fc409a7e24a7e977f66a731e7cb92', 'admin_test_4ac541623463', 'admin_4ac541623463@test.com', 'hashed_password', None, None, None, None, None, None, None, None, None, 'admin', 'approved', 1, None)]&#10;(Background on this error at: https://sqlalche.me/e/20/e3q8)&quot;">E   sqlite3.OperationalError: database is locked

The above exception was the direct cause of the following exception:
E   sqlalchemy.exc.OperationalError: (sqlite3.OperationalError) database is locked
    [SQL: INSERT INTO users (id, username, email, hashed_password, hashed_pin, legacy_external_contact_id, first_name, last_name, phone_number, address, notes, skills, availability, role, status, is_active, site_id) VALUES (?, ?, ?, ?, ?, ?, ?, ?, ?, ?, ?, ?, ?, ?, ?, ?, ?) RETURNING created_at, updated_at]
    [parameters: ('579fc409a7e24a7e977f66a731e7cb92', 'admin_test_4ac541623463', 'admin_4ac541623463@test.com', 'hashed_password', None, None, None, None, None, None, None, None, None, 'admin', 'approved', 1, None)]
    (Background on this error at: https://sqlalche.me/e/20/e3q8)</error></testcase><testcase classname="tests.api.test_admin_endpoints" name="test_get_users_with_filters" time="32.884"><error message="failed on setup with &quot;sqlalchemy.exc.OperationalError: (sqlite3.OperationalError) database is locked&#10;[SQL: INSERT INTO users (id, username, email, hashed_password, hashed_pin, legacy_external_contact_id, first_name, last_name, phone_number, address, notes, skills, availability, role, status, is_active, site_id) VALUES (?, ?, ?, ?, ?, ?, ?, ?, ?, ?, ?, ?, ?, ?, ?, ?, ?) RETURNING created_at, updated_at]&#10;[parameters: ('318dd8b0863a44499864eb7fad594060', 'admin_test_2b38f87492e3', 'admin_2b38f87492e3@test.com', 'hashed_password', None, None, None, None, None, None, None, None, None, 'admin', 'approved', 1, None)]&#10;(Background on this error at: https://sqlalche.me/e/20/e3q8)&quot;">E   sqlite3.OperationalError: database is locked

The above exception was the direct cause of the following exception:
E   sqlalchemy.exc.OperationalError: (sqlite3.OperationalError) database is locked
    [SQL: INSERT INTO users (id, username, email, hashed_password, hashed_pin, legacy_external_contact_id, first_name, last_name, phone_number, address, notes, skills, availability, role, status, is_active, site_id) VALUES (?, ?, ?, ?, ?, ?, ?, ?, ?, ?, ?, ?, ?, ?, ?, ?, ?) RETURNING created_at, updated_at]
    [parameters: ('318dd8b0863a44499864eb7fad594060', 'admin_test_2b38f87492e3', 'admin_2b38f87492e3@test.com', 'hashed_password', None, None, None, None, None, None, None, None, None, 'admin', 'approved', 1, None)]
    (Background on this error at: https://sqlalche.me/e/20/e3q8)</error></testcase><testcase classname="tests.api.test_admin_endpoints" name="test_update_user_role_user_not_found" time="32.900"><error message="failed on setup with &quot;sqlalchemy.exc.OperationalError: (sqlite3.OperationalError) database is locked&#10;[SQL: INSERT INTO users (id, username, email, hashed_password, hashed_pin, legacy_external_contact_id, first_name, last_name, phone_number, address, notes, skills, availability, role, status, is_active, site_id) VALUES (?, ?, ?, ?, ?, ?, ?, ?, ?, ?, ?, ?, ?, ?, ?, ?, ?) RETURNING created_at, updated_at]&#10;[parameters: ('50a0c5ba32b14a60baab1b078449be19', 'admin_test_e617651b8f8d', 'admin_e617651b8f8d@test.com', 'hashed_password', None, None, None, None, None, None, None, None, None, 'admin', 'approved', 1, None)]&#10;(Background on this error at: https://sqlalche.me/e/20/e3q8)&quot;">E   sqlite3.OperationalError: database is locked

The above exception was the direct cause of the following exception:
E   sqlalchemy.exc.OperationalError: (sqlite3.OperationalError) database is locked
    [SQL: INSERT INTO users (id, username, email, hashed_password, hashed_pin, legacy_external_contact_id, first_name, last_name, phone_number, address, notes, skills, availability, role, status, is_active, site_id) VALUES (?, ?, ?, ?, ?, ?, ?, ?, ?, ?, ?, ?, ?, ?, ?, ?, ?) RETURNING created_at, updated_at]
    [parameters: ('50a0c5ba32b14a60baab1b078449be19', 'admin_test_e617651b8f8d', 'admin_e617651b8f8d@test.com', 'hashed_password', None, None, None, None, None, None, None, None, None, 'admin', 'approved', 1, None)]
    (Background on this error at: https://sqlalche.me/e/20/e3q8)</error></testcase><testcase classname="tests.api.test_admin_endpoints" name="test_update_user_role_invalid_role" time="32.954"><error message="failed on setup with &quot;sqlalchemy.exc.OperationalError: (sqlite3.OperationalError) database is locked&#10;[SQL: INSERT INTO users (id, username, email, hashed_password, hashed_pin, legacy_external_contact_id, first_name, last_name, phone_number, address, notes, skills, availability, role, status, is_active, site_id) VALUES (?, ?, ?, ?, ?, ?, ?, ?, ?, ?, ?, ?, ?, ?, ?, ?, ?) RETURNING created_at, updated_at]&#10;[parameters: ('e7944c53bf2149cb818834ce1c5d6c0f', 'admin_test_c36eb4bc5a0c', 'admin_c36eb4bc5a0c@test.com', 'hashed_password', None, None, None, None, None, None, None, None, None, 'admin', 'approved', 1, None)]&#10;(Background on this error at: https://sqlalche.me/e/20/e3q8)&quot;">E   sqlite3.OperationalError: database is locked

The above exception was the direct cause of the following exception:
E   sqlalchemy.exc.OperationalError: (sqlite3.OperationalError) database is locked
    [SQL: INSERT INTO users (id, username, email, hashed_password, hashed_pin, legacy_external_contact_id, first_name, last_name, phone_number, address, notes, skills, availability, role, status, is_active, site_id) VALUES (?, ?, ?, ?, ?, ?, ?, ?, ?, ?, ?, ?, ?, ?, ?, ?, ?) RETURNING created_at, updated_at]
    [parameters: ('e7944c53bf2149cb818834ce1c5d6c0f', 'admin_test_c36eb4bc5a0c', 'admin_c36eb4bc5a0c@test.com', 'hashed_password', None, None, None, None, None, None, None, None, None, 'admin', 'approved', 1, None)]
    (Background on this error at: https://sqlalche.me/e/20/e3q8)</error></testcase><testcase classname="tests.api.test_admin_endpoints" name="test_update_user_role_valid_role" time="32.829"><error message="failed on setup with &quot;sqlalchemy.exc.OperationalError: (sqlite3.OperationalError) database is locked&#10;[SQL: INSERT INTO users (id, username, email, hashed_password, hashed_pin, legacy_external_contact_id, first_name, last_name, phone_number, address, notes, skills, availability, role, status, is_active, site_id) VALUES (?, ?, ?, ?, ?, ?, ?, ?, ?, ?, ?, ?, ?, ?, ?, ?, ?) RETURNING created_at, updated_at]&#10;[parameters: ('6ca6d56a55b04a3a890a0bd269c57f76', 'admin_test_1090338a2600', 'admin_1090338a2600@test.com', 'hashed_password', None, None, None, None, None, None, None, None, None, 'admin', 'approved', 1, None)]&#10;(Background on this error at: https://sqlalche.me/e/20/e3q8)&quot;">E   sqlite3.OperationalError: database is locked

The above exception was the direct cause of the following exception:
E   sqlalchemy.exc.OperationalError: (sqlite3.OperationalError) database is locked
    [SQL: INSERT INTO users (id, username, email, hashed_password, hashed_pin, legacy_external_contact_id, first_name, last_name, phone_number, address, notes, skills, availability, role, status, is_active, site_id) VALUES (?, ?, ?, ?, ?, ?, ?, ?, ?, ?, ?, ?, ?, ?, ?, ?, ?) RETURNING created_at, updated_at]
    [parameters: ('6ca6d56a55b04a3a890a0bd269c57f76', 'admin_test_1090338a2600', 'admin_1090338a2600@test.com', 'hashed_password', None, None, None, None, None, None, None, None, None, 'admin', 'approved', 1, None)]
    (Background on this error at: https://sqlalche.me/e/20/e3q8)</error></testcase><testcase classname="tests.api.test_admin_endpoints" name="test_admin_endpoints_structure" time="32.908"><error message="failed on setup with &quot;sqlalchemy.exc.OperationalError: (sqlite3.OperationalError) database is locked&#10;[SQL: INSERT INTO users (id, username, email, hashed_password, hashed_pin, legacy_external_contact_id, first_name, last_name, phone_number, address, notes, skills, availability, role, status, is_active, site_id) VALUES (?, ?, ?, ?, ?, ?, ?, ?, ?, ?, ?, ?, ?, ?, ?, ?, ?) RETURNING created_at, updated_at]&#10;[parameters: ('990a430d3aa64f08aaca758ae53953ea', 'admin_test_aca44c92d851', 'admin_aca44c92d851@test.com', 'hashed_password', None, None, None, None, None, None, None, None, None, 'admin', 'approved', 1, None)]&#10;(Background on this error at: https://sqlalche.me/e/20/e3q8)&quot;">E   sqlite3.OperationalError: database is locked

The above exception was the direct cause of the following exception:
E   sqlalchemy.exc.OperationalError: (sqlite3.OperationalError) database is locked
    [SQL: INSERT INTO users (id, username, email, hashed_password, hashed_pin, legacy_external_contact_id, first_name, last_name, phone_number, address, notes, skills, availability, role, status, is_active, site_id) VALUES (?, ?, ?, ?, ?, ?, ?, ?, ?, ?, ?, ?, ?, ?, ?, ?, ?) RETURNING created_at, updated_at]
    [parameters: ('990a430d3aa64f08aaca758ae53953ea', 'admin_test_aca44c92d851', 'admin_aca44c92d851@test.com', 'hashed_password', None, None, None, None, None, None, None, None, None, 'admin', 'approved', 1, None)]
    (Background on this error at: https://sqlalche.me/e/20/e3q8)</error></testcase><testcase classname="tests.api.test_admin_endpoints" name="test_update_user_profile_success" time="32.858"><error message="failed on setup with &quot;sqlalchemy.exc.OperationalError: (sqlite3.OperationalError) database is locked&#10;[SQL: INSERT INTO users (id, username, email, hashed_password, hashed_pin, legacy_external_contact_id, first_name, last_name, phone_number, address, notes, skills, availability, role, status, is_active, site_id) VALUES (?, ?, ?, ?, ?, ?, ?, ?, ?, ?, ?, ?, ?, ?, ?, ?, ?) RETURNING created_at, updated_at]&#10;[parameters: ('9647b4b872944cae9c4ae8cb3f2cc7ae', 'admin_test_19e870820d01', 'admin_19e870820d01@test.com', 'hashed_password', None, None, None, None, None, None, None, None, None, 'admin', 'approved', 1, None)]&#10;(Background on this error at: https://sqlalche.me/e/20/e3q8)&quot;">E   sqlite3.OperationalError: database is locked

The above exception was the direct cause of the following exception:
E   sqlalchemy.exc.OperationalError: (sqlite3.OperationalError) database is locked
    [SQL: INSERT INTO users (id, username, email, hashed_password, hashed_pin, legacy_external_contact_id, first_name, last_name, phone_number, address, notes, skills, availability, role, status, is_active, site_id) VALUES (?, ?, ?, ?, ?, ?, ?, ?, ?, ?, ?, ?, ?, ?, ?, ?, ?) RETURNING created_at, updated_at]
    [parameters: ('9647b4b872944cae9c4ae8cb3f2cc7ae', 'admin_test_19e870820d01', 'admin_19e870820d01@test.com', 'hashed_password', None, None, None, None, None, None, None, None, None, 'admin', 'approved', 1, None)]
    (Background on this error at: https://sqlalche.me/e/20/e3q8)</error></testcase><testcase classname="tests.api.test_admin_endpoints" name="test_trigger_reset_password_no_email" time="32.921"><error message="failed on setup with &quot;sqlalchemy.exc.OperationalError: (sqlite3.OperationalError) database is locked&#10;[SQL: INSERT INTO users (id, username, email, hashed_password, hashed_pin, legacy_external_contact_id, first_name, last_name, phone_number, address, notes, skills, availability, role, status, is_active, site_id) VALUES (?, ?, ?, ?, ?, ?, ?, ?, ?, ?, ?, ?, ?, ?, ?, ?, ?) RETURNING created_at, updated_at]&#10;[parameters: ('1224638cc2504bf2b67d044944427a52', 'admin_test_51b6feee0ca2', 'admin_51b6feee0ca2@test.com', 'hashed_password', None, None, None, None, None, None, None, None, None, 'admin', 'approved', 1, None)]&#10;(Background on this error at: https://sqlalche.me/e/20/e3q8)&quot;">E   sqlite3.OperationalError: database is locked

The above exception was the direct cause of the following exception:
E   sqlalchemy.exc.OperationalError: (sqlite3.OperationalError) database is locked
    [SQL: INSERT INTO users (id, username, email, hashed_password, hashed_pin, legacy_external_contact_id, first_name, last_name, phone_number, address, notes, skills, availability, role, status, is_active, site_id) VALUES (?, ?, ?, ?, ?, ?, ?, ?, ?, ?, ?, ?, ?, ?, ?, ?, ?) RETURNING created_at, updated_at]
    [parameters: ('1224638cc2504bf2b67d044944427a52', 'admin_test_51b6feee0ca2', 'admin_51b6feee0ca2@test.com', 'hashed_password', None, None, None, None, None, None, None, None, None, 'admin', 'approved', 1, None)]
    (Background on this error at: https://sqlalche.me/e/20/e3q8)</error></testcase><testcase classname="tests.api.test_admin_user_management" name="test_update_user_status_success" time="33.154"><failure message="sqlalchemy.exc.OperationalError: (sqlite3.OperationalError) database is locked&#10;[SQL: INSERT INTO users (id, username, email, hashed_password, hashed_pin, legacy_external_contact_id, first_name, last_name, phone_number, address, notes, skills, availability, role, status, is_active, site_id) VALUES (?, ?, ?, ?, ?, ?, ?, ?, ?, ?, ?, ?, ?, ?, ?, ?, ?) RETURNING created_at, updated_at]&#10;[parameters: ('bed2bd5a2b1f4c7fa5f1e548b8e59c0a', 'mgmt_st_ok_u_565323a160', None, '$2b$12$Pp2TOTIIso8/CGk3b0DOSuGff/pqeTSm5nvm71PbdhTtHZ8N2RQ4S', None, None, 'Test', 'User', None, None, None, None, None, 'user', 'approved', 1, None)]&#10;(Background on this error at: https://sqlalche.me/e/20/e3q8)">E   sqlite3.OperationalError: database is locked

The above exception was the direct cause of the following exception:
E   sqlalchemy.exc.OperationalError: (sqlite3.OperationalError) database is locked
    [SQL: INSERT INTO users (id, username, email, hashed_password, hashed_pin, legacy_external_contact_id, first_name, last_name, phone_number, address, notes, skills, availability, role, status, is_active, site_id) VALUES (?, ?, ?, ?, ?, ?, ?, ?, ?, ?, ?, ?, ?, ?, ?, ?, ?) RETURNING created_at, updated_at]
    [parameters: ('bed2bd5a2b1f4c7fa5f1e548b8e59c0a', 'mgmt_st_ok_u_565323a160', None, '$2b$12$Pp2TOTIIso8/CGk3b0DOSuGff/pqeTSm5nvm71PbdhTtHZ8N2RQ4S', None, None, 'Test', 'User', None, None, None, None, None, 'user', 'approved', 1, None)]
    (Background on this error at: https://sqlalche.me/e/20/e3q8)</failure></testcase><testcase classname="tests.api.test_admin_user_management" name="test_update_user_status_success" time="164.473"><error message="failed on teardown with &quot;RuntimeError: Pilote Lot C (cleanup): 5 DELETE en échec — user_sessions: (sqlite3.OperationalError) database is locked&#10;[SQL: DELETE FROM user_sessions]&#10;(Background on this error at: https://sqlalche.me/e/20/e3q8); login_history: (sqlite3.OperationalError) database is locked&#10;[SQL: DELETE FROM login_history]&#10;(Background on this error at: https://sqlalche.me/e/20/e3q8); user_status_history: (sqlite3.OperationalError) database is locked&#10;[SQL: DELETE FROM user_status_history]&#10;(Background on this error at: https://sqlalche.me/e/20/e3q8); settings: (sqlite3.OperationalError) database is locked&#10;[SQL: DELETE FROM settings]&#10;(Background on this error at: https://sqlalche.me/e/20/e3q8); users: (sqlite3.OperationalError) database is locked&#10;[SQL: DELETE FROM users]&#10;(Background on this error at: https://sqlalche.me/e/20/e3q8)&quot;">E   sqlite3.OperationalError: database is locked

The above exception was the direct cause of the following exception:
E   sqlalchemy.exc.OperationalError: (sqlite3.OperationalError) database is locked
    [SQL: DELETE FROM user_sessions]
    (Background on this error at: https://sqlalche.me/e/20/e3q8)

The above exception was the direct cause of the following exception:
E   RuntimeError: Pilote Lot C (cleanup): 5 DELETE en échec — user_sessions: (sqlite3.OperationalError) database is locked
    [SQL: DELETE FROM user_sessions]
    (Background on this error at: https://sqlalche.me/e/20/e3q8); login_history: (sqlite3.OperationalError) database is locked
    [SQL: DELETE FROM login_history]
    (Background on this error at: https://sqlalche.me/e/20/e3q8); user_status_history: (sqlite3.OperationalError) database is locked
    [SQL: DELETE FROM user_status_history]
    (Background on this error at: https://sqlalche.me/e/20/e3q8); settings: (sqlite3.OperationalError) database is locked
    [SQL: DELETE FROM settings]
    (Background on this error at: https://sqlalche.me/e/20/e3q8); users: (sqlite3.OperationalError) database is locked
    [SQL: DELETE FROM users]
    (Background on this error at: https://sqlalche.me/e/20/e3q8)</error></testcase><testcase classname="tests.api.test_admin_user_management" name="test_update_user_status_user_not_found" time="33.242"><failure message="sqlalchemy.exc.OperationalError: (sqlite3.OperationalError) database is locked&#10;[SQL: INSERT INTO users (id, username, email, hashed_password, hashed_pin, legacy_external_contact_id, first_name, last_name, phone_number, address, notes, skills, availability, role, status, is_active, site_id) VALUES (?, ?, ?, ?, ?, ?, ?, ?, ?, ?, ?, ?, ?, ?, ?, ?, ?) RETURNING created_at, updated_at]&#10;[parameters: ('3102222cfe8c45d1bfcd3ca0b1ffaf92', 'mgmt_st_nf_a_86fb9fe9ce', None, '$2b$12$Q1OrqML93wSK8N8rvGD.ne5T5UwCLZp47yfRLjQ8OTlWQ8ybaJc9S', None, None, 'Admin', 'User', None, None, None, None, None, 'admin', 'approved', 1, None)]&#10;(Background on this error at: https://sqlalche.me/e/20/e3q8)">E   sqlite3.OperationalError: database is locked

The above exception was the direct cause of the following exception:
E   sqlalchemy.exc.OperationalError: (sqlite3.OperationalError) database is locked
    [SQL: INSERT INTO users (id, username, email, hashed_password, hashed_pin, legacy_external_contact_id, first_name, last_name, phone_number, address, notes, skills, availability, role, status, is_active, site_id) VALUES (?, ?, ?, ?, ?, ?, ?, ?, ?, ?, ?, ?, ?, ?, ?, ?, ?) RETURNING created_at, updated_at]
    [parameters: ('3102222cfe8c45d1bfcd3ca0b1ffaf92', 'mgmt_st_nf_a_86fb9fe9ce', None, '$2b$12$Q1OrqML93wSK8N8rvGD.ne5T5UwCLZp47yfRLjQ8OTlWQ8ybaJc9S', None, None, 'Admin', 'User', None, None, None, None, None, 'admin', 'approved', 1, None)]
    (Background on this error at: https://sqlalche.me/e/20/e3q8)</failure></testcase><testcase classname="tests.api.test_admin_user_management" name="test_update_user_status_user_not_found" time="164.602"><error message="failed on teardown with &quot;RuntimeError: Pilote Lot C (cleanup): 5 DELETE en échec — user_sessions: (sqlite3.OperationalError) database is locked&#10;[SQL: DELETE FROM user_sessions]&#10;(Background on this error at: https://sqlalche.me/e/20/e3q8); login_history: (sqlite3.OperationalError) database is locked&#10;[SQL: DELETE FROM login_history]&#10;(Background on this error at: https://sqlalche.me/e/20/e3q8); user_status_history: (sqlite3.OperationalError) database is locked&#10;[SQL: DELETE FROM user_status_history]&#10;(Background on this error at: https://sqlalche.me/e/20/e3q8); settings: (sqlite3.OperationalError) database is locked&#10;[SQL: DELETE FROM settings]&#10;(Background on this error at: https://sqlalche.me/e/20/e3q8); users: (sqlite3.OperationalError) database is locked&#10;[SQL: DELETE FROM users]&#10;(Background on this error at: https://sqlalche.me/e/20/e3q8)&quot;">E   sqlite3.OperationalError: database is locked

The above exception was the direct cause of the following exception:
E   sqlalchemy.exc.OperationalError: (sqlite3.OperationalError) database is locked
    [SQL: DELETE FROM user_sessions]
    (Background on this error at: https://sqlalche.me/e/20/e3q8)

The above exception was the direct cause of the following exception:
E   RuntimeError: Pilote Lot C (cleanup): 5 DELETE en échec — user_sessions: (sqlite3.OperationalError) database is locked
    [SQL: DELETE FROM user_sessions]
    (Background on this error at: https://sqlalche.me/e/20/e3q8); login_history: (sqlite3.OperationalError) database is locked
    [SQL: DELETE FROM login_history]
    (Background on this error at: https://sqlalche.me/e/20/e3q8); user_status_history: (sqlite3.OperationalError) database is locked
    [SQL: DELETE FROM user_status_history]
    (Background on this error at: https://sqlalche.me/e/20/e3q8); settings: (sqlite3.OperationalError) database is locked
    [SQL: DELETE FROM settings]
    (Background on this error at: https://sqlalche.me/e/20/e3q8); users: (sqlite3.OperationalError) database is locked
    [SQL: DELETE FROM users]
    (Background on this error at: https://sqlalche.me/e/20/e3q8)</error></testcase><testcase classname="tests.api.test_admin_user_management" name="test_update_user_status_admin_cannot_deactivate_self" time="33.255"><failure message="sqlalchemy.exc.OperationalError: (sqlite3.OperationalError) database is locked&#10;[SQL: INSERT INTO users (id, username, email, hashed_password, hashed_pin, legacy_external_contact_id, first_name, last_name, phone_number, address, notes, skills, availability, role, status, is_active, site_id) VALUES (?, ?, ?, ?, ?, ?, ?, ?, ?, ?, ?, ?, ?, ?, ?, ?, ?) RETURNING created_at, updated_at]&#10;[parameters: ('80e0ac8aa6114faebb63878579d0f566', 'mgmt_st_self_a_3b7aab5d32', None, '$2b$12$lkP/vaZpjZxdlv1/3jf/3eEABlkxBegO4iEdGsEOk0lyVPaPAq5Jm', None, None, 'Admin', 'User', None, None, None, None, None, 'admin', 'approved', 1, None)]&#10;(Background on this error at: https://sqlalche.me/e/20/e3q8)">E   sqlite3.OperationalError: database is locked

The above exception was the direct cause of the following exception:
E   sqlalchemy.exc.OperationalError: (sqlite3.OperationalError) database is locked
    [SQL: INSERT INTO users (id, username, email, hashed_password, hashed_pin, legacy_external_contact_id, first_name, last_name, phone_number, address, notes, skills, availability, role, status, is_active, site_id) VALUES (?, ?, ?, ?, ?, ?, ?, ?, ?, ?, ?, ?, ?, ?, ?, ?, ?) RETURNING created_at, updated_at]
    [parameters: ('80e0ac8aa6114faebb63878579d0f566', 'mgmt_st_self_a_3b7aab5d32', None, '$2b$12$lkP/vaZpjZxdlv1/3jf/3eEABlkxBegO4iEdGsEOk0lyVPaPAq5Jm', None, None, 'Admin', 'User', None, None, None, None, None, 'admin', 'approved', 1, None)]
    (Background on this error at: https://sqlalche.me/e/20/e3q8)</failure></testcase><testcase classname="tests.api.test_admin_user_management" name="test_update_user_status_admin_cannot_deactivate_self" time="164.679"><error message="failed on teardown with &quot;RuntimeError: Pilote Lot C (cleanup): 5 DELETE en échec — user_sessions: (sqlite3.OperationalError) database is locked&#10;[SQL: DELETE FROM user_sessions]&#10;(Background on this error at: https://sqlalche.me/e/20/e3q8); login_history: (sqlite3.OperationalError) database is locked&#10;[SQL: DELETE FROM login_history]&#10;(Background on this error at: https://sqlalche.me/e/20/e3q8); user_status_history: (sqlite3.OperationalError) database is locked&#10;[SQL: DELETE FROM user_status_history]&#10;(Background on this error at: https://sqlalche.me/e/20/e3q8); settings: (sqlite3.OperationalError) database is locked&#10;[SQL: DELETE FROM settings]&#10;(Background on this error at: https://sqlalche.me/e/20/e3q8); users: (sqlite3.OperationalError) database is locked&#10;[SQL: DELETE FROM users]&#10;(Background on this error at: https://sqlalche.me/e/20/e3q8)&quot;">E   sqlite3.OperationalError: database is locked

The above exception was the direct cause of the following exception:
E   sqlalchemy.exc.OperationalError: (sqlite3.OperationalError) database is locked
    [SQL: DELETE FROM user_sessions]
    (Background on this error at: https://sqlalche.me/e/20/e3q8)

The above exception was the direct cause of the following exception:
E   RuntimeError: Pilote Lot C (cleanup): 5 DELETE en échec — user_sessions: (sqlite3.OperationalError) database is locked
    [SQL: DELETE FROM user_sessions]
    (Background on this error at: https://sqlalche.me/e/20/e3q8); login_history: (sqlite3.OperationalError) database is locked
    [SQL: DELETE FROM login_history]
    (Background on this error at: https://sqlalche.me/e/20/e3q8); user_status_history: (sqlite3.OperationalError) database is locked
    [SQL: DELETE FROM user_status_history]
    (Background on this error at: https://sqlalche.me/e/20/e3q8); settings: (sqlite3.OperationalError) database is locked
    [SQL: DELETE FROM settings]
    (Background on this error at: https://sqlalche.me/e/20/e3q8); users: (sqlite3.OperationalError) database is locked
    [SQL: DELETE FROM users]
    (Background on this error at: https://sqlalche.me/e/20/e3q8)</error></testcase><testcase classname="tests.api.test_admin_user_management" name="test_update_user_profile_success" time="33.260"><failure message="sqlalchemy.exc.OperationalError: (sqlite3.OperationalError) database is locked&#10;[SQL: INSERT INTO users (id, username, email, hashed_password, hashed_pin, legacy_external_contact_id, first_name, last_name, phone_number, address, notes, skills, availability, role, status, is_active, site_id) VALUES (?, ?, ?, ?, ?, ?, ?, ?, ?, ?, ?, ?, ?, ?, ?, ?, ?) RETURNING created_at, updated_at]&#10;[parameters: ('f38ab201c7a04406a82d4e483c16c3bb', 'mgmt_pr_ok_u_56095d3e91', None, '$2b$12$wjkrwZGUyFz1IXK9yBDy8uCsMEdkdy6T3g7bdIuf3dS4svP1EtKqq', None, None, 'Old', 'Name', None, None, None, None, None, 'user', 'approved', 1, None)]&#10;(Background on this error at: https://sqlalche.me/e/20/e3q8)">E   sqlite3.OperationalError: database is locked

The above exception was the direct cause of the following exception:
E   sqlalchemy.exc.OperationalError: (sqlite3.OperationalError) database is locked
    [SQL: INSERT INTO users (id, username, email, hashed_password, hashed_pin, legacy_external_contact_id, first_name, last_name, phone_number, address, notes, skills, availability, role, status, is_active, site_id) VALUES (?, ?, ?, ?, ?, ?, ?, ?, ?, ?, ?, ?, ?, ?, ?, ?, ?) RETURNING created_at, updated_at]
    [parameters: ('f38ab201c7a04406a82d4e483c16c3bb', 'mgmt_pr_ok_u_56095d3e91', None, '$2b$12$wjkrwZGUyFz1IXK9yBDy8uCsMEdkdy6T3g7bdIuf3dS4svP1EtKqq', None, None, 'Old', 'Name', None, None, None, None, None, 'user', 'approved', 1, None)]
    (Background on this error at: https://sqlalche.me/e/20/e3q8)</failure></testcase><testcase classname="tests.api.test_admin_user_management" name="test_update_user_profile_success" time="164.592"><error message="failed on teardown with &quot;RuntimeError: Pilote Lot C (cleanup): 5 DELETE en échec — user_sessions: (sqlite3.OperationalError) database is locked&#10;[SQL: DELETE FROM user_sessions]&#10;(Background on this error at: https://sqlalche.me/e/20/e3q8); login_history: (sqlite3.OperationalError) database is locked&#10;[SQL: DELETE FROM login_history]&#10;(Background on this error at: https://sqlalche.me/e/20/e3q8); user_status_history: (sqlite3.OperationalError) database is locked&#10;[SQL: DELETE FROM user_status_history]&#10;(Background on this error at: https://sqlalche.me/e/20/e3q8); settings: (sqlite3.OperationalError) database is locked&#10;[SQL: DELETE FROM settings]&#10;(Background on this error at: https://sqlalche.me/e/20/e3q8); users: (sqlite3.OperationalError) database is locked&#10;[SQL: DELETE FROM users]&#10;(Background on this error at: https://sqlalche.me/e/20/e3q8)&quot;">E   sqlite3.OperationalError: database is locked

The above exception was the direct cause of the following exception:
E   sqlalchemy.exc.OperationalError: (sqlite3.OperationalError) database is locked
    [SQL: DELETE FROM user_sessions]
    (Background on this error at: https://sqlalche.me/e/20/e3q8)

The above exception was the direct cause of the following exception:
E   RuntimeError: Pilote Lot C (cleanup): 5 DELETE en échec — user_sessions: (sqlite3.OperationalError) database is locked
    [SQL: DELETE FROM user_sessions]
    (Background on this error at: https://sqlalche.me/e/20/e3q8); login_history: (sqlite3.OperationalError) database is locked
    [SQL: DELETE FROM login_history]
    (Background on this error at: https://sqlalche.me/e/20/e3q8); user_status_history: (sqlite3.OperationalError) database is locked
    [SQL: DELETE FROM user_status_history]
    (Background on this error at: https://sqlalche.me/e/20/e3q8); settings: (sqlite3.OperationalError) database is locked
    [SQL: DELETE FROM settings]
    (Background on this error at: https://sqlalche.me/e/20/e3q8); users: (sqlite3.OperationalError) database is locked
    [SQL: DELETE FROM users]
    (Background on this error at: https://sqlalche.me/e/20/e3q8)</error></testcase><testcase classname="tests.api.test_admin_user_management" name="test_update_user_profile_partial_update" time="33.266"><failure message="sqlalchemy.exc.OperationalError: (sqlite3.OperationalError) database is locked&#10;[SQL: INSERT INTO users (id, username, email, hashed_password, hashed_pin, legacy_external_contact_id, first_name, last_name, phone_number, address, notes, skills, availability, role, status, is_active, site_id) VALUES (?, ?, ?, ?, ?, ?, ?, ?, ?, ?, ?, ?, ?, ?, ?, ?, ?) RETURNING created_at, updated_at]&#10;[parameters: ('565a1654e8df4ea08eb7ad2ade20cf63', 'mgmt_pr_part_u_0033905773', None, '$2b$12$uyvQl3UVK0YtHFffRmIbduKX3yUKisoMQjBvIatNxW.qMqI/E6942', None, None, 'Old', 'Name', None, None, None, None, None, 'user', 'approved', 1, None)]&#10;(Background on this error at: https://sqlalche.me/e/20/e3q8)">E   sqlite3.OperationalError: database is locked

The above exception was the direct cause of the following exception:
E   sqlalchemy.exc.OperationalError: (sqlite3.OperationalError) database is locked
    [SQL: INSERT INTO users (id, username, email, hashed_password, hashed_pin, legacy_external_contact_id, first_name, last_name, phone_number, address, notes, skills, availability, role, status, is_active, site_id) VALUES (?, ?, ?, ?, ?, ?, ?, ?, ?, ?, ?, ?, ?, ?, ?, ?, ?) RETURNING created_at, updated_at]
    [parameters: ('565a1654e8df4ea08eb7ad2ade20cf63', 'mgmt_pr_part_u_0033905773', None, '$2b$12$uyvQl3UVK0YtHFffRmIbduKX3yUKisoMQjBvIatNxW.qMqI/E6942', None, None, 'Old', 'Name', None, None, None, None, None, 'user', 'approved', 1, None)]
    (Background on this error at: https://sqlalche.me/e/20/e3q8)</failure></testcase><testcase classname="tests.api.test_admin_user_management" name="test_update_user_profile_partial_update" time="164.534"><error message="failed on teardown with &quot;RuntimeError: Pilote Lot C (cleanup): 5 DELETE en échec — user_sessions: (sqlite3.OperationalError) database is locked&#10;[SQL: DELETE FROM user_sessions]&#10;(Background on this error at: https://sqlalche.me/e/20/e3q8); login_history: (sqlite3.OperationalError) database is locked&#10;[SQL: DELETE FROM login_history]&#10;(Background on this error at: https://sqlalche.me/e/20/e3q8); user_status_history: (sqlite3.OperationalError) database is locked&#10;[SQL: DELETE FROM user_status_history]&#10;(Background on this error at: https://sqlalche.me/e/20/e3q8); settings: (sqlite3.OperationalError) database is locked&#10;[SQL: DELETE FROM settings]&#10;(Background on this error at: https://sqlalche.me/e/20/e3q8); users: (sqlite3.OperationalError) database is locked&#10;[SQL: DELETE FROM users]&#10;(Background on this error at: https://sqlalche.me/e/20/e3q8)&quot;">E   sqlite3.OperationalError: database is locked

The above exception was the direct cause of the following exception:
E   sqlalchemy.exc.OperationalError: (sqlite3.OperationalError) database is locked
    [SQL: DELETE FROM user_sessions]
    (Background on this error at: https://sqlalche.me/e/20/e3q8)

The above exception was the direct cause of the following exception:
E   RuntimeError: Pilote Lot C (cleanup): 5 DELETE en échec — user_sessions: (sqlite3.OperationalError) database is locked
    [SQL: DELETE FROM user_sessions]
    (Background on this error at: https://sqlalche.me/e/20/e3q8); login_history: (sqlite3.OperationalError) database is locked
    [SQL: DELETE FROM login_history]
    (Background on this error at: https://sqlalche.me/e/20/e3q8); user_status_history: (sqlite3.OperationalError) database is locked
    [SQL: DELETE FROM user_status_history]
    (Background on this error at: https://sqlalche.me/e/20/e3q8); settings: (sqlite3.OperationalError) database is locked
    [SQL: DELETE FROM settings]
    (Background on this error at: https://sqlalche.me/e/20/e3q8); users: (sqlite3.OperationalError) database is locked
    [SQL: DELETE FROM users]
    (Background on this error at: https://sqlalche.me/e/20/e3q8)</error></testcase><testcase classname="tests.api.test_admin_user_management" name="test_update_user_profile_no_fields_provided" time="33.417"><failure message="sqlalchemy.exc.OperationalError: (sqlite3.OperationalError) database is locked&#10;[SQL: INSERT INTO users (id, username, email, hashed_password, hashed_pin, legacy_external_contact_id, first_name, last_name, phone_number, address, notes, skills, availability, role, status, is_active, site_id) VALUES (?, ?, ?, ?, ?, ?, ?, ?, ?, ?, ?, ?, ?, ?, ?, ?, ?) RETURNING created_at, updated_at]&#10;[parameters: ('4cdf2b6edc904567b67e55e7742a0fe9', 'mgmt_pr_empty_u_b559c89fd4', None, '$2b$12$wl0IDMt51Xl3u1Hg.npeze/VXN4E0S5q3tnD8fAxOogu/bAACL95K', None, None, 'Test', 'User', None, None, None, None, None, 'user', 'approved', 1, None)]&#10;(Background on this error at: https://sqlalche.me/e/20/e3q8)">E   sqlite3.OperationalError: database is locked

The above exception was the direct cause of the following exception:
E   sqlalchemy.exc.OperationalError: (sqlite3.OperationalError) database is locked
    [SQL: INSERT INTO users (id, username, email, hashed_password, hashed_pin, legacy_external_contact_id, first_name, last_name, phone_number, address, notes, skills, availability, role, status, is_active, site_id) VALUES (?, ?, ?, ?, ?, ?, ?, ?, ?, ?, ?, ?, ?, ?, ?, ?, ?) RETURNING created_at, updated_at]
    [parameters: ('4cdf2b6edc904567b67e55e7742a0fe9', 'mgmt_pr_empty_u_b559c89fd4', None, '$2b$12$wl0IDMt51Xl3u1Hg.npeze/VXN4E0S5q3tnD8fAxOogu/bAACL95K', None, None, 'Test', 'User', None, None, None, None, None, 'user', 'approved', 1, None)]
    (Background on this error at: https://sqlalche.me/e/20/e3q8)</failure></testcase><testcase classname="tests.api.test_admin_user_management" name="test_update_user_profile_no_fields_provided" time="164.637"><error message="failed on teardown with &quot;RuntimeError: Pilote Lot C (cleanup): 5 DELETE en échec — user_sessions: (sqlite3.OperationalError) database is locked&#10;[SQL: DELETE FROM user_sessions]&#10;(Background on this error at: https://sqlalche.me/e/20/e3q8); login_history: (sqlite3.OperationalError) database is locked&#10;[SQL: DELETE FROM login_history]&#10;(Background on this error at: https://sqlalche.me/e/20/e3q8); user_status_history: (sqlite3.OperationalError) database is locked&#10;[SQL: DELETE FROM user_status_history]&#10;(Background on this error at: https://sqlalche.me/e/20/e3q8); settings: (sqlite3.OperationalError) database is locked&#10;[SQL: DELETE FROM settings]&#10;(Background on this error at: https://sqlalche.me/e/20/e3q8); users: (sqlite3.OperationalError) database is locked&#10;[SQL: DELETE FROM users]&#10;(Background on this error at: https://sqlalche.me/e/20/e3q8)&quot;">E   sqlite3.OperationalError: database is locked

The above exception was the direct cause of the following exception:
E   sqlalchemy.exc.OperationalError: (sqlite3.OperationalError) database is locked
    [SQL: DELETE FROM user_sessions]
    (Background on this error at: https://sqlalche.me/e/20/e3q8)

The above exception was the direct cause of the following exception:
E   RuntimeError: Pilote Lot C (cleanup): 5 DELETE en échec — user_sessions: (sqlite3.OperationalError) database is locked
    [SQL: DELETE FROM user_sessions]
    (Background on this error at: https://sqlalche.me/e/20/e3q8); login_history: (sqlite3.OperationalError) database is locked
    [SQL: DELETE FROM login_history]
    (Background on this error at: https://sqlalche.me/e/20/e3q8); user_status_history: (sqlite3.OperationalError) database is locked
    [SQL: DELETE FROM user_status_history]
    (Background on this error at: https://sqlalche.me/e/20/e3q8); settings: (sqlite3.OperationalError) database is locked
    [SQL: DELETE FROM settings]
    (Background on this error at: https://sqlalche.me/e/20/e3q8); users: (sqlite3.OperationalError) database is locked
    [SQL: DELETE FROM users]
    (Background on this error at: https://sqlalche.me/e/20/e3q8)</error></testcase><testcase classname="tests.api.test_admin_user_management" name="test_update_user_profile_user_not_found" time="33.235"><failure message="sqlalchemy.exc.OperationalError: (sqlite3.OperationalError) database is locked&#10;[SQL: INSERT INTO users (id, username, email, hashed_password, hashed_pin, legacy_external_contact_id, first_name, last_name, phone_number, address, notes, skills, availability, role, status, is_active, site_id) VALUES (?, ?, ?, ?, ?, ?, ?, ?, ?, ?, ?, ?, ?, ?, ?, ?, ?) RETURNING created_at, updated_at]&#10;[parameters: ('fd3c2ee627fe41c0bc73a66228ee002b', 'mgmt_pr_nf_a_b5b568f87a', None, '$2b$12$B.cN3oq/ibzi1eKGY2WQd.gyL8XhqllTmd.P3VmLXTmeon0jGr2GW', None, None, 'Admin', 'User', None, None, None, None, None, 'admin', 'approved', 1, None)]&#10;(Background on this error at: https://sqlalche.me/e/20/e3q8)">E   sqlite3.OperationalError: database is locked

The above exception was the direct cause of the following exception:
E   sqlalchemy.exc.OperationalError: (sqlite3.OperationalError) database is locked
    [SQL: INSERT INTO users (id, username, email, hashed_password, hashed_pin, legacy_external_contact_id, first_name, last_name, phone_number, address, notes, skills, availability, role, status, is_active, site_id) VALUES (?, ?, ?, ?, ?, ?, ?, ?, ?, ?, ?, ?, ?, ?, ?, ?, ?) RETURNING created_at, updated_at]
    [parameters: ('fd3c2ee627fe41c0bc73a66228ee002b', 'mgmt_pr_nf_a_b5b568f87a', None, '$2b$12$B.cN3oq/ibzi1eKGY2WQd.gyL8XhqllTmd.P3VmLXTmeon0jGr2GW', None, None, 'Admin', 'User', None, None, None, None, None, 'admin', 'approved', 1, None)]
    (Background on this error at: https://sqlalche.me/e/20/e3q8)</failure></testcase><testcase classname="tests.api.test_admin_user_management" name="test_update_user_profile_user_not_found" time="164.876"><error message="failed on teardown with &quot;RuntimeError: Pilote Lot C (cleanup): 5 DELETE en échec — user_sessions: (sqlite3.OperationalError) database is locked&#10;[SQL: DELETE FROM user_sessions]&#10;(Background on this error at: https://sqlalche.me/e/20/e3q8); login_history: (sqlite3.OperationalError) database is locked&#10;[SQL: DELETE FROM login_history]&#10;(Background on this error at: https://sqlalche.me/e/20/e3q8); user_status_history: (sqlite3.OperationalError) database is locked&#10;[SQL: DELETE FROM user_status_history]&#10;(Background on this error at: https://sqlalche.me/e/20/e3q8); settings: (sqlite3.OperationalError) database is locked&#10;[SQL: DELETE FROM settings]&#10;(Background on this error at: https://sqlalche.me/e/20/e3q8); users: (sqlite3.OperationalError) database is locked&#10;[SQL: DELETE FROM users]&#10;(Background on this error at: https://sqlalche.me/e/20/e3q8)&quot;">E   sqlite3.OperationalError: database is locked

The above exception was the direct cause of the following exception:
E   sqlalchemy.exc.OperationalError: (sqlite3.OperationalError) database is locked
    [SQL: DELETE FROM user_sessions]
    (Background on this error at: https://sqlalche.me/e/20/e3q8)

The above exception was the direct cause of the following exception:
E   RuntimeError: Pilote Lot C (cleanup): 5 DELETE en échec — user_sessions: (sqlite3.OperationalError) database is locked
    [SQL: DELETE FROM user_sessions]
    (Background on this error at: https://sqlalche.me/e/20/e3q8); login_history: (sqlite3.OperationalError) database is locked
    [SQL: DELETE FROM login_history]
    (Background on this error at: https://sqlalche.me/e/20/e3q8); user_status_history: (sqlite3.OperationalError) database is locked
    [SQL: DELETE FROM user_status_history]
    (Background on this error at: https://sqlalche.me/e/20/e3q8); settings: (sqlite3.OperationalError) database is locked
    [SQL: DELETE FROM settings]
    (Background on this error at: https://sqlalche.me/e/20/e3q8); users: (sqlite3.OperationalError) database is locked
    [SQL: DELETE FROM users]
    (Background on this error at: https://sqlalche.me/e/20/e3q8)</error></testcase><testcase classname="tests.api.test_admin_user_management" name="test_update_user_role_success" time="33.188"><failure message="sqlalchemy.exc.OperationalError: (sqlite3.OperationalError) database is locked&#10;[SQL: INSERT INTO users (id, username, email, hashed_password, hashed_pin, legacy_external_contact_id, first_name, last_name, phone_number, address, notes, skills, availability, role, status, is_active, site_id) VALUES (?, ?, ?, ?, ?, ?, ?, ?, ?, ?, ?, ?, ?, ?, ?, ?, ?) RETURNING created_at, updated_at]&#10;[parameters: ('9b89c07e477a46bdb9724c55e12d7f70', 'mgmt_role_ok_u_95e6b57883', None, '$2b$12$yJInsFZWVz4mzZeUunqykus7KWJl0QFDv0pOL5MP.SnEQ4rzG1E66', None, None, 'U', 'Ser', None, None, None, None, None, 'user', 'approved', 1, None)]&#10;(Background on this error at: https://sqlalche.me/e/20/e3q8)">E   sqlite3.OperationalError: database is locked

The above exception was the direct cause of the following exception:
E   sqlalchemy.exc.OperationalError: (sqlite3.OperationalError) database is locked
    [SQL: INSERT INTO users (id, username, email, hashed_password, hashed_pin, legacy_external_contact_id, first_name, last_name, phone_number, address, notes, skills, availability, role, status, is_active, site_id) VALUES (?, ?, ?, ?, ?, ?, ?, ?, ?, ?, ?, ?, ?, ?, ?, ?, ?) RETURNING created_at, updated_at]
    [parameters: ('9b89c07e477a46bdb9724c55e12d7f70', 'mgmt_role_ok_u_95e6b57883', None, '$2b$12$yJInsFZWVz4mzZeUunqykus7KWJl0QFDv0pOL5MP.SnEQ4rzG1E66', None, None, 'U', 'Ser', None, None, None, None, None, 'user', 'approved', 1, None)]
    (Background on this error at: https://sqlalche.me/e/20/e3q8)</failure></testcase><testcase classname="tests.api.test_admin_user_management" name="test_update_user_role_success" time="164.603"><error message="failed on teardown with &quot;RuntimeError: Pilote Lot C (cleanup): 5 DELETE en échec — user_sessions: (sqlite3.OperationalError) database is locked&#10;[SQL: DELETE FROM user_sessions]&#10;(Background on this error at: https://sqlalche.me/e/20/e3q8); login_history: (sqlite3.OperationalError) database is locked&#10;[SQL: DELETE FROM login_history]&#10;(Background on this error at: https://sqlalche.me/e/20/e3q8); user_status_history: (sqlite3.OperationalError) database is locked&#10;[SQL: DELETE FROM user_status_history]&#10;(Background on this error at: https://sqlalche.me/e/20/e3q8); settings: (sqlite3.OperationalError) database is locked&#10;[SQL: DELETE FROM settings]&#10;(Background on this error at: https://sqlalche.me/e/20/e3q8); users: (sqlite3.OperationalError) database is locked&#10;[SQL: DELETE FROM users]&#10;(Background on this error at: https://sqlalche.me/e/20/e3q8)&quot;">E   sqlite3.OperationalError: database is locked

The above exception was the direct cause of the following exception:
E   sqlalchemy.exc.OperationalError: (sqlite3.OperationalError) database is locked
    [SQL: DELETE FROM user_sessions]
    (Background on this error at: https://sqlalche.me/e/20/e3q8)

The above exception was the direct cause of the following exception:
E   RuntimeError: Pilote Lot C (cleanup): 5 DELETE en échec — user_sessions: (sqlite3.OperationalError) database is locked
    [SQL: DELETE FROM user_sessions]
    (Background on this error at: https://sqlalche.me/e/20/e3q8); login_history: (sqlite3.OperationalError) database is locked
    [SQL: DELETE FROM login_history]
    (Background on this error at: https://sqlalche.me/e/20/e3q8); user_status_history: (sqlite3.OperationalError) database is locked
    [SQL: DELETE FROM user_status_history]
    (Background on this error at: https://sqlalche.me/e/20/e3q8); settings: (sqlite3.OperationalError) database is locked
    [SQL: DELETE FROM settings]
    (Background on this error at: https://sqlalche.me/e/20/e3q8); users: (sqlite3.OperationalError) database is locked
    [SQL: DELETE FROM users]
    (Background on this error at: https://sqlalche.me/e/20/e3q8)</error></testcase><testcase classname="tests.api.test_admin_user_management" name="test_update_user_role_admin_cannot_downgrade_self" time="33.238"><failure message="sqlalchemy.exc.OperationalError: (sqlite3.OperationalError) database is locked&#10;[SQL: INSERT INTO users (id, username, email, hashed_password, hashed_pin, legacy_external_contact_id, first_name, last_name, phone_number, address, notes, skills, availability, role, status, is_active, site_id) VALUES (?, ?, ?, ?, ?, ?, ?, ?, ?, ?, ?, ?, ?, ?, ?, ?, ?) RETURNING created_at, updated_at]&#10;[parameters: ('4a75e9b324494834892f696990d59d2d', 'mgmt_role_self_a_22bb8721bc', None, '$2b$12$3nZTfp1XV/qM3YDnoVjd1.KtbUVk/gWPLrPYolGkQb.PLmHrRVneq', None, None, 'Ad', 'Min', None, None, None, None, None, 'admin', 'approved', 1, None)]&#10;(Background on this error at: https://sqlalche.me/e/20/e3q8)">E   sqlite3.OperationalError: database is locked

The above exception was the direct cause of the following exception:
E   sqlalchemy.exc.OperationalError: (sqlite3.OperationalError) database is locked
    [SQL: INSERT INTO users (id, username, email, hashed_password, hashed_pin, legacy_external_contact_id, first_name, last_name, phone_number, address, notes, skills, availability, role, status, is_active, site_id) VALUES (?, ?, ?, ?, ?, ?, ?, ?, ?, ?, ?, ?, ?, ?, ?, ?, ?) RETURNING created_at, updated_at]
    [parameters: ('4a75e9b324494834892f696990d59d2d', 'mgmt_role_self_a_22bb8721bc', None, '$2b$12$3nZTfp1XV/qM3YDnoVjd1.KtbUVk/gWPLrPYolGkQb.PLmHrRVneq', None, None, 'Ad', 'Min', None, None, None, None, None, 'admin', 'approved', 1, None)]
    (Background on this error at: https://sqlalche.me/e/20/e3q8)</failure></testcase><testcase classname="tests.api.test_admin_user_management" name="test_update_user_role_admin_cannot_downgrade_self" time="164.628"><error message="failed on teardown with &quot;RuntimeError: Pilote Lot C (cleanup): 5 DELETE en échec — user_sessions: (sqlite3.OperationalError) database is locked&#10;[SQL: DELETE FROM user_sessions]&#10;(Background on this error at: https://sqlalche.me/e/20/e3q8); login_history: (sqlite3.OperationalError) database is locked&#10;[SQL: DELETE FROM login_history]&#10;(Background on this error at: https://sqlalche.me/e/20/e3q8); user_status_history: (sqlite3.OperationalError) database is locked&#10;[SQL: DELETE FROM user_status_history]&#10;(Background on this error at: https://sqlalche.me/e/20/e3q8); settings: (sqlite3.OperationalError) database is locked&#10;[SQL: DELETE FROM settings]&#10;(Background on this error at: https://sqlalche.me/e/20/e3q8); users: (sqlite3.OperationalError) database is locked&#10;[SQL: DELETE FROM users]&#10;(Background on this error at: https://sqlalche.me/e/20/e3q8)&quot;">E   sqlite3.OperationalError: database is locked

The above exception was the direct cause of the following exception:
E   sqlalchemy.exc.OperationalError: (sqlite3.OperationalError) database is locked
    [SQL: DELETE FROM user_sessions]
    (Background on this error at: https://sqlalche.me/e/20/e3q8)

The above exception was the direct cause of the following exception:
E   RuntimeError: Pilote Lot C (cleanup): 5 DELETE en échec — user_sessions: (sqlite3.OperationalError) database is locked
    [SQL: DELETE FROM user_sessions]
    (Background on this error at: https://sqlalche.me/e/20/e3q8); login_history: (sqlite3.OperationalError) database is locked
    [SQL: DELETE FROM login_history]
    (Background on this error at: https://sqlalche.me/e/20/e3q8); user_status_history: (sqlite3.OperationalError) database is locked
    [SQL: DELETE FROM user_status_history]
    (Background on this error at: https://sqlalche.me/e/20/e3q8); settings: (sqlite3.OperationalError) database is locked
    [SQL: DELETE FROM settings]
    (Background on this error at: https://sqlalche.me/e/20/e3q8); users: (sqlite3.OperationalError) database is locked
    [SQL: DELETE FROM users]
    (Background on this error at: https://sqlalche.me/e/20/e3q8)</error></testcase><testcase classname="tests.api.test_admin_user_management" name="test_admin_endpoints_require_admin_role" time="33.230"><failure message="sqlalchemy.exc.OperationalError: (sqlite3.OperationalError) database is locked&#10;[SQL: INSERT INTO users (id, username, email, hashed_password, hashed_pin, legacy_external_contact_id, first_name, last_name, phone_number, address, notes, skills, availability, role, status, is_active, site_id) VALUES (?, ?, ?, ?, ?, ?, ?, ?, ?, ?, ?, ?, ?, ?, ?, ?, ?) RETURNING created_at, updated_at]&#10;[parameters: ('5a4cf3ec59ba4ef9b331828f646fbc6e', 'mgmt_role_norm_28438077db', None, '$2b$12$w3koQMsgS/88gf4OXs5CxOarXU/5vvSyeNAZbGPFwVFIdY1yPKgiG', None, None, 'Normal', 'User', None, None, None, None, None, 'user', 'approved', 1, None)]&#10;(Background on this error at: https://sqlalche.me/e/20/e3q8)">E   sqlite3.OperationalError: database is locked

The above exception was the direct cause of the following exception:
E   sqlalchemy.exc.OperationalError: (sqlite3.OperationalError) database is locked
    [SQL: INSERT INTO users (id, username, email, hashed_password, hashed_pin, legacy_external_contact_id, first_name, last_name, phone_number, address, notes, skills, availability, role, status, is_active, site_id) VALUES (?, ?, ?, ?, ?, ?, ?, ?, ?, ?, ?, ?, ?, ?, ?, ?, ?) RETURNING created_at, updated_at]
    [parameters: ('5a4cf3ec59ba4ef9b331828f646fbc6e', 'mgmt_role_norm_28438077db', None, '$2b$12$w3koQMsgS/88gf4OXs5CxOarXU/5vvSyeNAZbGPFwVFIdY1yPKgiG', None, None, 'Normal', 'User', None, None, None, None, None, 'user', 'approved', 1, None)]
    (Background on this error at: https://sqlalche.me/e/20/e3q8)</failure></testcase><testcase classname="tests.api.test_admin_user_management" name="test_admin_endpoints_require_admin_role" time="164.519"><error message="failed on teardown with &quot;RuntimeError: Pilote Lot C (cleanup): 5 DELETE en échec — user_sessions: (sqlite3.OperationalError) database is locked&#10;[SQL: DELETE FROM user_sessions]&#10;(Background on this error at: https://sqlalche.me/e/20/e3q8); login_history: (sqlite3.OperationalError) database is locked&#10;[SQL: DELETE FROM login_history]&#10;(Background on this error at: https://sqlalche.me/e/20/e3q8); user_status_history: (sqlite3.OperationalError) database is locked&#10;[SQL: DELETE FROM user_status_history]&#10;(Background on this error at: https://sqlalche.me/e/20/e3q8); settings: (sqlite3.OperationalError) database is locked&#10;[SQL: DELETE FROM settings]&#10;(Background on this error at: https://sqlalche.me/e/20/e3q8); users: (sqlite3.OperationalError) database is locked&#10;[SQL: DELETE FROM users]&#10;(Background on this error at: https://sqlalche.me/e/20/e3q8)&quot;">E   sqlite3.OperationalError: database is locked

The above exception was the direct cause of the following exception:
E   sqlalchemy.exc.OperationalError: (sqlite3.OperationalError) database is locked
    [SQL: DELETE FROM user_sessions]
    (Background on this error at: https://sqlalche.me/e/20/e3q8)

The above exception was the direct cause of the following exception:
E   RuntimeError: Pilote Lot C (cleanup): 5 DELETE en échec — user_sessions: (sqlite3.OperationalError) database is locked
    [SQL: DELETE FROM user_sessions]
    (Background on this error at: https://sqlalche.me/e/20/e3q8); login_history: (sqlite3.OperationalError) database is locked
    [SQL: DELETE FROM login_history]
    (Background on this error at: https://sqlalche.me/e/20/e3q8); user_status_history: (sqlite3.OperationalError) database is locked
    [SQL: DELETE FROM user_status_history]
    (Background on this error at: https://sqlalche.me/e/20/e3q8); settings: (sqlite3.OperationalError) database is locked
    [SQL: DELETE FROM settings]
    (Background on this error at: https://sqlalche.me/e/20/e3q8); users: (sqlite3.OperationalError) database is locked
    [SQL: DELETE FROM users]
    (Background on this error at: https://sqlalche.me/e/20/e3q8)</error></testcase><testcase classname="tests.api.test_admin_user_management" name="test_get_user_response_excludes_hashed_password" time="33.235"><failure message="sqlalchemy.exc.OperationalError: (sqlite3.OperationalError) database is locked&#10;[SQL: INSERT INTO users (id, username, email, hashed_password, hashed_pin, legacy_external_contact_id, first_name, last_name, phone_number, address, notes, skills, availability, role, status, is_active, site_id) VALUES (?, ?, ?, ?, ?, ?, ?, ?, ?, ?, ?, ?, ?, ?, ?, ?, ?) RETURNING created_at, updated_at]&#10;[parameters: ('3d76d997b579467bb9a7dec2f578f5b8', 'mgmt_get_one_ccdfb822fb', None, '$2b$12$/rzyo4k1kY4ldAhpY.1bH.4z8v37Jba.vLBQLMYzgwfJ3MQJRbW02', None, None, 'Test', 'User', None, None, None, None, None, 'user', 'approved', 1, None)]&#10;(Background on this error at: https://sqlalche.me/e/20/e3q8)">E   sqlite3.OperationalError: database is locked

The above exception was the direct cause of the following exception:
E   sqlalchemy.exc.OperationalError: (sqlite3.OperationalError) database is locked
    [SQL: INSERT INTO users (id, username, email, hashed_password, hashed_pin, legacy_external_contact_id, first_name, last_name, phone_number, address, notes, skills, availability, role, status, is_active, site_id) VALUES (?, ?, ?, ?, ?, ?, ?, ?, ?, ?, ?, ?, ?, ?, ?, ?, ?) RETURNING created_at, updated_at]
    [parameters: ('3d76d997b579467bb9a7dec2f578f5b8', 'mgmt_get_one_ccdfb822fb', None, '$2b$12$/rzyo4k1kY4ldAhpY.1bH.4z8v37Jba.vLBQLMYzgwfJ3MQJRbW02', None, None, 'Test', 'User', None, None, None, None, None, 'user', 'approved', 1, None)]
    (Background on this error at: https://sqlalche.me/e/20/e3q8)</failure></testcase><testcase classname="tests.api.test_admin_user_management" name="test_get_user_response_excludes_hashed_password" time="164.538"><error message="failed on teardown with &quot;RuntimeError: Pilote Lot C (cleanup): 5 DELETE en échec — user_sessions: (sqlite3.OperationalError) database is locked&#10;[SQL: DELETE FROM user_sessions]&#10;(Background on this error at: https://sqlalche.me/e/20/e3q8); login_history: (sqlite3.OperationalError) database is locked&#10;[SQL: DELETE FROM login_history]&#10;(Background on this error at: https://sqlalche.me/e/20/e3q8); user_status_history: (sqlite3.OperationalError) database is locked&#10;[SQL: DELETE FROM user_status_history]&#10;(Background on this error at: https://sqlalche.me/e/20/e3q8); settings: (sqlite3.OperationalError) database is locked&#10;[SQL: DELETE FROM settings]&#10;(Background on this error at: https://sqlalche.me/e/20/e3q8); users: (sqlite3.OperationalError) database is locked&#10;[SQL: DELETE FROM users]&#10;(Background on this error at: https://sqlalche.me/e/20/e3q8)&quot;">E   sqlite3.OperationalError: database is locked

The above exception was the direct cause of the following exception:
E   sqlalchemy.exc.OperationalError: (sqlite3.OperationalError) database is locked
    [SQL: DELETE FROM user_sessions]
    (Background on this error at: https://sqlalche.me/e/20/e3q8)

The above exception was the direct cause of the following exception:
E   RuntimeError: Pilote Lot C (cleanup): 5 DELETE en échec — user_sessions: (sqlite3.OperationalError) database is locked
    [SQL: DELETE FROM user_sessions]
    (Background on this error at: https://sqlalche.me/e/20/e3q8); login_history: (sqlite3.OperationalError) database is locked
    [SQL: DELETE FROM login_history]
    (Background on this error at: https://sqlalche.me/e/20/e3q8); user_status_history: (sqlite3.OperationalError) database is locked
    [SQL: DELETE FROM user_status_history]
    (Background on this error at: https://sqlalche.me/e/20/e3q8); settings: (sqlite3.OperationalError) database is locked
    [SQL: DELETE FROM settings]
    (Background on this error at: https://sqlalche.me/e/20/e3q8); users: (sqlite3.OperationalError) database is locked
    [SQL: DELETE FROM users]
    (Background on this error at: https://sqlalche.me/e/20/e3q8)</error></testcase><testcase classname="tests.api.test_admin_user_management" name="test_get_users_list_excludes_hashed_password" time="33.273"><failure message="sqlalchemy.exc.OperationalError: (sqlite3.OperationalError) database is locked&#10;[SQL: INSERT INTO users (id, username, email, hashed_password, hashed_pin, legacy_external_contact_id, first_name, last_name, phone_number, address, notes, skills, availability, role, status, is_active, site_id) VALUES (?, ?, ?, ?, ?, ?, ?, ?, ?, ?, ?, ?, ?, ?, ?, ?, ?) RETURNING created_at, updated_at]&#10;[parameters: ('a20404e2a35e494ca2c8c6a839f349d3', 'mgmt_get_list_30af0f8cd9', None, '$2b$12$.hqSRxI3PyQaXC0EzQs1O.vWd7rG5rUyx0QJY.rOTkuhRUVrZWC/i', None, None, 'Test', 'User', None, None, None, None, None, 'user', 'approved', 1, None)]&#10;(Background on this error at: https://sqlalche.me/e/20/e3q8)">E   sqlite3.OperationalError: database is locked

The above exception was the direct cause of the following exception:
E   sqlalchemy.exc.OperationalError: (sqlite3.OperationalError) database is locked
    [SQL: INSERT INTO users (id, username, email, hashed_password, hashed_pin, legacy_external_contact_id, first_name, last_name, phone_number, address, notes, skills, availability, role, status, is_active, site_id) VALUES (?, ?, ?, ?, ?, ?, ?, ?, ?, ?, ?, ?, ?, ?, ?, ?, ?) RETURNING created_at, updated_at]
    [parameters: ('a20404e2a35e494ca2c8c6a839f349d3', 'mgmt_get_list_30af0f8cd9', None, '$2b$12$.hqSRxI3PyQaXC0EzQs1O.vWd7rG5rUyx0QJY.rOTkuhRUVrZWC/i', None, None, 'Test', 'User', None, None, None, None, None, 'user', 'approved', 1, None)]
    (Background on this error at: https://sqlalche.me/e/20/e3q8)</failure></testcase><testcase classname="tests.api.test_admin_user_management" name="test_get_users_list_excludes_hashed_password" time="164.584"><error message="failed on teardown with &quot;RuntimeError: Pilote Lot C (cleanup): 5 DELETE en échec — user_sessions: (sqlite3.OperationalError) database is locked&#10;[SQL: DELETE FROM user_sessions]&#10;(Background on this error at: https://sqlalche.me/e/20/e3q8); login_history: (sqlite3.OperationalError) database is locked&#10;[SQL: DELETE FROM login_history]&#10;(Background on this error at: https://sqlalche.me/e/20/e3q8); user_status_history: (sqlite3.OperationalError) database is locked&#10;[SQL: DELETE FROM user_status_history]&#10;(Background on this error at: https://sqlalche.me/e/20/e3q8); settings: (sqlite3.OperationalError) database is locked&#10;[SQL: DELETE FROM settings]&#10;(Background on this error at: https://sqlalche.me/e/20/e3q8); users: (sqlite3.OperationalError) database is locked&#10;[SQL: DELETE FROM users]&#10;(Background on this error at: https://sqlalche.me/e/20/e3q8)&quot;">E   sqlite3.OperationalError: database is locked

The above exception was the direct cause of the following exception:
E   sqlalchemy.exc.OperationalError: (sqlite3.OperationalError) database is locked
    [SQL: DELETE FROM user_sessions]
    (Background on this error at: https://sqlalche.me/e/20/e3q8)

The above exception was the direct cause of the following exception:
E   RuntimeError: Pilote Lot C (cleanup): 5 DELETE en échec — user_sessions: (sqlite3.OperationalError) database is locked
    [SQL: DELETE FROM user_sessions]
    (Background on this error at: https://sqlalche.me/e/20/e3q8); login_history: (sqlite3.OperationalError) database is locked
    [SQL: DELETE FROM login_history]
    (Background on this error at: https://sqlalche.me/e/20/e3q8); user_status_history: (sqlite3.OperationalError) database is locked
    [SQL: DELETE FROM user_status_history]
    (Background on this error at: https://sqlalche.me/e/20/e3q8); settings: (sqlite3.OperationalError) database is locked
    [SQL: DELETE FROM settings]
    (Background on this error at: https://sqlalche.me/e/20/e3q8); users: (sqlite3.OperationalError) database is locked
    [SQL: DELETE FROM users]
    (Background on this error at: https://sqlalche.me/e/20/e3q8)</error></testcase><testcase classname="tests.api.test_admin_user_management" name="test_update_user_profile_persistence" time="33.213"><failure message="sqlalchemy.exc.OperationalError: (sqlite3.OperationalError) database is locked&#10;[SQL: INSERT INTO users (id, username, email, hashed_password, hashed_pin, legacy_external_contact_id, first_name, last_name, phone_number, address, notes, skills, availability, role, status, is_active, site_id) VALUES (?, ?, ?, ?, ?, ?, ?, ?, ?, ?, ?, ?, ?, ?, ?, ?, ?) RETURNING created_at, updated_at]&#10;[parameters: ('5c645e15647d421c95f4c20572278690', 'mgmt_persist_70c72e4a9f', None, '$2b$12$MwlMQKVA8f3HWoiYeayuLezIbqaZK5DrrrZveH1O9VW.Qq/BjSBem', None, None, 'OldFirst', 'OldLast', None, None, None, None, None, 'user', 'approved', 1, None)]&#10;(Background on this error at: https://sqlalche.me/e/20/e3q8)">E   sqlite3.OperationalError: database is locked

The above exception was the direct cause of the following exception:
E   sqlalchemy.exc.OperationalError: (sqlite3.OperationalError) database is locked
    [SQL: INSERT INTO users (id, username, email, hashed_password, hashed_pin, legacy_external_contact_id, first_name, last_name, phone_number, address, notes, skills, availability, role, status, is_active, site_id) VALUES (?, ?, ?, ?, ?, ?, ?, ?, ?, ?, ?, ?, ?, ?, ?, ?, ?) RETURNING created_at, updated_at]
    [parameters: ('5c645e15647d421c95f4c20572278690', 'mgmt_persist_70c72e4a9f', None, '$2b$12$MwlMQKVA8f3HWoiYeayuLezIbqaZK5DrrrZveH1O9VW.Qq/BjSBem', None, None, 'OldFirst', 'OldLast', None, None, None, None, None, 'user', 'approved', 1, None)]
    (Background on this error at: https://sqlalche.me/e/20/e3q8)</failure></testcase><testcase classname="tests.api.test_admin_user_management" name="test_update_user_profile_persistence" time="164.559"><error message="failed on teardown with &quot;RuntimeError: Pilote Lot C (cleanup): 5 DELETE en échec — user_sessions: (sqlite3.OperationalError) database is locked&#10;[SQL: DELETE FROM user_sessions]&#10;(Background on this error at: https://sqlalche.me/e/20/e3q8); login_history: (sqlite3.OperationalError) database is locked&#10;[SQL: DELETE FROM login_history]&#10;(Background on this error at: https://sqlalche.me/e/20/e3q8); user_status_history: (sqlite3.OperationalError) database is locked&#10;[SQL: DELETE FROM user_status_history]&#10;(Background on this error at: https://sqlalche.me/e/20/e3q8); settings: (sqlite3.OperationalError) database is locked&#10;[SQL: DELETE FROM settings]&#10;(Background on this error at: https://sqlalche.me/e/20/e3q8); users: (sqlite3.OperationalError) database is locked&#10;[SQL: DELETE FROM users]&#10;(Background on this error at: https://sqlalche.me/e/20/e3q8)&quot;">E   sqlite3.OperationalError: database is locked

The above exception was the direct cause of the following exception:
E   sqlalchemy.exc.OperationalError: (sqlite3.OperationalError) database is locked
    [SQL: DELETE FROM user_sessions]
    (Background on this error at: https://sqlalche.me/e/20/e3q8)

The above exception was the direct cause of the following exception:
E   RuntimeError: Pilote Lot C (cleanup): 5 DELETE en échec — user_sessions: (sqlite3.OperationalError) database is locked
    [SQL: DELETE FROM user_sessions]
    (Background on this error at: https://sqlalche.me/e/20/e3q8); login_history: (sqlite3.OperationalError) database is locked
    [SQL: DELETE FROM login_history]
    (Background on this error at: https://sqlalche.me/e/20/e3q8); user_status_history: (sqlite3.OperationalError) database is locked
    [SQL: DELETE FROM user_status_history]
    (Background on this error at: https://sqlalche.me/e/20/e3q8); settings: (sqlite3.OperationalError) database is locked
    [SQL: DELETE FROM settings]
    (Background on this error at: https://sqlalche.me/e/20/e3q8); users: (sqlite3.OperationalError) database is locked
    [SQL: DELETE FROM users]
    (Background on this error at: https://sqlalche.me/e/20/e3q8)</error></testcase><testcase classname="tests.api.test_categories_endpoint" name="test_create_category_success" time="33.168"><error message="failed on setup with &quot;sqlalchemy.exc.OperationalError: (sqlite3.OperationalError) database is locked&#10;[SQL: INSERT INTO users (id, username, email, hashed_password, hashed_pin, legacy_external_contact_id, first_name, last_name, phone_number, address, notes, skills, availability, role, status, is_active, site_id) VALUES (?, ?, ?, ?, ?, ?, ?, ?, ?, ?, ?, ?, ?, ?, ?, ?, ?) RETURNING created_at, updated_at]&#10;[parameters: ('813fa678ec664524978893469aee85bd', 'super_admin_test', 'superadmin@test.com', '$2b$12$LjFlieZrBzplQ1cEJ1Mb5eidSceHCBgAsHbEE/AgZl5dLlWaQcNUi', None, None, None, None, None, None, None, None, None, 'super-admin', 'active', 1, None)]&#10;(Background on this error at: https://sqlalche.me/e/20/e3q8)&quot;">E   sqlite3.OperationalError: database is locked

The above exception was the direct cause of the following exception:
E   sqlalchemy.exc.OperationalError: (sqlite3.OperationalError) database is locked
    [SQL: INSERT INTO users (id, username, email, hashed_password, hashed_pin, legacy_external_contact_id, first_name, last_name, phone_number, address, notes, skills, availability, role, status, is_active, site_id) VALUES (?, ?, ?, ?, ?, ?, ?, ?, ?, ?, ?, ?, ?, ?, ?, ?, ?) RETURNING created_at, updated_at]
    [parameters: ('813fa678ec664524978893469aee85bd', 'super_admin_test', 'superadmin@test.com', '$2b$12$LjFlieZrBzplQ1cEJ1Mb5eidSceHCBgAsHbEE/AgZl5dLlWaQcNUi', None, None, None, None, None, None, None, None, None, 'super-admin', 'active', 1, None)]
    (Background on this error at: https://sqlalche.me/e/20/e3q8)</error></testcase><testcase classname="tests.api.test_categories_endpoint" name="test_create_category_unauthorized" time="0.018" /><testcase classname="tests.api.test_categories_endpoint" name="test_create_category_forbidden_non_super_admin" time="33.238"><error message="failed on setup with &quot;sqlalchemy.exc.OperationalError: (sqlite3.OperationalError) database is locked&#10;[SQL: INSERT INTO users (id, username, email, hashed_password, hashed_pin, legacy_external_contact_id, first_name, last_name, phone_number, address, notes, skills, availability, role, status, is_active, site_id) VALUES (?, ?, ?, ?, ?, ?, ?, ?, ?, ?, ?, ?, ?, ?, ?, ?, ?) RETURNING created_at, updated_at]&#10;[parameters: ('6647ddcf7c634f2c8017de53d60c249c', 'test_user', 'user@test.com', '$2b$12$gDR5m5DchIPXG3UibqaTXe3r6OnTyPZBj9B1NikTP5MJSTrgNj0ym', None, None, None, None, None, None, None, None, None, 'user', 'active', 1, None)]&#10;(Background on this error at: https://sqlalche.me/e/20/e3q8)&quot;">E   sqlite3.OperationalError: database is locked

The above exception was the direct cause of the following exception:
E   sqlalchemy.exc.OperationalError: (sqlite3.OperationalError) database is locked
    [SQL: INSERT INTO users (id, username, email, hashed_password, hashed_pin, legacy_external_contact_id, first_name, last_name, phone_number, address, notes, skills, availability, role, status, is_active, site_id) VALUES (?, ?, ?, ?, ?, ?, ?, ?, ?, ?, ?, ?, ?, ?, ?, ?, ?) RETURNING created_at, updated_at]
    [parameters: ('6647ddcf7c634f2c8017de53d60c249c', 'test_user', 'user@test.com', '$2b$12$gDR5m5DchIPXG3UibqaTXe3r6OnTyPZBj9B1NikTP5MJSTrgNj0ym', None, None, None, None, None, None, None, None, None, 'user', 'active', 1, None)]
    (Background on this error at: https://sqlalche.me/e/20/e3q8)</error></testcase><testcase classname="tests.api.test_categories_endpoint" name="test_create_category_duplicate_name" time="33.139"><error message="failed on setup with &quot;sqlalchemy.exc.OperationalError: (sqlite3.OperationalError) database is locked&#10;[SQL: INSERT INTO users (id, username, email, hashed_password, hashed_pin, legacy_external_contact_id, first_name, last_name, phone_number, address, notes, skills, availability, role, status, is_active, site_id) VALUES (?, ?, ?, ?, ?, ?, ?, ?, ?, ?, ?, ?, ?, ?, ?, ?, ?) RETURNING created_at, updated_at]&#10;[parameters: ('00c03b5965cd46f0923df6749cf71a28', 'super_admin_test', 'superadmin@test.com', '$2b$12$3aQkl.WrKWJLyozfEReBh.6lHzLCj6eRQUORLnAW8be/.XDrYdiCK', None, None, None, None, None, None, None, None, None, 'super-admin', 'active', 1, None)]&#10;(Background on this error at: https://sqlalche.me/e/20/e3q8)&quot;">E   sqlite3.OperationalError: database is locked

The above exception was the direct cause of the following exception:
E   sqlalchemy.exc.OperationalError: (sqlite3.OperationalError) database is locked
    [SQL: INSERT INTO users (id, username, email, hashed_password, hashed_pin, legacy_external_contact_id, first_name, last_name, phone_number, address, notes, skills, availability, role, status, is_active, site_id) VALUES (?, ?, ?, ?, ?, ?, ?, ?, ?, ?, ?, ?, ?, ?, ?, ?, ?) RETURNING created_at, updated_at]
    [parameters: ('00c03b5965cd46f0923df6749cf71a28', 'super_admin_test', 'superadmin@test.com', '$2b$12$3aQkl.WrKWJLyozfEReBh.6lHzLCj6eRQUORLnAW8be/.XDrYdiCK', None, None, None, None, None, None, None, None, None, 'super-admin', 'active', 1, None)]
    (Background on this error at: https://sqlalche.me/e/20/e3q8)</error></testcase><testcase classname="tests.api.test_categories_endpoint" name="test_get_categories_success" time="33.138"><error message="failed on setup with &quot;sqlalchemy.exc.OperationalError: (sqlite3.OperationalError) database is locked&#10;[SQL: INSERT INTO users (id, username, email, hashed_password, hashed_pin, legacy_external_contact_id, first_name, last_name, phone_number, address, notes, skills, availability, role, status, is_active, site_id) VALUES (?, ?, ?, ?, ?, ?, ?, ?, ?, ?, ?, ?, ?, ?, ?, ?, ?) RETURNING created_at, updated_at]&#10;[parameters: ('0e24784cf9124c3d9f5c8bc60523a76f', 'test_user', 'user@test.com', '$2b$12$hfyeamoxbO2eIYTNAkNGmOujC6smF2yr8n5GNfmiOZhlyam3138Pe', None, None, None, None, None, None, None, None, None, 'user', 'active', 1, None)]&#10;(Background on this error at: https://sqlalche.me/e/20/e3q8)&quot;">E   sqlite3.OperationalError: database is locked

The above exception was the direct cause of the following exception:
E   sqlalchemy.exc.OperationalError: (sqlite3.OperationalError) database is locked
    [SQL: INSERT INTO users (id, username, email, hashed_password, hashed_pin, legacy_external_contact_id, first_name, last_name, phone_number, address, notes, skills, availability, role, status, is_active, site_id) VALUES (?, ?, ?, ?, ?, ?, ?, ?, ?, ?, ?, ?, ?, ?, ?, ?, ?) RETURNING created_at, updated_at]
    [parameters: ('0e24784cf9124c3d9f5c8bc60523a76f', 'test_user', 'user@test.com', '$2b$12$hfyeamoxbO2eIYTNAkNGmOujC6smF2yr8n5GNfmiOZhlyam3138Pe', None, None, None, None, None, None, None, None, None, 'user', 'active', 1, None)]
    (Background on this error at: https://sqlalche.me/e/20/e3q8)</error></testcase><testcase classname="tests.api.test_categories_endpoint" name="test_get_categories_filter_active" time="33.154"><error message="failed on setup with &quot;sqlalchemy.exc.OperationalError: (sqlite3.OperationalError) database is locked&#10;[SQL: INSERT INTO users (id, username, email, hashed_password, hashed_pin, legacy_external_contact_id, first_name, last_name, phone_number, address, notes, skills, availability, role, status, is_active, site_id) VALUES (?, ?, ?, ?, ?, ?, ?, ?, ?, ?, ?, ?, ?, ?, ?, ?, ?) RETURNING created_at, updated_at]&#10;[parameters: ('610cedb09f244496bb7087b78c8adbf6', 'test_user', 'user@test.com', '$2b$12$twFTtn9In3O5mIq7RWX2MuuSCE4GRAavF5TLz5oCgkBi3e9UVxmXC', None, None, None, None, None, None, None, None, None, 'user', 'active', 1, None)]&#10;(Background on this error at: https://sqlalche.me/e/20/e3q8)&quot;">E   sqlite3.OperationalError: database is locked

The above exception was the direct cause of the following exception:
E   sqlalchemy.exc.OperationalError: (sqlite3.OperationalError) database is locked
    [SQL: INSERT INTO users (id, username, email, hashed_password, hashed_pin, legacy_external_contact_id, first_name, last_name, phone_number, address, notes, skills, availability, role, status, is_active, site_id) VALUES (?, ?, ?, ?, ?, ?, ?, ?, ?, ?, ?, ?, ?, ?, ?, ?, ?) RETURNING created_at, updated_at]
    [parameters: ('610cedb09f244496bb7087b78c8adbf6', 'test_user', 'user@test.com', '$2b$12$twFTtn9In3O5mIq7RWX2MuuSCE4GRAavF5TLz5oCgkBi3e9UVxmXC', None, None, None, None, None, None, None, None, None, 'user', 'active', 1, None)]
    (Background on this error at: https://sqlalche.me/e/20/e3q8)</error></testcase><testcase classname="tests.api.test_categories_endpoint" name="test_get_categories_unauthorized" time="0.007" /><testcase classname="tests.api.test_categories_endpoint" name="test_get_category_by_id_success" time="33.180"><error message="failed on setup with &quot;sqlalchemy.exc.OperationalError: (sqlite3.OperationalError) database is locked&#10;[SQL: INSERT INTO users (id, username, email, hashed_password, hashed_pin, legacy_external_contact_id, first_name, last_name, phone_number, address, notes, skills, availability, role, status, is_active, site_id) VALUES (?, ?, ?, ?, ?, ?, ?, ?, ?, ?, ?, ?, ?, ?, ?, ?, ?) RETURNING created_at, updated_at]&#10;[parameters: ('00e51e719cb64ba683bb34e81c8626c5', 'test_user', 'user@test.com', '$2b$12$v5ZuOvofRdeZTLMzsuRFS.fwbwQYsGfaim9w6wWMq.Lwr0wgTALvK', None, None, None, None, None, None, None, None, None, 'user', 'active', 1, None)]&#10;(Background on this error at: https://sqlalche.me/e/20/e3q8)&quot;">E   sqlite3.OperationalError: database is locked

The above exception was the direct cause of the following exception:
E   sqlalchemy.exc.OperationalError: (sqlite3.OperationalError) database is locked
    [SQL: INSERT INTO users (id, username, email, hashed_password, hashed_pin, legacy_external_contact_id, first_name, last_name, phone_number, address, notes, skills, availability, role, status, is_active, site_id) VALUES (?, ?, ?, ?, ?, ?, ?, ?, ?, ?, ?, ?, ?, ?, ?, ?, ?) RETURNING created_at, updated_at]
    [parameters: ('00e51e719cb64ba683bb34e81c8626c5', 'test_user', 'user@test.com', '$2b$12$v5ZuOvofRdeZTLMzsuRFS.fwbwQYsGfaim9w6wWMq.Lwr0wgTALvK', None, None, None, None, None, None, None, None, None, 'user', 'active', 1, None)]
    (Background on this error at: https://sqlalche.me/e/20/e3q8)</error></testcase><testcase classname="tests.api.test_categories_endpoint" name="test_get_category_by_id_not_found" time="33.143"><error message="failed on setup with &quot;sqlalchemy.exc.OperationalError: (sqlite3.OperationalError) database is locked&#10;[SQL: INSERT INTO users (id, username, email, hashed_password, hashed_pin, legacy_external_contact_id, first_name, last_name, phone_number, address, notes, skills, availability, role, status, is_active, site_id) VALUES (?, ?, ?, ?, ?, ?, ?, ?, ?, ?, ?, ?, ?, ?, ?, ?, ?) RETURNING created_at, updated_at]&#10;[parameters: ('496c56e3d3984815b38a403413877609', 'test_user', 'user@test.com', '$2b$12$8S6vZ86Zyn75zgUEStGmie0z762wjPpUI79H72uLBwXPzgerXNDwe', None, None, None, None, None, None, None, None, None, 'user', 'active', 1, None)]&#10;(Background on this error at: https://sqlalche.me/e/20/e3q8)&quot;">E   sqlite3.OperationalError: database is locked

The above exception was the direct cause of the following exception:
E   sqlalchemy.exc.OperationalError: (sqlite3.OperationalError) database is locked
    [SQL: INSERT INTO users (id, username, email, hashed_password, hashed_pin, legacy_external_contact_id, first_name, last_name, phone_number, address, notes, skills, availability, role, status, is_active, site_id) VALUES (?, ?, ?, ?, ?, ?, ?, ?, ?, ?, ?, ?, ?, ?, ?, ?, ?) RETURNING created_at, updated_at]
    [parameters: ('496c56e3d3984815b38a403413877609', 'test_user', 'user@test.com', '$2b$12$8S6vZ86Zyn75zgUEStGmie0z762wjPpUI79H72uLBwXPzgerXNDwe', None, None, None, None, None, None, None, None, None, 'user', 'active', 1, None)]
    (Background on this error at: https://sqlalche.me/e/20/e3q8)</error></testcase><testcase classname="tests.api.test_categories_endpoint" name="test_update_category_success" time="33.282"><error message="failed on setup with &quot;sqlalchemy.exc.OperationalError: (sqlite3.OperationalError) database is locked&#10;[SQL: INSERT INTO users (id, username, email, hashed_password, hashed_pin, legacy_external_contact_id, first_name, last_name, phone_number, address, notes, skills, availability, role, status, is_active, site_id) VALUES (?, ?, ?, ?, ?, ?, ?, ?, ?, ?, ?, ?, ?, ?, ?, ?, ?) RETURNING created_at, updated_at]&#10;[parameters: ('dac404be40ad4649a9a69472615e6a9f', 'super_admin_test', 'superadmin@test.com', '$2b$12$rI3lBXqxcJR2xhdj1FwvUOTiN2EGGhQC.uD2vzKHrNnIIv4Qf3wsS', None, None, None, None, None, None, None, None, None, 'super-admin', 'active', 1, None)]&#10;(Background on this error at: https://sqlalche.me/e/20/e3q8)&quot;">E   sqlite3.OperationalError: database is locked

The above exception was the direct cause of the following exception:
E   sqlalchemy.exc.OperationalError: (sqlite3.OperationalError) database is locked
    [SQL: INSERT INTO users (id, username, email, hashed_password, hashed_pin, legacy_external_contact_id, first_name, last_name, phone_number, address, notes, skills, availability, role, status, is_active, site_id) VALUES (?, ?, ?, ?, ?, ?, ?, ?, ?, ?, ?, ?, ?, ?, ?, ?, ?) RETURNING created_at, updated_at]
    [parameters: ('dac404be40ad4649a9a69472615e6a9f', 'super_admin_test', 'superadmin@test.com', '$2b$12$rI3lBXqxcJR2xhdj1FwvUOTiN2EGGhQC.uD2vzKHrNnIIv4Qf3wsS', None, None, None, None, None, None, None, None, None, 'super-admin', 'active', 1, None)]
    (Background on this error at: https://sqlalche.me/e/20/e3q8)</error></testcase><testcase classname="tests.api.test_categories_endpoint" name="test_update_category_forbidden_non_super_admin" time="33.175"><error message="failed on setup with &quot;sqlalchemy.exc.OperationalError: (sqlite3.OperationalError) database is locked&#10;[SQL: INSERT INTO users (id, username, email, hashed_password, hashed_pin, legacy_external_contact_id, first_name, last_name, phone_number, address, notes, skills, availability, role, status, is_active, site_id) VALUES (?, ?, ?, ?, ?, ?, ?, ?, ?, ?, ?, ?, ?, ?, ?, ?, ?) RETURNING created_at, updated_at]&#10;[parameters: ('5591d3445d644057a382347526768176', 'test_user', 'user@test.com', '$2b$12$IJuAJcmM1pOSVz95spHdteNvRF58P.zgYXE2l1KF.mBtU12Ju0Qle', None, None, None, None, None, None, None, None, None, 'user', 'active', 1, None)]&#10;(Background on this error at: https://sqlalche.me/e/20/e3q8)&quot;">E   sqlite3.OperationalError: database is locked

The above exception was the direct cause of the following exception:
E   sqlalchemy.exc.OperationalError: (sqlite3.OperationalError) database is locked
    [SQL: INSERT INTO users (id, username, email, hashed_password, hashed_pin, legacy_external_contact_id, first_name, last_name, phone_number, address, notes, skills, availability, role, status, is_active, site_id) VALUES (?, ?, ?, ?, ?, ?, ?, ?, ?, ?, ?, ?, ?, ?, ?, ?, ?) RETURNING created_at, updated_at]
[...]
644" /><testcase classname="tests.test_step_up_cash_session_close" name="test_close_with_invalid_step_up_pin_forbidden" time="2.451" /><testcase classname="tests.test_step_up_cash_session_close" name="test_close_pin_not_configured_forbidden" time="0.467" /><testcase classname="tests.test_step_up_cash_session_close" name="test_close_step_up_locked_too_many_requests" time="0.759" /><testcase classname="tests.test_step_up_cash_session_close" name="test_idempotency_replays_response" time="0.000"><skipped type="pytest.skip" message="Fermeture caisse complète (join cash_registers) : exécuter sous PostgreSQL">D:\users\Strophe\Documents\1-IA\La Clique Qui Recycle\JARVOS_recyclique\recyclique\api\tests\test_step_up_cash_session_close.py:192: Fermeture caisse complète (join cash_registers) : exécuter sous PostgreSQL</skipped></testcase><testcase classname="tests.test_step_up_cash_session_close" name="test_idempotency_conflict_different_body" time="0.000"><skipped type="pytest.skip" message="Fermeture caisse complète (join cash_registers) : exécuter sous PostgreSQL">D:\users\Strophe\Documents\1-IA\La Clique Qui Recycle\JARVOS_recyclique\recyclique\api\tests\test_step_up_cash_session_close.py:240: Fermeture caisse complète (join cash_registers) : exécuter sous PostgreSQL</skipped></testcase><testcase classname="tests.test_step_up_cash_session_close" name="test_x_request_id_echo_on_response" time="0.008" /><testcase classname="tests.test_step_up_cash_session_close" name="test_x_request_id_echo_on_close_response" time="0.000"><skipped type="pytest.skip" message="Fermeture caisse complète (join cash_registers) : exécuter sous PostgreSQL">D:\users\Strophe\Documents\1-IA\La Clique Qui Recycle\JARVOS_recyclique\recyclique\api\tests\test_step_up_cash_session_close.py:288: Fermeture caisse complète (join cash_registers) : exécuter sous PostgreSQL</skipped></testcase><testcase classname="tests.test_super_admin_bootstrap" name="test_super_admin_created_on_startup_when_env_set_with_username" time="0.399" /><testcase classname="tests.test_super_admin_bootstrap" name="test_super_admin_bootstrap_is_idempotent" time="0.796" /><testcase classname="tests.test_sync_service" name="test_upload_file_to_kdrive_success" time="0.005" /><testcase classname="tests.test_sync_service" name="test_upload_file_retries_then_success" time="10.005" /><testcase classname="tests.test_sync_service" name="test_upload_file_failure_logs_no_external_notify" time="0.005"><failure message="NameError: name 'logging' is not defined. Did you forget to import 'logging'?">E   NameError: name 'logging' is not defined. Did you forget to import 'logging'?</failure></testcase><testcase classname="tests.test_sync_service" name="test_sync_directory_uploads_all_files" time="0.006" /><testcase classname="tests.test_sync_service" name="test_schedule_periodic_sync_disabled" time="0.002" /><testcase classname="tests.test_sync_service" name="test_schedule_periodic_sync_enabled" time="0.003" /><testcase classname="tests.test_template_offline" name="test_generate_template_script_structure" time="0.003" /><testcase classname="tests.test_template_offline" name="test_generate_template_script_encoding" time="0.001" /><testcase classname="tests.test_template_offline" name="test_register_admin_templates_offline_routes_importable" time="0.001" /><testcase classname="tests.test_template_offline" name="test_template_endpoint_download" time="0.300" /><testcase classname="tests.test_template_offline" name="test_template_endpoint_download_super_admin" time="0.390" /><testcase classname="tests.test_template_offline" name="test_template_endpoint_content_structure" time="0.741" /><testcase classname="tests.test_template_offline" name="test_template_endpoint_requires_admin" time="0.007" /><testcase classname="tests.test_template_offline" name="test_template_complete_cycle" time="0.763" /><testcase classname="tests.test_template_offline" name="test_template_utf8_bom_compatibility" time="0.001" /><testcase classname="tests.test_template_offline" name="test_template_contains_example_row" time="0.001" /><testcase classname="tests.test_transaction_logging.TestTransactionLogging" name="test_log_transaction_event_format" time="0.114" /><testcase classname="tests.test_transaction_logging.TestTransactionLogging" name="test_log_transaction_event_timestamp" time="0.113" /><testcase classname="tests.test_transaction_logging.TestTransactionLogging" name="test_log_transaction_event_best_effort" time="0.003" /><testcase classname="tests.test_transaction_logging.TestTransactionLogging" name="test_multiple_events" time="0.215" /><testcase classname="tests.test_transaction_logging_integration.TestSessionOpeningLogging" name="test_session_opened_is_logged" time="0.310" /><testcase classname="tests.test_transaction_logging_integration.TestPaymentValidationLogging" name="test_payment_validated_is_logged" time="0.620" /><testcase classname="tests.test_transaction_logging_integration.TestTransactionLogEndpoint" name="test_transaction_log_endpoint_requires_auth" time="0.013" /><testcase classname="tests.test_transaction_logging_integration.TestTransactionLogEndpoint" name="test_transaction_log_endpoint_logs_ticket_opened" time="0.650" /><testcase classname="tests.test_transaction_logging_integration.TestTransactionLogEndpoint" name="test_transaction_log_endpoint_logs_ticket_reset" time="0.595" /><testcase classname="tests.test_transaction_logging_integration.TestTransactionLogEndpoint" name="test_transaction_log_endpoint_logs_anomaly_detected" time="0.627" /><testcase classname="tests.test_transaction_logs_api.TestTransactionLogsAPI" name="test_get_transaction_logs_requires_admin" time="0.008" /><testcase classname="tests.test_transaction_logs_api.TestTransactionLogsAPI" name="test_get_transaction_logs_success" time="0.345" /><testcase classname="tests.test_transaction_logs_api.TestTransactionLogsAPI" name="test_get_transaction_logs_pagination" time="0.812" /><testcase classname="tests.test_transaction_logs_api.TestTransactionLogsAPI" name="test_get_transaction_logs_filter_by_event_type" time="0.343" /><testcase classname="tests.test_transaction_logs_api.TestTransactionLogsAPI" name="test_get_transaction_logs_filter_by_user_id" time="0.637" /><testcase classname="tests.test_transaction_logs_api.TestTransactionLogsAPI" name="test_get_transaction_logs_filter_by_session_id" time="0.590" /><testcase classname="tests.test_transaction_logs_api.TestTransactionLogsAPI" name="test_get_transaction_logs_filter_by_date_range" time="0.754" /><testcase classname="tests.test_transaction_logs_api.TestTransactionLogsAPI" name="test_get_transaction_logs_combined_filters" time="0.312" /><testcase classname="tests.test_transaction_logs_api.TestTransactionLogsAPI" name="test_get_transaction_logs_empty_result" time="0.313" /><testcase classname="tests.test_unified_live_stats.TestUnifiedLiveStatsService" name="test_get_unified_live_stats_daily_period" time="0.317" /><testcase classname="tests.test_unified_live_stats.TestUnifiedLiveStatsService" name="test_get_unified_live_stats_24h_period" time="0.416" /><testcase classname="tests.test_unified_live_stats.TestUnifiedLiveStatsService" name="test_calculate_cash_stats" time="0.622" /><testcase classname="tests.test_unified_live_stats.TestUnifiedLiveStatsEndpoint" name="test_get_unified_live_stats_endpoint_success" time="0.598" /><testcase classname="tests.test_unified_live_stats.TestUnifiedLiveStatsEndpoint" name="test_get_unified_live_stats_endpoint_with_period_type" time="0.333" /><testcase classname="tests.test_unified_live_stats.TestUnifiedLiveStatsEndpoint" name="test_get_unified_live_stats_endpoint_requires_admin" time="0.552" /><testcase classname="tests.test_unified_live_stats.TestUnifiedLiveStatsEndpoint" name="test_unified_stats_coherence_with_old_endpoints" time="0.314" /><testcase classname="tests.test_user_creation" name="test_create_user_success" time="0.579" /><testcase classname="tests.test_user_creation" name="test_create_user_username_already_exists" time="0.013" /><testcase classname="tests.test_user_creation" name="test_create_user_invalid_password_too_short" time="0.009" /><testcase classname="tests.test_user_creation" name="test_create_user_invalid_password_no_uppercase" time="0.009" /><testcase classname="tests.test_user_creation" name="test_create_user_invalid_password_no_lowercase" time="0.009" /><testcase classname="tests.test_user_creation" name="test_create_user_invalid_password_no_digit" time="0.009" /><testcase classname="tests.test_user_creation" name="test_create_user_invalid_password_no_special_char" time="0.010" /><testcase classname="tests.test_user_creation" name="test_create_user_invalid_username_too_short" time="0.011" /><testcase classname="tests.test_user_creation" name="test_create_user_invalid_username_format" time="0.009" /><testcase classname="tests.test_user_creation" name="test_create_user_missing_required_fields" time="0.010" /><testcase classname="tests.test_user_creation" name="test_create_user_optional_fields_omitted" time="0.585" /><testcase classname="tests.test_user_creation" name="test_create_user_with_all_fields" time="0.297"><failure message="sqlalchemy.exc.StatementError: (builtins.AttributeError) 'str' object has no attribute 'hex'&#10;[SQL: INSERT INTO users (id, username, email, hashed_password, hashed_pin, legacy_external_contact_id, first_name, last_name, phone_number, address, notes, skills, availability, role, status, is_active, site_id) VALUES (?, ?, ?, ?, ?, ?, ?, ?, ?, ?, ?, ?, ?, ?, ?, ?, ?) RETURNING created_at, updated_at]&#10;[parameters: [{'status': &lt;UserStatus.APPROVED: 'approved'&gt;, 'hashed_password': '$2b$12$wIN78RSnIlBjsF2st5NoweOgGJp7q.6hkopvw1SexTmfZB/VSK4x.', 'is_active': True, 'r ... (171 characters truncated) ... one, 'hashed_pin': None, 'legacy_external_contact_id': None, 'skills': None, 'email': None, 'availability': None, 'phone_number': None, 'notes': None}]]">E   AttributeError: 'str' object has no attribute 'hex'

The above exception was the direct cause of the following exception:
E   sqlalchemy.exc.StatementError: (builtins.AttributeError) 'str' object has no attribute 'hex'
    [SQL: INSERT INTO users (id, username, email, hashed_password, hashed_pin, legacy_external_contact_id, first_name, last_name, phone_number, address, notes, skills, availability, role, status, is_active, site_id) VALUES (?, ?, ?, ?, ?, ?, ?, ?, ?, ?, ?, ?, ?, ?, ?, ?, ?) RETURNING created_at, updated_at]
    [parameters: [{'status': &lt;UserStatus.APPROVED: 'approved'&gt;, 'hashed_password': '$2b$12$wIN78RSnIlBjsF2st5NoweOgGJp7q.6hkopvw1SexTmfZB/VSK4x.', 'is_active': True, 'r ... (171 characters truncated) ... one, 'hashed_pin': None, 'legacy_external_contact_id': None, 'skills': None, 'email': None, 'availability': None, 'phone_number': None, 'notes': None}]]</failure></testcase><testcase classname="tests.test_user_creation" name="test_create_user_unknown_json_field_not_persisted_to_legacy_contact" time="0.393" /><testcase classname="tests.test_user_groups.TestUserGroups" name="test_update_user_groups_success" time="1.575" /><testcase classname="tests.test_user_groups.TestUserGroups" name="test_update_user_groups_user_not_found" time="0.313" /><testcase classname="tests.test_user_groups.TestUserGroups" name="test_update_user_groups_invalid_group_id" time="0.593" /><testcase classname="tests.test_user_groups.TestUserGroups" name="test_update_user_groups_nonexistent_group" time="0.710" /><testcase classname="tests.test_user_groups.TestUserGroups" name="test_update_user_groups_empty_list" time="0.641" /><testcase classname="tests.test_user_groups.TestUserGroups" name="test_update_user_groups_unauthorized" time="0.724" /><testcase classname="tests.test_user_groups.TestUserGroups" name="test_update_user_groups_non_admin" time="0.842" /><testcase classname="tests.test_user_history_endpoint.TestUserHistoryEndpoint" name="test_get_user_history_success" time="1.180" /><testcase classname="tests.test_user_history_endpoint.TestUserHistoryEndpoint" name="test_get_user_history_with_filters" time="0.953" /><testcase classname="tests.test_user_history_endpoint.TestUserHistoryEndpoint" name="test_get_user_history_pagination" time="1.244" /><testcase classname="tests.test_user_history_endpoint.TestUserHistoryEndpoint" name="test_get_user_history_user_not_found" time="1.202" /><testcase classname="tests.test_user_history_endpoint.TestUserHistoryEndpoint" name="test_get_user_history_unauthorized" time="0.787" /><testcase classname="tests.test_user_history_endpoint.TestUserHistoryEndpoint" name="test_get_user_history_invalid_user_id" time="0.614" /><testcase classname="tests.test_user_history_endpoint.TestUserHistoryEndpoint" name="test_get_user_history_empty_history" time="1.033" /><testcase classname="tests.test_user_history_endpoint.TestUserHistoryEndpoint" name="test_get_user_history_event_metadata" time="0.633" /><testcase classname="tests.test_user_identity" name="test_username_for_audit_username_only_no_legacy_fallback[alice-123-alice]" time="0.001" /><testcase classname="tests.test_user_identity" name="test_username_for_audit_username_only_no_legacy_fallback[-ext42-None]" time="0.001" /><testcase classname="tests.test_user_identity" name="test_username_for_audit_username_only_no_legacy_fallback[None-999-None]" time="0.001" /><testcase classname="tests.test_user_identity" name="test_username_for_audit_username_only_no_legacy_fallback[None-None-None]" time="0.001" /><testcase classname="tests.test_user_identity" name="test_username_for_audit_username_only_no_legacy_fallback[  bob  -x-bob]" time="0.001" /><testcase classname="tests.test_user_permissions.TestUserPermissions" name="test_get_my_permissions_super_admin" time="0.949" /><testcase classname="tests.test_user_permissions.TestUserPermissions" name="test_get_my_permissions_regular_user" time="4.088" /><testcase classname="tests.test_user_permissions.TestUserPermissions" name="test_get_my_permissions_user_with_groups" time="0.859" /><testcase classname="tests.test_user_permissions.TestUserPermissions" name="test_get_my_permissions_unauthorized" time="0.019" /><testcase classname="tests.test_user_profile_endpoints.TestUserProfileEndpoints" name="test_get_user_with_profile_fields" time="0.026" /><testcase classname="tests.test_user_profile_endpoints.TestUserProfileEndpoints" name="test_put_user_with_profile_fields" time="0.039" /><testcase classname="tests.test_user_profile_endpoints.TestUserProfileEndpoints" name="test_put_user_partial_update" time="0.042" /><testcase classname="tests.test_user_profile_endpoints.TestUserProfileEndpoints" name="test_put_user_clear_profile_fields" time="0.030" /><testcase classname="tests.test_user_profile_endpoints.TestUserProfileEndpoints" name="test_user_profile_fields_validation" time="0.043" /><testcase classname="tests.test_user_profile_persistence" name="test_user_profile_persistence_two_separate_requests" time="0.037" /><testcase classname="tests.test_user_profile_persistence" name="test_user_profile_persistence_with_uuid_without_hyphens" time="0.027" /><testcase classname="tests.test_user_profile_persistence" name="test_user_profile_persistence_with_valid_uuid_still_works" time="0.025" /><testcase classname="tests.test_user_self_endpoints.TestUserSelfEndpoints" name="test_get_me_json_matches_user_response_when_legacy_contact_set_in_db" time="1.608" /><testcase classname="tests.test_user_self_endpoints.TestUserSelfEndpoints" name="test_update_me" time="0.655" /><testcase classname="tests.test_user_self_endpoints.TestUserSelfEndpoints" name="test_change_password" time="0.860" /><testcase classname="tests.test_user_statuses.TestUserStatuses" name="test_get_user_statuses_requires_auth" time="0.627" /><testcase classname="tests.test_user_statuses.TestUserStatuses" name="test_get_user_statuses_with_valid_auth" time="1.296" /><testcase classname="tests.test_user_statuses.TestUserStatuses" name="test_user_statuses_structure" time="1.341" /><testcase classname="tests.test_user_statuses.TestUserStatuses" name="test_online_offline_counts" time="0.948" /><testcase classname="tests.test_user_statuses.TestUserStatuses" name="test_redis_activity_priority" time="1.073" /><testcase classname="tests.test_user_statuses.TestUserStatuses" name="test_user_offline_after_logout" time="1.464" /><testcase classname="tests.test_user_statuses.TestUserStatuses" name="test_user_statuses_many_requests_under_pytest" time="1.232" /><testcase classname="tests.test_user_statuses_endpoint.TestUserStatusesEndpoint" name="test_get_user_statuses_requires_admin_auth" time="0.008" /><testcase classname="tests.test_user_statuses_endpoint.TestUserStatusesEndpoint" name="test_get_user_statuses_requires_admin_role" time="0.298" /><testcase classname="tests.test_user_statuses_endpoint.TestUserStatusesEndpoint" name="test_get_user_statuses_success_with_admin" time="0.874" /><testcase classname="tests.test_user_statuses_endpoint.TestUserStatusesEndpoint" name="test_get_user_statuses_with_no_logins" time="0.587" /><testcase classname="tests.test_user_statuses_endpoint.TestUserStatusesEndpoint" name="test_get_user_statuses_with_failed_logins" time="0.615" /><testcase classname="tests.test_user_statuses_endpoint.TestUserStatusesEndpoint" name="test_get_user_statuses_threshold_boundary" time="0.895" /><testcase classname="tests.test_user_statuses_endpoint.TestUserStatusesEndpoint" name="test_get_user_statuses_performance" time="3.134" /><testcase classname="tests.test_uuid_validation.TestUUIDValidation" name="test_validate_and_convert_uuid_valid_with_hyphens" time="0.001" /><testcase classname="tests.test_uuid_validation.TestUUIDValidation" name="test_validate_and_convert_uuid_valid_without_hyphens" time="0.001" /><testcase classname="tests.test_uuid_validation.TestUUIDValidation" name="test_validate_and_convert_uuid_invalid_format" time="0.001" /><testcase classname="tests.test_uuid_validation.TestUUIDValidation" name="test_validate_and_convert_uuid_empty_string" time="0.001" /><testcase classname="tests.test_uuid_validation.TestUUIDValidation" name="test_is_valid_uuid_valid_cases" time="0.001" /><testcase classname="tests.test_uuid_validation.TestUUIDValidation" name="test_is_valid_uuid_invalid_cases" time="0.001" /><testcase classname="tests.test_uuid_validation.TestUUIDValidation" name="test_roundtrip_conversion" time="0.001" /><testcase classname="tests.test_web_session_v2_cookies.TestWebSessionV2Cookies" name="test_login_sets_cookies_when_use_web_session_cookies_true" time="0.583" /><testcase classname="tests.test_web_session_v2_cookies.TestWebSessionV2Cookies" name="test_protected_route_accepts_access_cookie_without_bearer" time="0.610" /><testcase classname="tests.test_web_session_v2_cookies.TestWebSessionV2Cookies" name="test_refresh_with_cookie_only_rotates_and_sets_cookies" time="1.340" /><testcase classname="tests.test_web_session_v2_cookies.TestWebSessionV2Cookies" name="test_login_without_web_session_flag_does_not_set_session_cookies" time="0.593" /><testcase classname="tests.test_web_session_v2_cookies.TestWebSessionV2Cookies" name="test_bearer_header_takes_priority_over_invalid_access_cookie" time="0.598" /><testcase classname="tests.test_web_session_v2_cookies.TestWebSessionV2Cookies" name="test_sales_detail_accepts_access_cookie_without_bearer" time="0.603" /><testcase classname="tests.test_web_session_v2_cookies.TestWebSessionV2Cookies" name="test_logout_clears_session_and_subsequent_me_is_unauthorized" time="0.607" /><testcase classname="tests.test_web_session_v2_cookies.TestWebSessionV2Cookies" name="test_admin_strict_route_forbids_without_credentials" time="0.007" /><testcase classname="tests.test_web_session_v2_cookies.TestWebSessionV2Cookies" name="test_refresh_without_body_or_cookie_returns_422" time="0.008" /><testcase classname="tests.test_web_session_v2_cookies.TestWebSessionV2Cookies" name="test_pin_auth_does_not_set_web_session_cookies" time="0.875" /></testsuite></testsuites>