<?xml version="1.0" encoding="utf-8"?><testsuites name="pytest tests"><testsuite name="pytest" errors="130" failures="53" skipped="66" tests="1535" time="14041.802" timestamp="2026-04-10T06:11:51.645885+02:00" hostname="STROPHE-AI"><testcase classname="tests.api.test_admin_endpoints" name="test_get_users_success" time="33.077"><error message="failed on setup with &quot;sqlalchemy.exc.OperationalError: (sqlite3.OperationalError) database is locked&#10;[SQL: INSERT INTO users (id, username, email, hashed_password, hashed_pin, legacy_external_contact_id, first_name, last_name, phone_number, address, notes, skills, availability, role, status, is_active, site_id) VALUES (?, ?, ?, ?, ?, ?, ?, ?, ?, ?, ?, ?, ?, ?, ?, ?, ?) RETURNING created_at, updated_at]&#10;[parameters: ('0597245873ea4ead8b825d2ef1e76330', 'admin_test_0c30cf1322e0', 'admin_0c30cf1322e0@test.com', 'hashed_password', None, None, None, None, None, None, None, None, None, 'admin', 'approved', 1, None)]&#10;(Background on this error at: https://sqlalche.me/e/20/e3q8)&quot;">E   sqlite3.OperationalError: database is locked

The above exception was the direct cause of the following exception:
E   sqlalchemy.exc.OperationalError: (sqlite3.OperationalError) database is locked
    [SQL: INSERT INTO users (id, username, email, hashed_password, hashed_pin, legacy_external_contact_id, first_name, last_name, phone_number, address, notes, skills, availability, role, status, is_active, site_id) VALUES (?, ?, ?, ?, ?, ?, ?, ?, ?, ?, ?, ?, ?, ?, ?, ?, ?) RETURNING created_at, updated_at]
    [parameters: ('0597245873ea4ead8b825d2ef1e76330', 'admin_test_0c30cf1322e0', 'admin_0c30cf1322e0@test.com', 'hashed_password', None, None, None, None, None, None, None, None, None, 'admin', 'approved', 1, None)]
    (Background on this error at: https://sqlalche.me/e/20/e3q8)</error></testcase><testcase classname="tests.api.test_admin_endpoints" name="test_get_users_with_filters" time="32.866"><error message="failed on setup with &quot;sqlalchemy.exc.OperationalError: (sqlite3.OperationalError) database is locked&#10;[SQL: INSERT INTO users (id, username, email, hashed_password, hashed_pin, legacy_external_contact_id, first_name, last_name, phone_number, address, notes, skills, availability, role, status, is_active, site_id) VALUES (?, ?, ?, ?, ?, ?, ?, ?, ?, ?, ?, ?, ?, ?, ?, ?, ?) RETURNING created_at, updated_at]&#10;[parameters: ('ce17b46cb3b44c758ffc7a94ef0c354f', 'admin_test_202d16c16348', 'admin_202d16c16348@test.com', 'hashed_password', None, None, None, None, None, None, None, None, None, 'admin', 'approved', 1, None)]&#10;(Background on this error at: https://sqlalche.me/e/20/e3q8)&quot;">E   sqlite3.OperationalError: database is locked

The above exception was the direct cause of the following exception:
E   sqlalchemy.exc.OperationalError: (sqlite3.OperationalError) database is locked
    [SQL: INSERT INTO users (id, username, email, hashed_password, hashed_pin, legacy_external_contact_id, first_name, last_name, phone_number, address, notes, skills, availability, role, status, is_active, site_id) VALUES (?, ?, ?, ?, ?, ?, ?, ?, ?, ?, ?, ?, ?, ?, ?, ?, ?) RETURNING created_at, updated_at]
    [parameters: ('ce17b46cb3b44c758ffc7a94ef0c354f', 'admin_test_202d16c16348', 'admin_202d16c16348@test.com', 'hashed_password', None, None, None, None, None, None, None, None, None, 'admin', 'approved', 1, None)]
    (Background on this error at: https://sqlalche.me/e/20/e3q8)</error></testcase><testcase classname="tests.api.test_admin_endpoints" name="test_update_user_role_user_not_found" time="32.830"><error message="failed on setup with &quot;sqlalchemy.exc.OperationalError: (sqlite3.OperationalError) database is locked&#10;[SQL: INSERT INTO users (id, username, email, hashed_password, hashed_pin, legacy_external_contact_id, first_name, last_name, phone_number, address, notes, skills, availability, role, status, is_active, site_id) VALUES (?, ?, ?, ?, ?, ?, ?, ?, ?, ?, ?, ?, ?, ?, ?, ?, ?) RETURNING created_at, updated_at]&#10;[parameters: ('3ca215a6cfb9470e99c6c4e4cf0782b7', 'admin_test_697014f173b4', 'admin_697014f173b4@test.com', 'hashed_password', None, None, None, None, None, None, None, None, None, 'admin', 'approved', 1, None)]&#10;(Background on this error at: https://sqlalche.me/e/20/e3q8)&quot;">E   sqlite3.OperationalError: database is locked

The above exception was the direct cause of the following exception:
E   sqlalchemy.exc.OperationalError: (sqlite3.OperationalError) database is locked
    [SQL: INSERT INTO users (id, username, email, hashed_password, hashed_pin, legacy_external_contact_id, first_name, last_name, phone_number, address, notes, skills, availability, role, status, is_active, site_id) VALUES (?, ?, ?, ?, ?, ?, ?, ?, ?, ?, ?, ?, ?, ?, ?, ?, ?) RETURNING created_at, updated_at]
    [parameters: ('3ca215a6cfb9470e99c6c4e4cf0782b7', 'admin_test_697014f173b4', 'admin_697014f173b4@test.com', 'hashed_password', None, None, None, None, None, None, None, None, None, 'admin', 'approved', 1, None)]
    (Background on this error at: https://sqlalche.me/e/20/e3q8)</error></testcase><testcase classname="tests.api.test_admin_endpoints" name="test_update_user_role_invalid_role" time="32.873"><error message="failed on setup with &quot;sqlalchemy.exc.OperationalError: (sqlite3.OperationalError) database is locked&#10;[SQL: INSERT INTO users (id, username, email, hashed_password, hashed_pin, legacy_external_contact_id, first_name, last_name, phone_number, address, notes, skills, availability, role, status, is_active, site_id) VALUES (?, ?, ?, ?, ?, ?, ?, ?, ?, ?, ?, ?, ?, ?, ?, ?, ?) RETURNING created_at, updated_at]&#10;[parameters: ('784d364a463e4333ba9cce93f01cae31', 'admin_test_97e8244664c1', 'admin_97e8244664c1@test.com', 'hashed_password', None, None, None, None, None, None, None, None, None, 'admin', 'approved', 1, None)]&#10;(Background on this error at: https://sqlalche.me/e/20/e3q8)&quot;">E   sqlite3.OperationalError: database is locked

The above exception was the direct cause of the following exception:
E   sqlalchemy.exc.OperationalError: (sqlite3.OperationalError) database is locked
    [SQL: INSERT INTO users (id, username, email, hashed_password, hashed_pin, legacy_external_contact_id, first_name, last_name, phone_number, address, notes, skills, availability, role, status, is_active, site_id) VALUES (?, ?, ?, ?, ?, ?, ?, ?, ?, ?, ?, ?, ?, ?, ?, ?, ?) RETURNING created_at, updated_at]
    [parameters: ('784d364a463e4333ba9cce93f01cae31', 'admin_test_97e8244664c1', 'admin_97e8244664c1@test.com', 'hashed_password', None, None, None, None, None, None, None, None, None, 'admin', 'approved', 1, None)]
    (Background on this error at: https://sqlalche.me/e/20/e3q8)</error></testcase><testcase classname="tests.api.test_admin_endpoints" name="test_update_user_role_valid_role" time="32.867"><error message="failed on setup with &quot;sqlalchemy.exc.OperationalError: (sqlite3.OperationalError) database is locked&#10;[SQL: INSERT INTO users (id, username, email, hashed_password, hashed_pin, legacy_external_contact_id, first_name, last_name, phone_number, address, notes, skills, availability, role, status, is_active, site_id) VALUES (?, ?, ?, ?, ?, ?, ?, ?, ?, ?, ?, ?, ?, ?, ?, ?, ?) RETURNING created_at, updated_at]&#10;[parameters: ('85351577392c494fb985fa73d138082e', 'admin_test_590b386361e5', 'admin_590b386361e5@test.com', 'hashed_password', None, None, None, None, None, None, None, None, None, 'admin', 'approved', 1, None)]&#10;(Background on this error at: https://sqlalche.me/e/20/e3q8)&quot;">E   sqlite3.OperationalError: database is locked

The above exception was the direct cause of the following exception:
E   sqlalchemy.exc.OperationalError: (sqlite3.OperationalError) database is locked
    [SQL: INSERT INTO users (id, username, email, hashed_password, hashed_pin, legacy_external_contact_id, first_name, last_name, phone_number, address, notes, skills, availability, role, status, is_active, site_id) VALUES (?, ?, ?, ?, ?, ?, ?, ?, ?, ?, ?, ?, ?, ?, ?, ?, ?) RETURNING created_at, updated_at]
    [parameters: ('85351577392c494fb985fa73d138082e', 'admin_test_590b386361e5', 'admin_590b386361e5@test.com', 'hashed_password', None, None, None, None, None, None, None, None, None, 'admin', 'approved', 1, None)]
    (Background on this error at: https://sqlalche.me/e/20/e3q8)</error></testcase><testcase classname="tests.api.test_admin_endpoints" name="test_admin_endpoints_structure" time="32.888"><error message="failed on setup with &quot;sqlalchemy.exc.OperationalError: (sqlite3.OperationalError) database is locked&#10;[SQL: INSERT INTO users (id, username, email, hashed_password, hashed_pin, legacy_external_contact_id, first_name, last_name, phone_number, address, notes, skills, availability, role, status, is_active, site_id) VALUES (?, ?, ?, ?, ?, ?, ?, ?, ?, ?, ?, ?, ?, ?, ?, ?, ?) RETURNING created_at, updated_at]&#10;[parameters: ('de9a4f1f61c2474a9834d054026d527b', 'admin_test_5831e312fce8', 'admin_5831e312fce8@test.com', 'hashed_password', None, None, None, None, None, None, None, None, None, 'admin', 'approved', 1, None)]&#10;(Background on this error at: https://sqlalche.me/e/20/e3q8)&quot;">E   sqlite3.OperationalError: database is locked

The above exception was the direct cause of the following exception:
E   sqlalchemy.exc.OperationalError: (sqlite3.OperationalError) database is locked
    [SQL: INSERT INTO users (id, username, email, hashed_password, hashed_pin, legacy_external_contact_id, first_name, last_name, phone_number, address, notes, skills, availability, role, status, is_active, site_id) VALUES (?, ?, ?, ?, ?, ?, ?, ?, ?, ?, ?, ?, ?, ?, ?, ?, ?) RETURNING created_at, updated_at]
    [parameters: ('de9a4f1f61c2474a9834d054026d527b', 'admin_test_5831e312fce8', 'admin_5831e312fce8@test.com', 'hashed_password', None, None, None, None, None, None, None, None, None, 'admin', 'approved', 1, None)]
    (Background on this error at: https://sqlalche.me/e/20/e3q8)</error></testcase><testcase classname="tests.api.test_admin_endpoints" name="test_update_user_profile_success" time="32.808"><error message="failed on setup with &quot;sqlalchemy.exc.OperationalError: (sqlite3.OperationalError) database is locked&#10;[SQL: INSERT INTO users (id, username, email, hashed_password, hashed_pin, legacy_external_contact_id, first_name, last_name, phone_number, address, notes, skills, availability, role, status, is_active, site_id) VALUES (?, ?, ?, ?, ?, ?, ?, ?, ?, ?, ?, ?, ?, ?, ?, ?, ?) RETURNING created_at, updated_at]&#10;[parameters: ('004d3965a64a4affbc90a04bee466c9a', 'admin_test_a0c9844a4b13', 'admin_a0c9844a4b13@test.com', 'hashed_password', None, None, None, None, None, None, None, None, None, 'admin', 'approved', 1, None)]&#10;(Background on this error at: https://sqlalche.me/e/20/e3q8)&quot;">E   sqlite3.OperationalError: database is locked

The above exception was the direct cause of the following exception:
E   sqlalchemy.exc.OperationalError: (sqlite3.OperationalError) database is locked
    [SQL: INSERT INTO users (id, username, email, hashed_password, hashed_pin, legacy_external_contact_id, first_name, last_name, phone_number, address, notes, skills, availability, role, status, is_active, site_id) VALUES (?, ?, ?, ?, ?, ?, ?, ?, ?, ?, ?, ?, ?, ?, ?, ?, ?) RETURNING created_at, updated_at]
    [parameters: ('004d3965a64a4affbc90a04bee466c9a', 'admin_test_a0c9844a4b13', 'admin_a0c9844a4b13@test.com', 'hashed_password', None, None, None, None, None, None, None, None, None, 'admin', 'approved', 1, None)]
    (Background on this error at: https://sqlalche.me/e/20/e3q8)</error></testcase><testcase classname="tests.api.test_admin_endpoints" name="test_trigger_reset_password_no_email" time="32.830"><error message="failed on setup with &quot;sqlalchemy.exc.OperationalError: (sqlite3.OperationalError) database is locked&#10;[SQL: INSERT INTO users (id, username, email, hashed_password, hashed_pin, legacy_external_contact_id, first_name, last_name, phone_number, address, notes, skills, availability, role, status, is_active, site_id) VALUES (?, ?, ?, ?, ?, ?, ?, ?, ?, ?, ?, ?, ?, ?, ?, ?, ?) RETURNING created_at, updated_at]&#10;[parameters: ('5e9d70c410d44aa7a4a8080461fec38c', 'admin_test_cece567896c2', 'admin_cece567896c2@test.com', 'hashed_password', None, None, None, None, None, None, None, None, None, 'admin', 'approved', 1, None)]&#10;(Background on this error at: https://sqlalche.me/e/20/e3q8)&quot;">E   sqlite3.OperationalError: database is locked

The above exception was the direct cause of the following exception:
E   sqlalchemy.exc.OperationalError: (sqlite3.OperationalError) database is locked
    [SQL: INSERT INTO users (id, username, email, hashed_password, hashed_pin, legacy_external_contact_id, first_name, last_name, phone_number, address, notes, skills, availability, role, status, is_active, site_id) VALUES (?, ?, ?, ?, ?, ?, ?, ?, ?, ?, ?, ?, ?, ?, ?, ?, ?) RETURNING created_at, updated_at]
    [parameters: ('5e9d70c410d44aa7a4a8080461fec38c', 'admin_test_cece567896c2', 'admin_cece567896c2@test.com', 'hashed_password', None, None, None, None, None, None, None, None, None, 'admin', 'approved', 1, None)]
    (Background on this error at: https://sqlalche.me/e/20/e3q8)</error></testcase><testcase classname="tests.api.test_admin_user_management" name="test_update_user_status_success" time="33.143"><failure message="sqlalchemy.exc.OperationalError: (sqlite3.OperationalError) database is locked&#10;[SQL: INSERT INTO users (id, username, email, hashed_password, hashed_pin, legacy_external_contact_id, first_name, last_name, phone_number, address, notes, skills, availability, role, status, is_active, site_id) VALUES (?, ?, ?, ?, ?, ?, ?, ?, ?, ?, ?, ?, ?, ?, ?, ?, ?) RETURNING created_at, updated_at]&#10;[parameters: ('4d25d4f7fa134b61837fca8a42aa91f6', 'mgmt_st_ok_u_c3453abc74', None, '$2b$12$PtFL3KaJtTg640PZjA5b8urz4vDPH53hsnymAgzBNkscIj7Nl7lPG', None, None, 'Test', 'User', None, None, None, None, None, 'user', 'approved', 1, None)]&#10;(Background on this error at: https://sqlalche.me/e/20/e3q8)">E   sqlite3.OperationalError: database is locked

The above exception was the direct cause of the following exception:
E   sqlalchemy.exc.OperationalError: (sqlite3.OperationalError) database is locked
    [SQL: INSERT INTO users (id, username, email, hashed_password, hashed_pin, legacy_external_contact_id, first_name, last_name, phone_number, address, notes, skills, availability, role, status, is_active, site_id) VALUES (?, ?, ?, ?, ?, ?, ?, ?, ?, ?, ?, ?, ?, ?, ?, ?, ?) RETURNING created_at, updated_at]
    [parameters: ('4d25d4f7fa134b61837fca8a42aa91f6', 'mgmt_st_ok_u_c3453abc74', None, '$2b$12$PtFL3KaJtTg640PZjA5b8urz4vDPH53hsnymAgzBNkscIj7Nl7lPG', None, None, 'Test', 'User', None, None, None, None, None, 'user', 'approved', 1, None)]
    (Background on this error at: https://sqlalche.me/e/20/e3q8)</failure></testcase><testcase classname="tests.api.test_admin_user_management" name="test_update_user_status_success" time="164.413"><error message="failed on teardown with &quot;RuntimeError: Pilote Lot C (cleanup): 5 DELETE en échec — user_sessions: (sqlite3.OperationalError) database is locked&#10;[SQL: DELETE FROM user_sessions]&#10;(Background on this error at: https://sqlalche.me/e/20/e3q8); login_history: (sqlite3.OperationalError) database is locked&#10;[SQL: DELETE FROM login_history]&#10;(Background on this error at: https://sqlalche.me/e/20/e3q8); user_status_history: (sqlite3.OperationalError) database is locked&#10;[SQL: DELETE FROM user_status_history]&#10;(Background on this error at: https://sqlalche.me/e/20/e3q8); settings: (sqlite3.OperationalError) database is locked&#10;[SQL: DELETE FROM settings]&#10;(Background on this error at: https://sqlalche.me/e/20/e3q8); users: (sqlite3.OperationalError) database is locked&#10;[SQL: DELETE FROM users]&#10;(Background on this error at: https://sqlalche.me/e/20/e3q8)&quot;">E   sqlite3.OperationalError: database is locked

The above exception was the direct cause of the following exception:
E   sqlalchemy.exc.OperationalError: (sqlite3.OperationalError) database is locked
    [SQL: DELETE FROM user_sessions]
    (Background on this error at: https://sqlalche.me/e/20/e3q8)

The above exception was the direct cause of the following exception:
E   RuntimeError: Pilote Lot C (cleanup): 5 DELETE en échec — user_sessions: (sqlite3.OperationalError) database is locked
    [SQL: DELETE FROM user_sessions]
    (Background on this error at: https://sqlalche.me/e/20/e3q8); login_history: (sqlite3.OperationalError) database is locked
    [SQL: DELETE FROM login_history]
    (Background on this error at: https://sqlalche.me/e/20/e3q8); user_status_history: (sqlite3.OperationalError) database is locked
    [SQL: DELETE FROM user_status_history]
    (Background on this error at: https://sqlalche.me/e/20/e3q8); settings: (sqlite3.OperationalError) database is locked
    [SQL: DELETE FROM settings]
    (Background on this error at: https://sqlalche.me/e/20/e3q8); users: (sqlite3.OperationalError) database is locked
    [SQL: DELETE FROM users]
    (Background on this error at: https://sqlalche.me/e/20/e3q8)</error></testcase><testcase classname="tests.api.test_admin_user_management" name="test_update_user_status_user_not_found" time="33.156"><failure message="sqlalchemy.exc.OperationalError: (sqlite3.OperationalError) database is locked&#10;[SQL: INSERT INTO users (id, username, email, hashed_password, hashed_pin, legacy_external_contact_id, first_name, last_name, phone_number, address, notes, skills, availability, role, status, is_active, site_id) VALUES (?, ?, ?, ?, ?, ?, ?, ?, ?, ?, ?, ?, ?, ?, ?, ?, ?) RETURNING created_at, updated_at]&#10;[parameters: ('1e71ac8e68bd47cf888a1eddb6257122', 'mgmt_st_nf_a_dafa98e043', None, '$2b$12$RY9cfJhJ5loncvcT82XkGe/nbcSywy/rJucV2EpfHgSPv1MMHVJ5S', None, None, 'Admin', 'User', None, None, None, None, None, 'admin', 'approved', 1, None)]&#10;(Background on this error at: https://sqlalche.me/e/20/e3q8)">E   sqlite3.OperationalError: database is locked

The above exception was the direct cause of the following exception:
E   sqlalchemy.exc.OperationalError: (sqlite3.OperationalError) database is locked
    [SQL: INSERT INTO users (id, username, email, hashed_password, hashed_pin, legacy_external_contact_id, first_name, last_name, phone_number, address, notes, skills, availability, role, status, is_active, site_id) VALUES (?, ?, ?, ?, ?, ?, ?, ?, ?, ?, ?, ?, ?, ?, ?, ?, ?) RETURNING created_at, updated_at]
    [parameters: ('1e71ac8e68bd47cf888a1eddb6257122', 'mgmt_st_nf_a_dafa98e043', None, '$2b$12$RY9cfJhJ5loncvcT82XkGe/nbcSywy/rJucV2EpfHgSPv1MMHVJ5S', None, None, 'Admin', 'User', None, None, None, None, None, 'admin', 'approved', 1, None)]
    (Background on this error at: https://sqlalche.me/e/20/e3q8)</failure></testcase><testcase classname="tests.api.test_admin_user_management" name="test_update_user_status_user_not_found" time="164.395"><error message="failed on teardown with &quot;RuntimeError: Pilote Lot C (cleanup): 5 DELETE en échec — user_sessions: (sqlite3.OperationalError) database is locked&#10;[SQL: DELETE FROM user_sessions]&#10;(Background on this error at: https://sqlalche.me/e/20/e3q8); login_history: (sqlite3.OperationalError) database is locked&#10;[SQL: DELETE FROM login_history]&#10;(Background on this error at: https://sqlalche.me/e/20/e3q8); user_status_history: (sqlite3.OperationalError) database is locked&#10;[SQL: DELETE FROM user_status_history]&#10;(Background on this error at: https://sqlalche.me/e/20/e3q8); settings: (sqlite3.OperationalError) database is locked&#10;[SQL: DELETE FROM settings]&#10;(Background on this error at: https://sqlalche.me/e/20/e3q8); users: (sqlite3.OperationalError) database is locked&#10;[SQL: DELETE FROM users]&#10;(Background on this error at: https://sqlalche.me/e/20/e3q8)&quot;">E   sqlite3.OperationalError: database is locked

The above exception was the direct cause of the following exception:
E   sqlalchemy.exc.OperationalError: (sqlite3.OperationalError) database is locked
    [SQL: DELETE FROM user_sessions]
    (Background on this error at: https://sqlalche.me/e/20/e3q8)

The above exception was the direct cause of the following exception:
E   RuntimeError: Pilote Lot C (cleanup): 5 DELETE en échec — user_sessions: (sqlite3.OperationalError) database is locked
    [SQL: DELETE FROM user_sessions]
    (Background on this error at: https://sqlalche.me/e/20/e3q8); login_history: (sqlite3.OperationalError) database is locked
    [SQL: DELETE FROM login_history]
    (Background on this error at: https://sqlalche.me/e/20/e3q8); user_status_history: (sqlite3.OperationalError) database is locked
    [SQL: DELETE FROM user_status_history]
    (Background on this error at: https://sqlalche.me/e/20/e3q8); settings: (sqlite3.OperationalError) database is locked
    [SQL: DELETE FROM settings]
    (Background on this error at: https://sqlalche.me/e/20/e3q8); users: (sqlite3.OperationalError) database is locked
    [SQL: DELETE FROM users]
    (Background on this error at: https://sqlalche.me/e/20/e3q8)</error></testcase><testcase classname="tests.api.test_admin_user_management" name="test_update_user_status_admin_cannot_deactivate_self" time="33.166"><failure message="sqlalchemy.exc.OperationalError: (sqlite3.OperationalError) database is locked&#10;[SQL: INSERT INTO users (id, username, email, hashed_password, hashed_pin, legacy_external_contact_id, first_name, last_name, phone_number, address, notes, skills, availability, role, status, is_active, site_id) VALUES (?, ?, ?, ?, ?, ?, ?, ?, ?, ?, ?, ?, ?, ?, ?, ?, ?) RETURNING created_at, updated_at]&#10;[parameters: ('99d3b387846d49ea9e47ab1cd6cffbd4', 'mgmt_st_self_a_6a126c9220', None, '$2b$12$dXyWwOw5prhiFIRig/7X8ONzrkOYFr8a4BfK/lkciGvq/4HWJAYWy', None, None, 'Admin', 'User', None, None, None, None, None, 'admin', 'approved', 1, None)]&#10;(Background on this error at: https://sqlalche.me/e/20/e3q8)">E   sqlite3.OperationalError: database is locked

The above exception was the direct cause of the following exception:
E   sqlalchemy.exc.OperationalError: (sqlite3.OperationalError) database is locked
    [SQL: INSERT INTO users (id, username, email, hashed_password, hashed_pin, legacy_external_contact_id, first_name, last_name, phone_number, address, notes, skills, availability, role, status, is_active, site_id) VALUES (?, ?, ?, ?, ?, ?, ?, ?, ?, ?, ?, ?, ?, ?, ?, ?, ?) RETURNING created_at, updated_at]
    [parameters: ('99d3b387846d49ea9e47ab1cd6cffbd4', 'mgmt_st_self_a_6a126c9220', None, '$2b$12$dXyWwOw5prhiFIRig/7X8ONzrkOYFr8a4BfK/lkciGvq/4HWJAYWy', None, None, 'Admin', 'User', None, None, None, None, None, 'admin', 'approved', 1, None)]
    (Background on this error at: https://sqlalche.me/e/20/e3q8)</failure></testcase><testcase classname="tests.api.test_admin_user_management" name="test_update_user_status_admin_cannot_deactivate_self" time="164.385"><error message="failed on teardown with &quot;RuntimeError: Pilote Lot C (cleanup): 5 DELETE en échec — user_sessions: (sqlite3.OperationalError) database is locked&#10;[SQL: DELETE FROM user_sessions]&#10;(Background on this error at: https://sqlalche.me/e/20/e3q8); login_history: (sqlite3.OperationalError) database is locked&#10;[SQL: DELETE FROM login_history]&#10;(Background on this error at: https://sqlalche.me/e/20/e3q8); user_status_history: (sqlite3.OperationalError) database is locked&#10;[SQL: DELETE FROM user_status_history]&#10;(Background on this error at: https://sqlalche.me/e/20/e3q8); settings: (sqlite3.OperationalError) database is locked&#10;[SQL: DELETE FROM settings]&#10;(Background on this error at: https://sqlalche.me/e/20/e3q8); users: (sqlite3.OperationalError) database is locked&#10;[SQL: DELETE FROM users]&#10;(Background on this error at: https://sqlalche.me/e/20/e3q8)&quot;">E   sqlite3.OperationalError: database is locked

The above exception was the direct cause of the following exception:
E   sqlalchemy.exc.OperationalError: (sqlite3.OperationalError) database is locked
    [SQL: DELETE FROM user_sessions]
    (Background on this error at: https://sqlalche.me/e/20/e3q8)

The above exception was the direct cause of the following exception:
E   RuntimeError: Pilote Lot C (cleanup): 5 DELETE en échec — user_sessions: (sqlite3.OperationalError) database is locked
    [SQL: DELETE FROM user_sessions]
    (Background on this error at: https://sqlalche.me/e/20/e3q8); login_history: (sqlite3.OperationalError) database is locked
    [SQL: DELETE FROM login_history]
    (Background on this error at: https://sqlalche.me/e/20/e3q8); user_status_history: (sqlite3.OperationalError) database is locked
    [SQL: DELETE FROM user_status_history]
    (Background on this error at: https://sqlalche.me/e/20/e3q8); settings: (sqlite3.OperationalError) database is locked
    [SQL: DELETE FROM settings]
    (Background on this error at: https://sqlalche.me/e/20/e3q8); users: (sqlite3.OperationalError) database is locked
    [SQL: DELETE FROM users]
    (Background on this error at: https://sqlalche.me/e/20/e3q8)</error></testcase><testcase classname="tests.api.test_admin_user_management" name="test_update_user_profile_success" time="33.163"><failure message="sqlalchemy.exc.OperationalError: (sqlite3.OperationalError) database is locked&#10;[SQL: INSERT INTO users (id, username, email, hashed_password, hashed_pin, legacy_external_contact_id, first_name, last_name, phone_number, address, notes, skills, availability, role, status, is_active, site_id) VALUES (?, ?, ?, ?, ?, ?, ?, ?, ?, ?, ?, ?, ?, ?, ?, ?, ?) RETURNING created_at, updated_at]&#10;[parameters: ('54c0902a206d421abef6866937b03774', 'mgmt_pr_ok_u_e32e51fba1', None, '$2b$12$1INCq/oKr.jBFmj/xwQKw.Q0TjPwfyxnsNV2Sr3KHc7nZGJ7axLXW', None, None, 'Old', 'Name', None, None, None, None, None, 'user', 'approved', 1, None)]&#10;(Background on this error at: https://sqlalche.me/e/20/e3q8)">E   sqlite3.OperationalError: database is locked

The above exception was the direct cause of the following exception:
E   sqlalchemy.exc.OperationalError: (sqlite3.OperationalError) database is locked
    [SQL: INSERT INTO users (id, username, email, hashed_password, hashed_pin, legacy_external_contact_id, first_name, last_name, phone_number, address, notes, skills, availability, role, status, is_active, site_id) VALUES (?, ?, ?, ?, ?, ?, ?, ?, ?, ?, ?, ?, ?, ?, ?, ?, ?) RETURNING created_at, updated_at]
    [parameters: ('54c0902a206d421abef6866937b03774', 'mgmt_pr_ok_u_e32e51fba1', None, '$2b$12$1INCq/oKr.jBFmj/xwQKw.Q0TjPwfyxnsNV2Sr3KHc7nZGJ7axLXW', None, None, 'Old', 'Name', None, None, None, None, None, 'user', 'approved', 1, None)]
    (Background on this error at: https://sqlalche.me/e/20/e3q8)</failure></testcase><testcase classname="tests.api.test_admin_user_management" name="test_update_user_profile_success" time="164.243"><error message="failed on teardown with &quot;RuntimeError: Pilote Lot C (cleanup): 5 DELETE en échec — user_sessions: (sqlite3.OperationalError) database is locked&#10;[SQL: DELETE FROM user_sessions]&#10;(Background on this error at: https://sqlalche.me/e/20/e3q8); login_history: (sqlite3.OperationalError) database is locked&#10;[SQL: DELETE FROM login_history]&#10;(Background on this error at: https://sqlalche.me/e/20/e3q8); user_status_history: (sqlite3.OperationalError) database is locked&#10;[SQL: DELETE FROM user_status_history]&#10;(Background on this error at: https://sqlalche.me/e/20/e3q8); settings: (sqlite3.OperationalError) database is locked&#10;[SQL: DELETE FROM settings]&#10;(Background on this error at: https://sqlalche.me/e/20/e3q8); users: (sqlite3.OperationalError) database is locked&#10;[SQL: DELETE FROM users]&#10;(Background on this error at: https://sqlalche.me/e/20/e3q8)&quot;">E   sqlite3.OperationalError: database is locked

The above exception was the direct cause of the following exception:
E   sqlalchemy.exc.OperationalError: (sqlite3.OperationalError) database is locked
    [SQL: DELETE FROM user_sessions]
    (Background on this error at: https://sqlalche.me/e/20/e3q8)

The above exception was the direct cause of the following exception:
E   RuntimeError: Pilote Lot C (cleanup): 5 DELETE en échec — user_sessions: (sqlite3.OperationalError) database is locked
    [SQL: DELETE FROM user_sessions]
    (Background on this error at: https://sqlalche.me/e/20/e3q8); login_history: (sqlite3.OperationalError) database is locked
    [SQL: DELETE FROM login_history]
    (Background on this error at: https://sqlalche.me/e/20/e3q8); user_status_history: (sqlite3.OperationalError) database is locked
    [SQL: DELETE FROM user_status_history]
    (Background on this error at: https://sqlalche.me/e/20/e3q8); settings: (sqlite3.OperationalError) database is locked
    [SQL: DELETE FROM settings]
    (Background on this error at: https://sqlalche.me/e/20/e3q8); users: (sqlite3.OperationalError) database is locked
    [SQL: DELETE FROM users]
    (Background on this error at: https://sqlalche.me/e/20/e3q8)</error></testcase><testcase classname="tests.api.test_admin_user_management" name="test_update_user_profile_partial_update" time="33.116"><failure message="sqlalchemy.exc.OperationalError: (sqlite3.OperationalError) database is locked&#10;[SQL: INSERT INTO users (id, username, email, hashed_password, hashed_pin, legacy_external_contact_id, first_name, last_name, phone_number, address, notes, skills, availability, role, status, is_active, site_id) VALUES (?, ?, ?, ?, ?, ?, ?, ?, ?, ?, ?, ?, ?, ?, ?, ?, ?) RETURNING created_at, updated_at]&#10;[parameters: ('f3c29b59876a4a63bf8f5994c6f55985', 'mgmt_pr_part_u_120f777540', None, '$2b$12$rh.Hf.Nu/TKtT3jAG5BiIOBdZa.KJwgVr.DQv/6VKndfs5bR2Erfa', None, None, 'Old', 'Name', None, None, None, None, None, 'user', 'approved', 1, None)]&#10;(Background on this error at: https://sqlalche.me/e/20/e3q8)">E   sqlite3.OperationalError: database is locked

The above exception was the direct cause of the following exception:
E   sqlalchemy.exc.OperationalError: (sqlite3.OperationalError) database is locked
    [SQL: INSERT INTO users (id, username, email, hashed_password, hashed_pin, legacy_external_contact_id, first_name, last_name, phone_number, address, notes, skills, availability, role, status, is_active, site_id) VALUES (?, ?, ?, ?, ?, ?, ?, ?, ?, ?, ?, ?, ?, ?, ?, ?, ?) RETURNING created_at, updated_at]
    [parameters: ('f3c29b59876a4a63bf8f5994c6f55985', 'mgmt_pr_part_u_120f777540', None, '$2b$12$rh.Hf.Nu/TKtT3jAG5BiIOBdZa.KJwgVr.DQv/6VKndfs5bR2Erfa', None, None, 'Old', 'Name', None, None, None, None, None, 'user', 'approved', 1, None)]
    (Background on this error at: https://sqlalche.me/e/20/e3q8)</failure></testcase><testcase classname="tests.api.test_admin_user_management" name="test_update_user_profile_partial_update" time="164.314"><error message="failed on teardown with &quot;RuntimeError: Pilote Lot C (cleanup): 5 DELETE en échec — user_sessions: (sqlite3.OperationalError) database is locked&#10;[SQL: DELETE FROM user_sessions]&#10;(Background on this error at: https://sqlalche.me/e/20/e3q8); login_history: (sqlite3.OperationalError) database is locked&#10;[SQL: DELETE FROM login_history]&#10;(Background on this error at: https://sqlalche.me/e/20/e3q8); user_status_history: (sqlite3.OperationalError) database is locked&#10;[SQL: DELETE FROM user_status_history]&#10;(Background on this error at: https://sqlalche.me/e/20/e3q8); settings: (sqlite3.OperationalError) database is locked&#10;[SQL: DELETE FROM settings]&#10;(Background on this error at: https://sqlalche.me/e/20/e3q8); users: (sqlite3.OperationalError) database is locked&#10;[SQL: DELETE FROM users]&#10;(Background on this error at: https://sqlalche.me/e/20/e3q8)&quot;">E   sqlite3.OperationalError: database is locked

The above exception was the direct cause of the following exception:
E   sqlalchemy.exc.OperationalError: (sqlite3.OperationalError) database is locked
    [SQL: DELETE FROM user_sessions]
    (Background on this error at: https://sqlalche.me/e/20/e3q8)

The above exception was the direct cause of the following exception:
E   RuntimeError: Pilote Lot C (cleanup): 5 DELETE en échec — user_sessions: (sqlite3.OperationalError) database is locked
    [SQL: DELETE FROM user_sessions]
    (Background on this error at: https://sqlalche.me/e/20/e3q8); login_history: (sqlite3.OperationalError) database is locked
    [SQL: DELETE FROM login_history]
    (Background on this error at: https://sqlalche.me/e/20/e3q8); user_status_history: (sqlite3.OperationalError) database is locked
    [SQL: DELETE FROM user_status_history]
    (Background on this error at: https://sqlalche.me/e/20/e3q8); settings: (sqlite3.OperationalError) database is locked
    [SQL: DELETE FROM settings]
    (Background on this error at: https://sqlalche.me/e/20/e3q8); users: (sqlite3.OperationalError) database is locked
    [SQL: DELETE FROM users]
    (Background on this error at: https://sqlalche.me/e/20/e3q8)</error></testcase><testcase classname="tests.api.test_admin_user_management" name="test_update_user_profile_no_fields_provided" time="33.166"><failure message="sqlalchemy.exc.OperationalError: (sqlite3.OperationalError) database is locked&#10;[SQL: INSERT INTO users (id, username, email, hashed_password, hashed_pin, legacy_external_contact_id, first_name, last_name, phone_number, address, notes, skills, availability, role, status, is_active, site_id) VALUES (?, ?, ?, ?, ?, ?, ?, ?, ?, ?, ?, ?, ?, ?, ?, ?, ?) RETURNING created_at, updated_at]&#10;[parameters: ('137f7f0788554326af2835676022a347', 'mgmt_pr_empty_u_a75123aef2', None, '$2b$12$zZ9tMonb3foGXLP6QwrArOHHrZ4/47Uka8h6pzbVXdZ7QU05b.vpa', None, None, 'Test', 'User', None, None, None, None, None, 'user', 'approved', 1, None)]&#10;(Background on this error at: https://sqlalche.me/e/20/e3q8)">E   sqlite3.OperationalError: database is locked

The above exception was the direct cause of the following exception:
E   sqlalchemy.exc.OperationalError: (sqlite3.OperationalError) database is locked
    [SQL: INSERT INTO users (id, username, email, hashed_password, hashed_pin, legacy_external_contact_id, first_name, last_name, phone_number, address, notes, skills, availability, role, status, is_active, site_id) VALUES (?, ?, ?, ?, ?, ?, ?, ?, ?, ?, ?, ?, ?, ?, ?, ?, ?) RETURNING created_at, updated_at]
    [parameters: ('137f7f0788554326af2835676022a347', 'mgmt_pr_empty_u_a75123aef2', None, '$2b$12$zZ9tMonb3foGXLP6QwrArOHHrZ4/47Uka8h6pzbVXdZ7QU05b.vpa', None, None, 'Test', 'User', None, None, None, None, None, 'user', 'approved', 1, None)]
    (Background on this error at: https://sqlalche.me/e/20/e3q8)</failure></testcase><testcase classname="tests.api.test_admin_user_management" name="test_update_user_profile_no_fields_provided" time="164.321"><error message="failed on teardown with &quot;RuntimeError: Pilote Lot C (cleanup): 5 DELETE en échec — user_sessions: (sqlite3.OperationalError) database is locked&#10;[SQL: DELETE FROM user_sessions]&#10;(Background on this error at: https://sqlalche.me/e/20/e3q8); login_history: (sqlite3.OperationalError) database is locked&#10;[SQL: DELETE FROM login_history]&#10;(Background on this error at: https://sqlalche.me/e/20/e3q8); user_status_history: (sqlite3.OperationalError) database is locked&#10;[SQL: DELETE FROM user_status_history]&#10;(Background on this error at: https://sqlalche.me/e/20/e3q8); settings: (sqlite3.OperationalError) database is locked&#10;[SQL: DELETE FROM settings]&#10;(Background on this error at: https://sqlalche.me/e/20/e3q8); users: (sqlite3.OperationalError) database is locked&#10;[SQL: DELETE FROM users]&#10;(Background on this error at: https://sqlalche.me/e/20/e3q8)&quot;">E   sqlite3.OperationalError: database is locked

The above exception was the direct cause of the following exception:
E   sqlalchemy.exc.OperationalError: (sqlite3.OperationalError) database is locked
    [SQL: DELETE FROM user_sessions]
    (Background on this error at: https://sqlalche.me/e/20/e3q8)

The above exception was the direct cause of the following exception:
E   RuntimeError: Pilote Lot C (cleanup): 5 DELETE en échec — user_sessions: (sqlite3.OperationalError) database is locked
    [SQL: DELETE FROM user_sessions]
    (Background on this error at: https://sqlalche.me/e/20/e3q8); login_history: (sqlite3.OperationalError) database is locked
    [SQL: DELETE FROM login_history]
    (Background on this error at: https://sqlalche.me/e/20/e3q8); user_status_history: (sqlite3.OperationalError) database is locked
    [SQL: DELETE FROM user_status_history]
    (Background on this error at: https://sqlalche.me/e/20/e3q8); settings: (sqlite3.OperationalError) database is locked
    [SQL: DELETE FROM settings]
    (Background on this error at: https://sqlalche.me/e/20/e3q8); users: (sqlite3.OperationalError) database is locked
    [SQL: DELETE FROM users]
    (Background on this error at: https://sqlalche.me/e/20/e3q8)</error></testcase><testcase classname="tests.api.test_admin_user_management" name="test_update_user_profile_user_not_found" time="33.140"><failure message="sqlalchemy.exc.OperationalError: (sqlite3.OperationalError) database is locked&#10;[SQL: INSERT INTO users (id, username, email, hashed_password, hashed_pin, legacy_external_contact_id, first_name, last_name, phone_number, address, notes, skills, availability, role, status, is_active, site_id) VALUES (?, ?, ?, ?, ?, ?, ?, ?, ?, ?, ?, ?, ?, ?, ?, ?, ?) RETURNING created_at, updated_at]&#10;[parameters: ('35abaf4939e24df9ae6e2e8dee9bdc9b', 'mgmt_pr_nf_a_b124306a86', None, '$2b$12$3bnQ29sG2e4mAp8ePVOnFuRJ4ZF9CCdc8LtnnLOXpD.jSsT6sD.au', None, None, 'Admin', 'User', None, None, None, None, None, 'admin', 'approved', 1, None)]&#10;(Background on this error at: https://sqlalche.me/e/20/e3q8)">E   sqlite3.OperationalError: database is locked

The above exception was the direct cause of the following exception:
E   sqlalchemy.exc.OperationalError: (sqlite3.OperationalError) database is locked
    [SQL: INSERT INTO users (id, username, email, hashed_password, hashed_pin, legacy_external_contact_id, first_name, last_name, phone_number, address, notes, skills, availability, role, status, is_active, site_id) VALUES (?, ?, ?, ?, ?, ?, ?, ?, ?, ?, ?, ?, ?, ?, ?, ?, ?) RETURNING created_at, updated_at]
    [parameters: ('35abaf4939e24df9ae6e2e8dee9bdc9b', 'mgmt_pr_nf_a_b124306a86', None, '$2b$12$3bnQ29sG2e4mAp8ePVOnFuRJ4ZF9CCdc8LtnnLOXpD.jSsT6sD.au', None, None, 'Admin', 'User', None, None, None, None, None, 'admin', 'approved', 1, None)]
    (Background on this error at: https://sqlalche.me/e/20/e3q8)</failure></testcase><testcase classname="tests.api.test_admin_user_management" name="test_update_user_profile_user_not_found" time="164.350"><error message="failed on teardown with &quot;RuntimeError: Pilote Lot C (cleanup): 5 DELETE en échec — user_sessions: (sqlite3.OperationalError) database is locked&#10;[SQL: DELETE FROM user_sessions]&#10;(Background on this error at: https://sqlalche.me/e/20/e3q8); login_history: (sqlite3.OperationalError) database is locked&#10;[SQL: DELETE FROM login_history]&#10;(Background on this error at: https://sqlalche.me/e/20/e3q8); user_status_history: (sqlite3.OperationalError) database is locked&#10;[SQL: DELETE FROM user_status_history]&#10;(Background on this error at: https://sqlalche.me/e/20/e3q8); settings: (sqlite3.OperationalError) database is locked&#10;[SQL: DELETE FROM settings]&#10;(Background on this error at: https://sqlalche.me/e/20/e3q8); users: (sqlite3.OperationalError) database is locked&#10;[SQL: DELETE FROM users]&#10;(Background on this error at: https://sqlalche.me/e/20/e3q8)&quot;">E   sqlite3.OperationalError: database is locked

The above exception was the direct cause of the following exception:
E   sqlalchemy.exc.OperationalError: (sqlite3.OperationalError) database is locked
    [SQL: DELETE FROM user_sessions]
    (Background on this error at: https://sqlalche.me/e/20/e3q8)

The above exception was the direct cause of the following exception:
E   RuntimeError: Pilote Lot C (cleanup): 5 DELETE en échec — user_sessions: (sqlite3.OperationalError) database is locked
    [SQL: DELETE FROM user_sessions]
    (Background on this error at: https://sqlalche.me/e/20/e3q8); login_history: (sqlite3.OperationalError) database is locked
    [SQL: DELETE FROM login_history]
    (Background on this error at: https://sqlalche.me/e/20/e3q8); user_status_history: (sqlite3.OperationalError) database is locked
    [SQL: DELETE FROM user_status_history]
    (Background on this error at: https://sqlalche.me/e/20/e3q8); settings: (sqlite3.OperationalError) database is locked
    [SQL: DELETE FROM settings]
    (Background on this error at: https://sqlalche.me/e/20/e3q8); users: (sqlite3.OperationalError) database is locked
    [SQL: DELETE FROM users]
    (Background on this error at: https://sqlalche.me/e/20/e3q8)</error></testcase><testcase classname="tests.api.test_admin_user_management" name="test_update_user_role_success" time="33.154"><failure message="sqlalchemy.exc.OperationalError: (sqlite3.OperationalError) database is locked&#10;[SQL: INSERT INTO users (id, username, email, hashed_password, hashed_pin, legacy_external_contact_id, first_name, last_name, phone_number, address, notes, skills, availability, role, status, is_active, site_id) VALUES (?, ?, ?, ?, ?, ?, ?, ?, ?, ?, ?, ?, ?, ?, ?, ?, ?) RETURNING created_at, updated_at]&#10;[parameters: ('0a04c25975af4bbb8353aac9df0647f3', 'mgmt_role_ok_u_e8007c9a9b', None, '$2b$12$T71hRHzZ72Kjqd7spYCUrOEXHjjw2ZsvkbQ3KHk6njUrwJLsf365G', None, None, 'U', 'Ser', None, None, None, None, None, 'user', 'approved', 1, None)]&#10;(Background on this error at: https://sqlalche.me/e/20/e3q8)">E   sqlite3.OperationalError: database is locked

The above exception was the direct cause of the following exception:
E   sqlalchemy.exc.OperationalError: (sqlite3.OperationalError) database is locked
    [SQL: INSERT INTO users (id, username, email, hashed_password, hashed_pin, legacy_external_contact_id, first_name, last_name, phone_number, address, notes, skills, availability, role, status, is_active, site_id) VALUES (?, ?, ?, ?, ?, ?, ?, ?, ?, ?, ?, ?, ?, ?, ?, ?, ?) RETURNING created_at, updated_at]
    [parameters: ('0a04c25975af4bbb8353aac9df0647f3', 'mgmt_role_ok_u_e8007c9a9b', None, '$2b$12$T71hRHzZ72Kjqd7spYCUrOEXHjjw2ZsvkbQ3KHk6njUrwJLsf365G', None, None, 'U', 'Ser', None, None, None, None, None, 'user', 'approved', 1, None)]
    (Background on this error at: https://sqlalche.me/e/20/e3q8)</failure></testcase><testcase classname="tests.api.test_admin_user_management" name="test_update_user_role_success" time="164.510"><error message="failed on teardown with &quot;RuntimeError: Pilote Lot C (cleanup): 5 DELETE en échec — user_sessions: (sqlite3.OperationalError) database is locked&#10;[SQL: DELETE FROM user_sessions]&#10;(Background on this error at: https://sqlalche.me/e/20/e3q8); login_history: (sqlite3.OperationalError) database is locked&#10;[SQL: DELETE FROM login_history]&#10;(Background on this error at: https://sqlalche.me/e/20/e3q8); user_status_history: (sqlite3.OperationalError) database is locked&#10;[SQL: DELETE FROM user_status_history]&#10;(Background on this error at: https://sqlalche.me/e/20/e3q8); settings: (sqlite3.OperationalError) database is locked&#10;[SQL: DELETE FROM settings]&#10;(Background on this error at: https://sqlalche.me/e/20/e3q8); users: (sqlite3.OperationalError) database is locked&#10;[SQL: DELETE FROM users]&#10;(Background on this error at: https://sqlalche.me/e/20/e3q8)&quot;">E   sqlite3.OperationalError: database is locked

The above exception was the direct cause of the following exception:
E   sqlalchemy.exc.OperationalError: (sqlite3.OperationalError) database is locked
    [SQL: DELETE FROM user_sessions]
    (Background on this error at: https://sqlalche.me/e/20/e3q8)

The above exception was the direct cause of the following exception:
E   RuntimeError: Pilote Lot C (cleanup): 5 DELETE en échec — user_sessions: (sqlite3.OperationalError) database is locked
    [SQL: DELETE FROM user_sessions]
    (Background on this error at: https://sqlalche.me/e/20/e3q8); login_history: (sqlite3.OperationalError) database is locked
    [SQL: DELETE FROM login_history]
    (Background on this error at: https://sqlalche.me/e/20/e3q8); user_status_history: (sqlite3.OperationalError) database is locked
    [SQL: DELETE FROM user_status_history]
    (Background on this error at: https://sqlalche.me/e/20/e3q8); settings: (sqlite3.OperationalError) database is locked
    [SQL: DELETE FROM settings]
    (Background on this error at: https://sqlalche.me/e/20/e3q8); users: (sqlite3.OperationalError) database is locked
    [SQL: DELETE FROM users]
    (Background on this error at: https://sqlalche.me/e/20/e3q8)</error></testcase><testcase classname="tests.api.test_admin_user_management" name="test_update_user_role_admin_cannot_downgrade_self" time="33.107"><failure message="sqlalchemy.exc.OperationalError: (sqlite3.OperationalError) database is locked&#10;[SQL: INSERT INTO users (id, username, email, hashed_password, hashed_pin, legacy_external_contact_id, first_name, last_name, phone_number, address, notes, skills, availability, role, status, is_active, site_id) VALUES (?, ?, ?, ?, ?, ?, ?, ?, ?, ?, ?, ?, ?, ?, ?, ?, ?) RETURNING created_at, updated_at]&#10;[parameters: ('5a58f442a3a747e393a0977bc11b3bf6', 'mgmt_role_self_a_5c8cc71250', None, '$2b$12$ispiHDddfEVcQ5AlG4DhbOrNVCSqPU9Ed4bAumZX5EiI768/9UQdq', None, None, 'Ad', 'Min', None, None, None, None, None, 'admin', 'approved', 1, None)]&#10;(Background on this error at: https://sqlalche.me/e/20/e3q8)">E   sqlite3.OperationalError: database is locked

The above exception was the direct cause of the following exception:
E   sqlalchemy.exc.OperationalError: (sqlite3.OperationalError) database is locked
    [SQL: INSERT INTO users (id, username, email, hashed_password, hashed_pin, legacy_external_contact_id, first_name, last_name, phone_number, address, notes, skills, availability, role, status, is_active, site_id) VALUES (?, ?, ?, ?, ?, ?, ?, ?, ?, ?, ?, ?, ?, ?, ?, ?, ?) RETURNING created_at, updated_at]
    [parameters: ('5a58f442a3a747e393a0977bc11b3bf6', 'mgmt_role_self_a_5c8cc71250', None, '$2b$12$ispiHDddfEVcQ5AlG4DhbOrNVCSqPU9Ed4bAumZX5EiI768/9UQdq', None, None, 'Ad', 'Min', None, None, None, None, None, 'admin', 'approved', 1, None)]
    (Background on this error at: https://sqlalche.me/e/20/e3q8)</failure></testcase><testcase classname="tests.api.test_admin_user_management" name="test_update_user_role_admin_cannot_downgrade_self" time="164.512"><error message="failed on teardown with &quot;RuntimeError: Pilote Lot C (cleanup): 5 DELETE en échec — user_sessions: (sqlite3.OperationalError) database is locked&#10;[SQL: DELETE FROM user_sessions]&#10;(Background on this error at: https://sqlalche.me/e/20/e3q8); login_history: (sqlite3.OperationalError) database is locked&#10;[SQL: DELETE FROM login_history]&#10;(Background on this error at: https://sqlalche.me/e/20/e3q8); user_status_history: (sqlite3.OperationalError) database is locked&#10;[SQL: DELETE FROM user_status_history]&#10;(Background on this error at: https://sqlalche.me/e/20/e3q8); settings: (sqlite3.OperationalError) database is locked&#10;[SQL: DELETE FROM settings]&#10;(Background on this error at: https://sqlalche.me/e/20/e3q8); users: (sqlite3.OperationalError) database is locked&#10;[SQL: DELETE FROM users]&#10;(Background on this error at: https://sqlalche.me/e/20/e3q8)&quot;">E   sqlite3.OperationalError: database is locked

The above exception was the direct cause of the following exception:
E   sqlalchemy.exc.OperationalError: (sqlite3.OperationalError) database is locked
    [SQL: DELETE FROM user_sessions]
    (Background on this error at: https://sqlalche.me/e/20/e3q8)

The above exception was the direct cause of the following exception:
E   RuntimeError: Pilote Lot C (cleanup): 5 DELETE en échec — user_sessions: (sqlite3.OperationalError) database is locked
    [SQL: DELETE FROM user_sessions]
    (Background on this error at: https://sqlalche.me/e/20/e3q8); login_history: (sqlite3.OperationalError) database is locked
    [SQL: DELETE FROM login_history]
    (Background on this error at: https://sqlalche.me/e/20/e3q8); user_status_history: (sqlite3.OperationalError) database is locked
    [SQL: DELETE FROM user_status_history]
    (Background on this error at: https://sqlalche.me/e/20/e3q8); settings: (sqlite3.OperationalError) database is locked
    [SQL: DELETE FROM settings]
    (Background on this error at: https://sqlalche.me/e/20/e3q8); users: (sqlite3.OperationalError) database is locked
    [SQL: DELETE FROM users]
    (Background on this error at: https://sqlalche.me/e/20/e3q8)</error></testcase><testcase classname="tests.api.test_admin_user_management" name="test_admin_endpoints_require_admin_role" time="33.141"><failure message="sqlalchemy.exc.OperationalError: (sqlite3.OperationalError) database is locked&#10;[SQL: INSERT INTO users (id, username, email, hashed_password, hashed_pin, legacy_external_contact_id, first_name, last_name, phone_number, address, notes, skills, availability, role, status, is_active, site_id) VALUES (?, ?, ?, ?, ?, ?, ?, ?, ?, ?, ?, ?, ?, ?, ?, ?, ?) RETURNING created_at, updated_at]&#10;[parameters: ('7f49dc0e247a40478f5afe9b41169700', 'mgmt_role_norm_ade1e28632', None, '$2b$12$en.xYV75ulKN2JQvcA2qHu38wPjnqL.4hdL11UGLnhR.40gN6/K8.', None, None, 'Normal', 'User', None, None, None, None, None, 'user', 'approved', 1, None)]&#10;(Background on this error at: https://sqlalche.me/e/20/e3q8)">E   sqlite3.OperationalError: database is locked

The above exception was the direct cause of the following exception:
E   sqlalchemy.exc.OperationalError: (sqlite3.OperationalError) database is locked
    [SQL: INSERT INTO users (id, username, email, hashed_password, hashed_pin, legacy_external_contact_id, first_name, last_name, phone_number, address, notes, skills, availability, role, status, is_active, site_id) VALUES (?, ?, ?, ?, ?, ?, ?, ?, ?, ?, ?, ?, ?, ?, ?, ?, ?) RETURNING created_at, updated_at]
    [parameters: ('7f49dc0e247a40478f5afe9b41169700', 'mgmt_role_norm_ade1e28632', None, '$2b$12$en.xYV75ulKN2JQvcA2qHu38wPjnqL.4hdL11UGLnhR.40gN6/K8.', None, None, 'Normal', 'User', None, None, None, None, None, 'user', 'approved', 1, None)]
    (Background on this error at: https://sqlalche.me/e/20/e3q8)</failure></testcase><testcase classname="tests.api.test_admin_user_management" name="test_admin_endpoints_require_admin_role" time="164.385"><error message="failed on teardown with &quot;RuntimeError: Pilote Lot C (cleanup): 5 DELETE en échec — user_sessions: (sqlite3.OperationalError) database is locked&#10;[SQL: DELETE FROM user_sessions]&#10;(Background on this error at: https://sqlalche.me/e/20/e3q8); login_history: (sqlite3.OperationalError) database is locked&#10;[SQL: DELETE FROM login_history]&#10;(Background on this error at: https://sqlalche.me/e/20/e3q8); user_status_history: (sqlite3.OperationalError) database is locked&#10;[SQL: DELETE FROM user_status_history]&#10;(Background on this error at: https://sqlalche.me/e/20/e3q8); settings: (sqlite3.OperationalError) database is locked&#10;[SQL: DELETE FROM settings]&#10;(Background on this error at: https://sqlalche.me/e/20/e3q8); users: (sqlite3.OperationalError) database is locked&#10;[SQL: DELETE FROM users]&#10;(Background on this error at: https://sqlalche.me/e/20/e3q8)&quot;">E   sqlite3.OperationalError: database is locked

The above exception was the direct cause of the following exception:
E   sqlalchemy.exc.OperationalError: (sqlite3.OperationalError) database is locked
    [SQL: DELETE FROM user_sessions]
    (Background on this error at: https://sqlalche.me/e/20/e3q8)

The above exception was the direct cause of the following exception:
E   RuntimeError: Pilote Lot C (cleanup): 5 DELETE en échec — user_sessions: (sqlite3.OperationalError) database is locked
    [SQL: DELETE FROM user_sessions]
    (Background on this error at: https://sqlalche.me/e/20/e3q8); login_history: (sqlite3.OperationalError) database is locked
    [SQL: DELETE FROM login_history]
    (Background on this error at: https://sqlalche.me/e/20/e3q8); user_status_history: (sqlite3.OperationalError) database is locked
    [SQL: DELETE FROM user_status_history]
    (Background on this error at: https://sqlalche.me/e/20/e3q8); settings: (sqlite3.OperationalError) database is locked
    [SQL: DELETE FROM settings]
    (Background on this error at: https://sqlalche.me/e/20/e3q8); users: (sqlite3.OperationalError) database is locked
    [SQL: DELETE FROM users]
    (Background on this error at: https://sqlalche.me/e/20/e3q8)</error></testcase><testcase classname="tests.api.test_admin_user_management" name="test_get_user_response_excludes_hashed_password" time="33.130"><failure message="sqlalchemy.exc.OperationalError: (sqlite3.OperationalError) database is locked&#10;[SQL: INSERT INTO users (id, username, email, hashed_password, hashed_pin, legacy_external_contact_id, first_name, last_name, phone_number, address, notes, skills, availability, role, status, is_active, site_id) VALUES (?, ?, ?, ?, ?, ?, ?, ?, ?, ?, ?, ?, ?, ?, ?, ?, ?) RETURNING created_at, updated_at]&#10;[parameters: ('94569d35486d4dca9b19b2341e739a55', 'mgmt_get_one_05cb44ac1d', None, '$2b$12$JjGl5DzMl9ZSbgV1v9IXz.BYVcUnUJ2/bIxB4L2G3bf4Sw.UdoJNS', None, None, 'Test', 'User', None, None, None, None, None, 'user', 'approved', 1, None)]&#10;(Background on this error at: https://sqlalche.me/e/20/e3q8)">E   sqlite3.OperationalError: database is locked

The above exception was the direct cause of the following exception:
E   sqlalchemy.exc.OperationalError: (sqlite3.OperationalError) database is locked
    [SQL: INSERT INTO users (id, username, email, hashed_password, hashed_pin, legacy_external_contact_id, first_name, last_name, phone_number, address, notes, skills, availability, role, status, is_active, site_id) VALUES (?, ?, ?, ?, ?, ?, ?, ?, ?, ?, ?, ?, ?, ?, ?, ?, ?) RETURNING created_at, updated_at]
    [parameters: ('94569d35486d4dca9b19b2341e739a55', 'mgmt_get_one_05cb44ac1d', None, '$2b$12$JjGl5DzMl9ZSbgV1v9IXz.BYVcUnUJ2/bIxB4L2G3bf4Sw.UdoJNS', None, None, 'Test', 'User', None, None, None, None, None, 'user', 'approved', 1, None)]
    (Background on this error at: https://sqlalche.me/e/20/e3q8)</failure></testcase><testcase classname="tests.api.test_admin_user_management" name="test_get_user_response_excludes_hashed_password" time="164.495"><error message="failed on teardown with &quot;RuntimeError: Pilote Lot C (cleanup): 5 DELETE en échec — user_sessions: (sqlite3.OperationalError) database is locked&#10;[SQL: DELETE FROM user_sessions]&#10;(Background on this error at: https://sqlalche.me/e/20/e3q8); login_history: (sqlite3.OperationalError) database is locked&#10;[SQL: DELETE FROM login_history]&#10;(Background on this error at: https://sqlalche.me/e/20/e3q8); user_status_history: (sqlite3.OperationalError) database is locked&#10;[SQL: DELETE FROM user_status_history]&#10;(Background on this error at: https://sqlalche.me/e/20/e3q8); settings: (sqlite3.OperationalError) database is locked&#10;[SQL: DELETE FROM settings]&#10;(Background on this error at: https://sqlalche.me/e/20/e3q8); users: (sqlite3.OperationalError) database is locked&#10;[SQL: DELETE FROM users]&#10;(Background on this error at: https://sqlalche.me/e/20/e3q8)&quot;">E   sqlite3.OperationalError: database is locked

The above exception was the direct cause of the following exception:
E   sqlalchemy.exc.OperationalError: (sqlite3.OperationalError) database is locked
    [SQL: DELETE FROM user_sessions]
    (Background on this error at: https://sqlalche.me/e/20/e3q8)

The above exception was the direct cause of the following exception:
E   RuntimeError: Pilote Lot C (cleanup): 5 DELETE en échec — user_sessions: (sqlite3.OperationalError) database is locked
    [SQL: DELETE FROM user_sessions]
    (Background on this error at: https://sqlalche.me/e/20/e3q8); login_history: (sqlite3.OperationalError) database is locked
    [SQL: DELETE FROM login_history]
    (Background on this error at: https://sqlalche.me/e/20/e3q8); user_status_history: (sqlite3.OperationalError) database is locked
    [SQL: DELETE FROM user_status_history]
    (Background on this error at: https://sqlalche.me/e/20/e3q8); settings: (sqlite3.OperationalError) database is locked
    [SQL: DELETE FROM settings]
    (Background on this error at: https://sqlalche.me/e/20/e3q8); users: (sqlite3.OperationalError) database is locked
    [SQL: DELETE FROM users]
    (Background on this error at: https://sqlalche.me/e/20/e3q8)</error></testcase><testcase classname="tests.api.test_admin_user_management" name="test_get_users_list_excludes_hashed_password" time="33.132"><failure message="sqlalchemy.exc.OperationalError: (sqlite3.OperationalError) database is locked&#10;[SQL: INSERT INTO users (id, username, email, hashed_password, hashed_pin, legacy_external_contact_id, first_name, last_name, phone_number, address, notes, skills, availability, role, status, is_active, site_id) VALUES (?, ?, ?, ?, ?, ?, ?, ?, ?, ?, ?, ?, ?, ?, ?, ?, ?) RETURNING created_at, updated_at]&#10;[parameters: ('c487abab89d4456d91cd93b0dd386068', 'mgmt_get_list_81dbb74647', None, '$2b$12$aNqUdvxF90VSmU0PLxQFZu7w8EJF9nnGL3g7PI9Ervfr6mcxUlbii', None, None, 'Test', 'User', None, None, None, None, None, 'user', 'approved', 1, None)]&#10;(Background on this error at: https://sqlalche.me/e/20/e3q8)">E   sqlite3.OperationalError: database is locked

The above exception was the direct cause of the following exception:
E   sqlalchemy.exc.OperationalError: (sqlite3.OperationalError) database is locked
    [SQL: INSERT INTO users (id, username, email, hashed_password, hashed_pin, legacy_external_contact_id, first_name, last_name, phone_number, address, notes, skills, availability, role, status, is_active, site_id) VALUES (?, ?, ?, ?, ?, ?, ?, ?, ?, ?, ?, ?, ?, ?, ?, ?, ?) RETURNING created_at, updated_at]
    [parameters: ('c487abab89d4456d91cd93b0dd386068', 'mgmt_get_list_81dbb74647', None, '$2b$12$aNqUdvxF90VSmU0PLxQFZu7w8EJF9nnGL3g7PI9Ervfr6mcxUlbii', None, None, 'Test', 'User', None, None, None, None, None, 'user', 'approved', 1, None)]
    (Background on this error at: https://sqlalche.me/e/20/e3q8)</failure></testcase><testcase classname="tests.api.test_admin_user_management" name="test_get_users_list_excludes_hashed_password" time="164.398"><error message="failed on teardown with &quot;RuntimeError: Pilote Lot C (cleanup): 5 DELETE en échec — user_sessions: (sqlite3.OperationalError) database is locked&#10;[SQL: DELETE FROM user_sessions]&#10;(Background on this error at: https://sqlalche.me/e/20/e3q8); login_history: (sqlite3.OperationalError) database is locked&#10;[SQL: DELETE FROM login_history]&#10;(Background on this error at: https://sqlalche.me/e/20/e3q8); user_status_history: (sqlite3.OperationalError) database is locked&#10;[SQL: DELETE FROM user_status_history]&#10;(Background on this error at: https://sqlalche.me/e/20/e3q8); settings: (sqlite3.OperationalError) database is locked&#10;[SQL: DELETE FROM settings]&#10;(Background on this error at: https://sqlalche.me/e/20/e3q8); users: (sqlite3.OperationalError) database is locked&#10;[SQL: DELETE FROM users]&#10;(Background on this error at: https://sqlalche.me/e/20/e3q8)&quot;">E   sqlite3.OperationalError: database is locked

The above exception was the direct cause of the following exception:
E   sqlalchemy.exc.OperationalError: (sqlite3.OperationalError) database is locked
    [SQL: DELETE FROM user_sessions]
    (Background on this error at: https://sqlalche.me/e/20/e3q8)

The above exception was the direct cause of the following exception:
E   RuntimeError: Pilote Lot C (cleanup): 5 DELETE en échec — user_sessions: (sqlite3.OperationalError) database is locked
    [SQL: DELETE FROM user_sessions]
    (Background on this error at: https://sqlalche.me/e/20/e3q8); login_history: (sqlite3.OperationalError) database is locked
    [SQL: DELETE FROM login_history]
    (Background on this error at: https://sqlalche.me/e/20/e3q8); user_status_history: (sqlite3.OperationalError) database is locked
    [SQL: DELETE FROM user_status_history]
    (Background on this error at: https://sqlalche.me/e/20/e3q8); settings: (sqlite3.OperationalError) database is locked
    [SQL: DELETE FROM settings]
    (Background on this error at: https://sqlalche.me/e/20/e3q8); users: (sqlite3.OperationalError) database is locked
    [SQL: DELETE FROM users]
    (Background on this error at: https://sqlalche.me/e/20/e3q8)</error></testcase><testcase classname="tests.api.test_admin_user_management" name="test_update_user_profile_persistence" time="33.185"><failure message="sqlalchemy.exc.OperationalError: (sqlite3.OperationalError) database is locked&#10;[SQL: INSERT INTO users (id, username, email, hashed_password, hashed_pin, legacy_external_contact_id, first_name, last_name, phone_number, address, notes, skills, availability, role, status, is_active, site_id) VALUES (?, ?, ?, ?, ?, ?, ?, ?, ?, ?, ?, ?, ?, ?, ?, ?, ?) RETURNING created_at, updated_at]&#10;[parameters: ('3221f1f173694656b1165093f61eac89', 'mgmt_persist_78809a6d87', None, '$2b$12$GJYdtMKl8SGHCIdfiDm1Re//QUaJYl8rrGZ6joImMT9emAwTx0sfe', None, None, 'OldFirst', 'OldLast', None, None, None, None, None, 'user', 'approved', 1, None)]&#10;(Background on this error at: https://sqlalche.me/e/20/e3q8)">E   sqlite3.OperationalError: database is locked

The above exception was the direct cause of the following exception:
E   sqlalchemy.exc.OperationalError: (sqlite3.OperationalError) database is locked
    [SQL: INSERT INTO users (id, username, email, hashed_password, hashed_pin, legacy_external_contact_id, first_name, last_name, phone_number, address, notes, skills, availability, role, status, is_active, site_id) VALUES (?, ?, ?, ?, ?, ?, ?, ?, ?, ?, ?, ?, ?, ?, ?, ?, ?) RETURNING created_at, updated_at]
    [parameters: ('3221f1f173694656b1165093f61eac89', 'mgmt_persist_78809a6d87', None, '$2b$12$GJYdtMKl8SGHCIdfiDm1Re//QUaJYl8rrGZ6joImMT9emAwTx0sfe', None, None, 'OldFirst', 'OldLast', None, None, None, None, None, 'user', 'approved', 1, None)]
    (Background on this error at: https://sqlalche.me/e/20/e3q8)</failure></testcase><testcase classname="tests.api.test_admin_user_management" name="test_update_user_profile_persistence" time="164.258"><error message="failed on teardown with &quot;RuntimeError: Pilote Lot C (cleanup): 5 DELETE en échec — user_sessions: (sqlite3.OperationalError) database is locked&#10;[SQL: DELETE FROM user_sessions]&#10;(Background on this error at: https://sqlalche.me/e/20/e3q8); login_history: (sqlite3.OperationalError) database is locked&#10;[SQL: DELETE FROM login_history]&#10;(Background on this error at: https://sqlalche.me/e/20/e3q8); user_status_history: (sqlite3.OperationalError) database is locked&#10;[SQL: DELETE FROM user_status_history]&#10;(Background on this error at: https://sqlalche.me/e/20/e3q8); settings: (sqlite3.OperationalError) database is locked&#10;[SQL: DELETE FROM settings]&#10;(Background on this error at: https://sqlalche.me/e/20/e3q8); users: (sqlite3.OperationalError) database is locked&#10;[SQL: DELETE FROM users]&#10;(Background on this error at: https://sqlalche.me/e/20/e3q8)&quot;">E   sqlite3.OperationalError: database is locked

The above exception was the direct cause of the following exception:
E   sqlalchemy.exc.OperationalError: (sqlite3.OperationalError) database is locked
    [SQL: DELETE FROM user_sessions]
    (Background on this error at: https://sqlalche.me/e/20/e3q8)

The above exception was the direct cause of the following exception:
E   RuntimeError: Pilote Lot C (cleanup): 5 DELETE en échec — user_sessions: (sqlite3.OperationalError) database is locked
    [SQL: DELETE FROM user_sessions]
    (Background on this error at: https://sqlalche.me/e/20/e3q8); login_history: (sqlite3.OperationalError) database is locked
    [SQL: DELETE FROM login_history]
    (Background on this error at: https://sqlalche.me/e/20/e3q8); user_status_history: (sqlite3.OperationalError) database is locked
    [SQL: DELETE FROM user_status_history]
    (Background on this error at: https://sqlalche.me/e/20/e3q8); settings: (sqlite3.OperationalError) database is locked
    [SQL: DELETE FROM settings]
    (Background on this error at: https://sqlalche.me/e/20/e3q8); users: (sqlite3.OperationalError) database is locked
    [SQL: DELETE FROM users]
    (Background on this error at: https://sqlalche.me/e/20/e3q8)</error></testcase><testcase classname="tests.api.test_categories_endpoint" name="test_create_category_success" time="33.216"><error message="failed on setup with &quot;sqlalchemy.exc.OperationalError: (sqlite3.OperationalError) database is locked&#10;[SQL: INSERT INTO users (id, username, email, hashed_password, hashed_pin, legacy_external_contact_id, first_name, last_name, phone_number, address, notes, skills, availability, role, status, is_active, site_id) VALUES (?, ?, ?, ?, ?, ?, ?, ?, ?, ?, ?, ?, ?, ?, ?, ?, ?) RETURNING created_at, updated_at]&#10;[parameters: ('df77bb794e774eaf9a6253a9c9f4dd31', 'super_admin_test', 'superadmin@test.com', '$2b$12$nTbivMwEyvCzxk2aIFS8IOSBJ0AKI4FARMlNf4ocw/hItGg0Irh6m', None, None, None, None, None, None, None, None, None, 'super-admin', 'active', 1, None)]&#10;(Background on this error at: https://sqlalche.me/e/20/e3q8)&quot;">E   sqlite3.OperationalError: database is locked

The above exception was the direct cause of the following exception:
E   sqlalchemy.exc.OperationalError: (sqlite3.OperationalError) database is locked
    [SQL: INSERT INTO users (id, username, email, hashed_password, hashed_pin, legacy_external_contact_id, first_name, last_name, phone_number, address, notes, skills, availability, role, status, is_active, site_id) VALUES (?, ?, ?, ?, ?, ?, ?, ?, ?, ?, ?, ?, ?, ?, ?, ?, ?) RETURNING created_at, updated_at]
    [parameters: ('df77bb794e774eaf9a6253a9c9f4dd31', 'super_admin_test', 'superadmin@test.com', '$2b$12$nTbivMwEyvCzxk2aIFS8IOSBJ0AKI4FARMlNf4ocw/hItGg0Irh6m', None, None, None, None, None, None, None, None, None, 'super-admin', 'active', 1, None)]
    (Background on this error at: https://sqlalche.me/e/20/e3q8)</error></testcase><testcase classname="tests.api.test_categories_endpoint" name="test_create_category_unauthorized" time="0.018" /><testcase classname="tests.api.test_categories_endpoint" name="test_create_category_forbidden_non_super_admin" time="33.152"><error message="failed on setup with &quot;sqlalchemy.exc.OperationalError: (sqlite3.OperationalError) database is locked&#10;[SQL: INSERT INTO users (id, username, email, hashed_password, hashed_pin, legacy_external_contact_id, first_name, last_name, phone_number, address, notes, skills, availability, role, status, is_active, site_id) VALUES (?, ?, ?, ?, ?, ?, ?, ?, ?, ?, ?, ?, ?, ?, ?, ?, ?) RETURNING created_at, updated_at]&#10;[parameters: ('0248144b217b4521a981509ac5570743', 'test_user', 'user@test.com', '$2b$12$Z1LMfqRjr0cGMGgZXezJk.Yndrm0YDZDdzEXlS9DF0MKby0c4fjoW', None, None, None, None, None, None, None, None, None, 'user', 'active', 1, None)]&#10;(Background on this error at: https://sqlalche.me/e/20/e3q8)&quot;">E   sqlite3.OperationalError: database is locked

The above exception was the direct cause of the following exception:
E   sqlalchemy.exc.OperationalError: (sqlite3.OperationalError) database is locked
    [SQL: INSERT INTO users (id, username, email, hashed_password, hashed_pin, legacy_external_contact_id, first_name, last_name, phone_number, address, notes, skills, availability, role, status, is_active, site_id) VALUES (?, ?, ?, ?, ?, ?, ?, ?, ?, ?, ?, ?, ?, ?, ?, ?, ?) RETURNING created_at, updated_at]
    [parameters: ('0248144b217b4521a981509ac5570743', 'test_user', 'user@test.com', '$2b$12$Z1LMfqRjr0cGMGgZXezJk.Yndrm0YDZDdzEXlS9DF0MKby0c4fjoW', None, None, None, None, None, None, None, None, None, 'user', 'active', 1, None)]
    (Background on this error at: https://sqlalche.me/e/20/e3q8)</error></testcase><testcase classname="tests.api.test_categories_endpoint" name="test_create_category_duplicate_name" time="33.166"><error message="failed on setup with &quot;sqlalchemy.exc.OperationalError: (sqlite3.OperationalError) database is locked&#10;[SQL: INSERT INTO users (id, username, email, hashed_password, hashed_pin, legacy_external_contact_id, first_name, last_name, phone_number, address, notes, skills, availability, role, status, is_active, site_id) VALUES (?, ?, ?, ?, ?, ?, ?, ?, ?, ?, ?, ?, ?, ?, ?, ?, ?) RETURNING created_at, updated_at]&#10;[parameters: ('3eb6c22e360d47aa983a1f79f5701dfe', 'super_admin_test', 'superadmin@test.com', '$2b$12$hU5BthzUNA3B75rR.SXEQ.xS4Sa1QoN0EcfFrXyHYkOcfyrDxoZV6', None, None, None, None, None, None, None, None, None, 'super-admin', 'active', 1, None)]&#10;(Background on this error at: https://sqlalche.me/e/20/e3q8)&quot;">E   sqlite3.OperationalError: database is locked

The above exception was the direct cause of the following exception:
E   sqlalchemy.exc.OperationalError: (sqlite3.OperationalError) database is locked
    [SQL: INSERT INTO users (id, username, email, hashed_password, hashed_pin, legacy_external_contact_id, first_name, last_name, phone_number, address, notes, skills, availability, role, status, is_active, site_id) VALUES (?, ?, ?, ?, ?, ?, ?, ?, ?, ?, ?, ?, ?, ?, ?, ?, ?) RETURNING created_at, updated_at]
    [parameters: ('3eb6c22e360d47aa983a1f79f5701dfe', 'super_admin_test', 'superadmin@test.com', '$2b$12$hU5BthzUNA3B75rR.SXEQ.xS4Sa1QoN0EcfFrXyHYkOcfyrDxoZV6', None, None, None, None, None, None, None, None, None, 'super-admin', 'active', 1, None)]
    (Background on this error at: https://sqlalche.me/e/20/e3q8)</error></testcase><testcase classname="tests.api.test_categories_endpoint" name="test_get_categories_success" time="33.164"><error message="failed on setup with &quot;sqlalchemy.exc.OperationalError: (sqlite3.OperationalError) database is locked&#10;[SQL: INSERT INTO users (id, username, email, hashed_password, hashed_pin, legacy_external_contact_id, first_name, last_name, phone_number, address, notes, skills, availability, role, status, is_active, site_id) VALUES (?, ?, ?, ?, ?, ?, ?, ?, ?, ?, ?, ?, ?, ?, ?, ?, ?) RETURNING created_at, updated_at]&#10;[parameters: ('cf516c63da0a49b49bfe0ff6e2a8045d', 'test_user', 'user@test.com', '$2b$12$1n1wI3yuw5Bodb4HsXffcOxXmpvIgRsDxYX5eNGFPPw./.AWFYQOS', None, None, None, None, None, None, None, None, None, 'user', 'active', 1, None)]&#10;(Background on this error at: https://sqlalche.me/e/20/e3q8)&quot;">E   sqlite3.OperationalError: database is locked

The above exception was the direct cause of the following exception:
E   sqlalchemy.exc.OperationalError: (sqlite3.OperationalError) database is locked
    [SQL: INSERT INTO users (id, username, email, hashed_password, hashed_pin, legacy_external_contact_id, first_name, last_name, phone_number, address, notes, skills, availability, role, status, is_active, site_id) VALUES (?, ?, ?, ?, ?, ?, ?, ?, ?, ?, ?, ?, ?, ?, ?, ?, ?) RETURNING created_at, updated_at]
    [parameters: ('cf516c63da0a49b49bfe0ff6e2a8045d', 'test_user', 'user@test.com', '$2b$12$1n1wI3yuw5Bodb4HsXffcOxXmpvIgRsDxYX5eNGFPPw./.AWFYQOS', None, None, None, None, None, None, None, None, None, 'user', 'active', 1, None)]
    (Background on this error at: https://sqlalche.me/e/20/e3q8)</error></testcase><testcase classname="tests.api.test_categories_endpoint" name="test_get_categories_filter_active" time="33.180"><error message="failed on setup with &quot;sqlalchemy.exc.OperationalError: (sqlite3.OperationalError) database is locked&#10;[SQL: INSERT INTO users (id, username, email, hashed_password, hashed_pin, legacy_external_contact_id, first_name, last_name, phone_number, address, notes, skills, availability, role, status, is_active, site_id) VALUES (?, ?, ?, ?, ?, ?, ?, ?, ?, ?, ?, ?, ?, ?, ?, ?, ?) RETURNING created_at, updated_at]&#10;[parameters: ('29682046b1164ac58bac37dbcf317749', 'test_user', 'user@test.com', '$2b$12$h3TyFS.FLt/WRkPoHHPUyOV97zWEVWumSHZy9eJUoUrLx.AIWbrlO', None, None, None, None, None, None, None, None, None, 'user', 'active', 1, None)]&#10;(Background on this error at: https://sqlalche.me/e/20/e3q8)&quot;">E   sqlite3.OperationalError: database is locked

The above exception was the direct cause of the following exception:
E   sqlalchemy.exc.OperationalError: (sqlite3.OperationalError) database is locked
    [SQL: INSERT INTO users (id, username, email, hashed_password, hashed_pin, legacy_external_contact_id, first_name, last_name, phone_number, address, notes, skills, availability, role, status, is_active, site_id) VALUES (?, ?, ?, ?, ?, ?, ?, ?, ?, ?, ?, ?, ?, ?, ?, ?, ?) RETURNING created_at, updated_at]
    [parameters: ('29682046b1164ac58bac37dbcf317749', 'test_user', 'user@test.com', '$2b$12$h3TyFS.FLt/WRkPoHHPUyOV97zWEVWumSHZy9eJUoUrLx.AIWbrlO', None, None, None, None, None, None, None, None, None, 'user', 'active', 1, None)]
    (Background on this error at: https://sqlalche.me/e/20/e3q8)</error></testcase><testcase classname="tests.api.test_categories_endpoint" name="test_get_categories_unauthorized" time="0.008" /><testcase classname="tests.api.test_categories_endpoint" name="test_get_category_by_id_success" time="33.113"><error message="failed on setup with &quot;sqlalchemy.exc.OperationalError: (sqlite3.OperationalError) database is locked&#10;[SQL: INSERT INTO users (id, username, email, hashed_password, hashed_pin, legacy_external_contact_id, first_name, last_name, phone_number, address, notes, skills, availability, role, status, is_active, site_id) VALUES (?, ?, ?, ?, ?, ?, ?, ?, ?, ?, ?, ?, ?, ?, ?, ?, ?) RETURNING created_at, updated_at]&#10;[parameters: ('37553f2a664e4bc7933b159cd65c2acb', 'test_user', 'user@test.com', '$2b$12$gQSr2DnK266op9a8Y.g8hekgcwq6tjDyC05uWYyHhLfGwo9RKPOMy', None, None, None, None, None, None, None, None, None, 'user', 'active', 1, None)]&#10;(Background on this error at: https://sqlalche.me/e/20/e3q8)&quot;">E   sqlite3.OperationalError: database is locked

The above exception was the direct cause of the following exception:
E   sqlalchemy.exc.OperationalError: (sqlite3.OperationalError) database is locked
    [SQL: INSERT INTO users (id, username, email, hashed_password, hashed_pin, legacy_external_contact_id, first_name, last_name, phone_number, address, notes, skills, availability, role, status, is_active, site_id) VALUES (?, ?, ?, ?, ?, ?, ?, ?, ?, ?, ?, ?, ?, ?, ?, ?, ?) RETURNING created_at, updated_at]
    [parameters: ('37553f2a664e4bc7933b159cd65c2acb', 'test_user', 'user@test.com', '$2b$12$gQSr2DnK266op9a8Y.g8hekgcwq6tjDyC05uWYyHhLfGwo9RKPOMy', None, None, None, None, None, None, None, None, None, 'user', 'active', 1, None)]
    (Background on this error at: https://sqlalche.me/e/20/e3q8)</error></testcase><testcase classname="tests.api.test_categories_endpoint" name="test_get_category_by_id_not_found" time="33.216"><error message="failed on setup with &quot;sqlalchemy.exc.OperationalError: (sqlite3.OperationalError) database is locked&#10;[SQL: INSERT INTO users (id, username, email, hashed_password, hashed_pin, legacy_external_contact_id, first_name, last_name, phone_number, address, notes, skills, availability, role, status, is_active, site_id) VALUES (?, ?, ?, ?, ?, ?, ?, ?, ?, ?, ?, ?, ?, ?, ?, ?, ?) RETURNING created_at, updated_at]&#10;[parameters: ('18992eb88f984999a38ff9e2ce7dce10', 'test_user', 'user@test.com', '$2b$12$2GOE.V1hbOpwh/QMKgQFc..nU2BMGL1EwIaGGKyNOAUJt.jJjQ9sa', None, None, None, None, None, None, None, None, None, 'user', 'active', 1, None)]&#10;(Background on this error at: https://sqlalche.me/e/20/e3q8)&quot;">E   sqlite3.OperationalError: database is locked

The above exception was the direct cause of the following exception:
E   sqlalchemy.exc.OperationalError: (sqlite3.OperationalError) database is locked
    [SQL: INSERT INTO users (id, username, email, hashed_password, hashed_pin, legacy_external_contact_id, first_name, last_name, phone_number, address, notes, skills, availability, role, status, is_active, site_id) VALUES (?, ?, ?, ?, ?, ?, ?, ?, ?, ?, ?, ?, ?, ?, ?, ?, ?) RETURNING created_at, updated_at]
    [parameters: ('18992eb88f984999a38ff9e2ce7dce10', 'test_user', 'user@test.com', '$2b$12$2GOE.V1hbOpwh/QMKgQFc..nU2BMGL1EwIaGGKyNOAUJt.jJjQ9sa', None, None, None, None, None, None, None, None, None, 'user', 'active', 1, None)]
    (Background on this error at: https://sqlalche.me/e/20/e3q8)</error></testcase><testcase classname="tests.api.test_categories_endpoint" name="test_update_category_success" time="33.148"><error message="failed on setup with &quot;sqlalchemy.exc.OperationalError: (sqlite3.OperationalError) database is locked&#10;[SQL: INSERT INTO users (id, username, email, hashed_password, hashed_pin, legacy_external_contact_id, first_name, last_name, phone_number, address, notes, skills, availability, role, status, is_active, site_id) VALUES (?, ?, ?, ?, ?, ?, ?, ?, ?, ?, ?, ?, ?, ?, ?, ?, ?) RETURNING created_at, updated_at]&#10;[parameters: ('30b0b70636294e16a624d6adcc81c030', 'super_admin_test', 'superadmin@test.com', '$2b$12$zDl3bdGYMXqhiFKY2.046On4.nmgDJmCHMMY135idmI2fSZBqgiLm', None, None, None, None, None, None, None, None, None, 'super-admin', 'active', 1, None)]&#10;(Background on this error at: https://sqlalche.me/e/20/e3q8)&quot;">E   sqlite3.OperationalError: database is locked

The above exception was the direct cause of the following exception:
E   sqlalchemy.exc.OperationalError: (sqlite3.OperationalError) database is locked
    [SQL: INSERT INTO users (id, username, email, hashed_password, hashed_pin, legacy_external_contact_id, first_name, last_name, phone_number, address, notes, skills, availability, role, status, is_active, site_id) VALUES (?, ?, ?, ?, ?, ?, ?, ?, ?, ?, ?, ?, ?, ?, ?, ?, ?) RETURNING created_at, updated_at]
    [parameters: ('30b0b70636294e16a624d6adcc81c030', 'super_admin_test', 'superadmin@test.com', '$2b$12$zDl3bdGYMXqhiFKY2.046On4.nmgDJmCHMMY135idmI2fSZBqgiLm', None, None, None, None, None, None, None, None, None, 'super-admin', 'active', 1, None)]
    (Background on this error at: https://sqlalche.me/e/20/e3q8)</error></testcase><testcase classname="tests.api.test_categories_endpoint" name="test_update_category_forbidden_non_super_admin" time="33.240"><error message="failed on setup with &quot;sqlalchemy.exc.OperationalError: (sqlite3.OperationalError) database is locked&#10;[SQL: INSERT INTO users (id, username, email, hashed_password, hashed_pin, legacy_external_contact_id, first_name, last_name, phone_number, address, notes, skills, availability, role, status, is_active, site_id) VALUES (?, ?, ?, ?, ?, ?, ?, ?, ?, ?, ?, ?, ?, ?, ?, ?, ?) RETURNING created_at, updated_at]&#10;[parameters: ('0e3f55e889ca411f9a96f4028ceb8aec', 'test_user', 'user@test.com', '$2b$12$cKpKaYDPXv6VW2bQUSi/WOdeSSIlF5tLVHFuUATDwAYJOZoYp9Q0a', None, None, None, None, None, None, None, None, None, 'user', 'active', 1, None)]&#10;(Background on this error at: https://sqlalche.me/e/20/e3q8)&quot;">E   sqlite3.OperationalError: database is locked

The above exception was the direct cause of the following exception:
E   sqlalchemy.exc.OperationalError: (sqlite3.OperationalError) database is locked
    [SQL: INSERT INTO users (id, username, email, hashed_password, hashed_pin, legacy_external_contact_id, first_name, last_name, phone_number, address, notes, skills, availability, role, status, is_active, site_id) VALUES (?, ?, ?, ?, ?, ?, ?, ?, ?, ?, ?, ?, ?, ?, ?, ?, ?) RETURNING created_at, updated_at]
[...]
2" /><testcase classname="tests.test_step_up_cash_session_close" name="test_close_with_invalid_step_up_pin_forbidden" time="0.977" /><testcase classname="tests.test_step_up_cash_session_close" name="test_close_pin_not_configured_forbidden" time="1.635" /><testcase classname="tests.test_step_up_cash_session_close" name="test_close_step_up_locked_too_many_requests" time="3.725" /><testcase classname="tests.test_step_up_cash_session_close" name="test_idempotency_replays_response" time="0.000"><skipped type="pytest.skip" message="Fermeture caisse complète (join cash_registers) : exécuter sous PostgreSQL">D:\users\Strophe\Documents\1-IA\La Clique Qui Recycle\JARVOS_recyclique\recyclique\api\tests\test_step_up_cash_session_close.py:192: Fermeture caisse complète (join cash_registers) : exécuter sous PostgreSQL</skipped></testcase><testcase classname="tests.test_step_up_cash_session_close" name="test_idempotency_conflict_different_body" time="0.000"><skipped type="pytest.skip" message="Fermeture caisse complète (join cash_registers) : exécuter sous PostgreSQL">D:\users\Strophe\Documents\1-IA\La Clique Qui Recycle\JARVOS_recyclique\recyclique\api\tests\test_step_up_cash_session_close.py:240: Fermeture caisse complète (join cash_registers) : exécuter sous PostgreSQL</skipped></testcase><testcase classname="tests.test_step_up_cash_session_close" name="test_x_request_id_echo_on_response" time="0.007" /><testcase classname="tests.test_step_up_cash_session_close" name="test_x_request_id_echo_on_close_response" time="0.000"><skipped type="pytest.skip" message="Fermeture caisse complète (join cash_registers) : exécuter sous PostgreSQL">D:\users\Strophe\Documents\1-IA\La Clique Qui Recycle\JARVOS_recyclique\recyclique\api\tests\test_step_up_cash_session_close.py:288: Fermeture caisse complète (join cash_registers) : exécuter sous PostgreSQL</skipped></testcase><testcase classname="tests.test_super_admin_bootstrap" name="test_super_admin_created_on_startup_when_env_set_with_username" time="0.740" /><testcase classname="tests.test_super_admin_bootstrap" name="test_super_admin_bootstrap_is_idempotent" time="0.615" /><testcase classname="tests.test_sync_service" name="test_upload_file_to_kdrive_success" time="0.004" /><testcase classname="tests.test_sync_service" name="test_upload_file_retries_then_success" time="10.005" /><testcase classname="tests.test_sync_service" name="test_upload_file_failure_logs_no_external_notify" time="0.003"><failure message="NameError: name 'logging' is not defined. Did you forget to import 'logging'?">E   NameError: name 'logging' is not defined. Did you forget to import 'logging'?</failure></testcase><testcase classname="tests.test_sync_service" name="test_sync_directory_uploads_all_files" time="0.005" /><testcase classname="tests.test_sync_service" name="test_schedule_periodic_sync_disabled" time="0.001" /><testcase classname="tests.test_sync_service" name="test_schedule_periodic_sync_enabled" time="0.002" /><testcase classname="tests.test_template_offline" name="test_generate_template_script_structure" time="0.011" /><testcase classname="tests.test_template_offline" name="test_generate_template_script_encoding" time="0.001" /><testcase classname="tests.test_template_offline" name="test_register_admin_templates_offline_routes_importable" time="0.001" /><testcase classname="tests.test_template_offline" name="test_template_endpoint_download" time="4.018" /><testcase classname="tests.test_template_offline" name="test_template_endpoint_download_super_admin" time="0.316" /><testcase classname="tests.test_template_offline" name="test_template_endpoint_content_structure" time="0.309" /><testcase classname="tests.test_template_offline" name="test_template_endpoint_requires_admin" time="0.007" /><testcase classname="tests.test_template_offline" name="test_template_complete_cycle" time="0.731" /><testcase classname="tests.test_template_offline" name="test_template_utf8_bom_compatibility" time="0.001" /><testcase classname="tests.test_template_offline" name="test_template_contains_example_row" time="0.001" /><testcase classname="tests.test_transaction_logging.TestTransactionLogging" name="test_log_transaction_event_format" time="0.116" /><testcase classname="tests.test_transaction_logging.TestTransactionLogging" name="test_log_transaction_event_timestamp" time="0.114" /><testcase classname="tests.test_transaction_logging.TestTransactionLogging" name="test_log_transaction_event_best_effort" time="0.004" /><testcase classname="tests.test_transaction_logging.TestTransactionLogging" name="test_multiple_events" time="0.213" /><testcase classname="tests.test_transaction_logging_integration.TestSessionOpeningLogging" name="test_session_opened_is_logged" time="0.511" /><testcase classname="tests.test_transaction_logging_integration.TestPaymentValidationLogging" name="test_payment_validated_is_logged" time="1.083" /><testcase classname="tests.test_transaction_logging_integration.TestTransactionLogEndpoint" name="test_transaction_log_endpoint_requires_auth" time="0.011" /><testcase classname="tests.test_transaction_logging_integration.TestTransactionLogEndpoint" name="test_transaction_log_endpoint_logs_ticket_opened" time="0.700" /><testcase classname="tests.test_transaction_logging_integration.TestTransactionLogEndpoint" name="test_transaction_log_endpoint_logs_ticket_reset" time="0.709" /><testcase classname="tests.test_transaction_logging_integration.TestTransactionLogEndpoint" name="test_transaction_log_endpoint_logs_anomaly_detected" time="0.677" /><testcase classname="tests.test_transaction_logs_api.TestTransactionLogsAPI" name="test_get_transaction_logs_requires_admin" time="0.008" /><testcase classname="tests.test_transaction_logs_api.TestTransactionLogsAPI" name="test_get_transaction_logs_success" time="0.311" /><testcase classname="tests.test_transaction_logs_api.TestTransactionLogsAPI" name="test_get_transaction_logs_pagination" time="0.334" /><testcase classname="tests.test_transaction_logs_api.TestTransactionLogsAPI" name="test_get_transaction_logs_filter_by_event_type" time="0.319" /><testcase classname="tests.test_transaction_logs_api.TestTransactionLogsAPI" name="test_get_transaction_logs_filter_by_user_id" time="0.338" /><testcase classname="tests.test_transaction_logs_api.TestTransactionLogsAPI" name="test_get_transaction_logs_filter_by_session_id" time="0.388" /><testcase classname="tests.test_transaction_logs_api.TestTransactionLogsAPI" name="test_get_transaction_logs_filter_by_date_range" time="0.375" /><testcase classname="tests.test_transaction_logs_api.TestTransactionLogsAPI" name="test_get_transaction_logs_combined_filters" time="0.331" /><testcase classname="tests.test_transaction_logs_api.TestTransactionLogsAPI" name="test_get_transaction_logs_empty_result" time="10.194" /><testcase classname="tests.test_unified_live_stats.TestUnifiedLiveStatsService" name="test_get_unified_live_stats_daily_period" time="0.515" /><testcase classname="tests.test_unified_live_stats.TestUnifiedLiveStatsService" name="test_get_unified_live_stats_24h_period" time="0.639" /><testcase classname="tests.test_unified_live_stats.TestUnifiedLiveStatsService" name="test_calculate_cash_stats" time="0.780" /><testcase classname="tests.test_unified_live_stats.TestUnifiedLiveStatsEndpoint" name="test_get_unified_live_stats_endpoint_success" time="0.312" /><testcase classname="tests.test_unified_live_stats.TestUnifiedLiveStatsEndpoint" name="test_get_unified_live_stats_endpoint_with_period_type" time="0.362" /><testcase classname="tests.test_unified_live_stats.TestUnifiedLiveStatsEndpoint" name="test_get_unified_live_stats_endpoint_requires_admin" time="0.597" /><testcase classname="tests.test_unified_live_stats.TestUnifiedLiveStatsEndpoint" name="test_unified_stats_coherence_with_old_endpoints" time="1.251" /><testcase classname="tests.test_user_creation" name="test_create_user_success" time="0.569" /><testcase classname="tests.test_user_creation" name="test_create_user_username_already_exists" time="0.095" /><testcase classname="tests.test_user_creation" name="test_create_user_invalid_password_too_short" time="0.020" /><testcase classname="tests.test_user_creation" name="test_create_user_invalid_password_no_uppercase" time="0.058" /><testcase classname="tests.test_user_creation" name="test_create_user_invalid_password_no_lowercase" time="0.051" /><testcase classname="tests.test_user_creation" name="test_create_user_invalid_password_no_digit" time="0.019" /><testcase classname="tests.test_user_creation" name="test_create_user_invalid_password_no_special_char" time="0.043" /><testcase classname="tests.test_user_creation" name="test_create_user_invalid_username_too_short" time="0.037" /><testcase classname="tests.test_user_creation" name="test_create_user_invalid_username_format" time="0.026" /><testcase classname="tests.test_user_creation" name="test_create_user_missing_required_fields" time="0.038" /><testcase classname="tests.test_user_creation" name="test_create_user_optional_fields_omitted" time="0.593" /><testcase classname="tests.test_user_creation" name="test_create_user_with_all_fields" time="0.373"><failure message="sqlalchemy.exc.StatementError: (builtins.AttributeError) 'str' object has no attribute 'hex'&#10;[SQL: INSERT INTO users (id, username, email, hashed_password, hashed_pin, legacy_external_contact_id, first_name, last_name, phone_number, address, notes, skills, availability, role, status, is_active, site_id) VALUES (?, ?, ?, ?, ?, ?, ?, ?, ?, ?, ?, ?, ?, ?, ?, ?, ?) RETURNING created_at, updated_at]&#10;[parameters: [{'status': &lt;UserStatus.APPROVED: 'approved'&gt;, 'last_name': 'User', 'site_id': '550e8400-e29b-41d4-a716-446655440000', 'username': 'completeuser', 'is_ ... (171 characters truncated) ... rnal_contact_id': None, 'availability': None, 'email': None, 'phone_number': None, 'address': None, 'skills': None, 'hashed_pin': None, 'notes': None}]]">E   AttributeError: 'str' object has no attribute 'hex'

The above exception was the direct cause of the following exception:
E   sqlalchemy.exc.StatementError: (builtins.AttributeError) 'str' object has no attribute 'hex'
    [SQL: INSERT INTO users (id, username, email, hashed_password, hashed_pin, legacy_external_contact_id, first_name, last_name, phone_number, address, notes, skills, availability, role, status, is_active, site_id) VALUES (?, ?, ?, ?, ?, ?, ?, ?, ?, ?, ?, ?, ?, ?, ?, ?, ?) RETURNING created_at, updated_at]
    [parameters: [{'status': &lt;UserStatus.APPROVED: 'approved'&gt;, 'last_name': 'User', 'site_id': '550e8400-e29b-41d4-a716-446655440000', 'username': 'completeuser', 'is_ ... (171 characters truncated) ... rnal_contact_id': None, 'availability': None, 'email': None, 'phone_number': None, 'address': None, 'skills': None, 'hashed_pin': None, 'notes': None}]]</failure></testcase><testcase classname="tests.test_user_creation" name="test_create_user_unknown_json_field_not_persisted_to_legacy_contact" time="1.170" /><testcase classname="tests.test_user_groups.TestUserGroups" name="test_update_user_groups_success" time="1.005" /><testcase classname="tests.test_user_groups.TestUserGroups" name="test_update_user_groups_user_not_found" time="0.324" /><testcase classname="tests.test_user_groups.TestUserGroups" name="test_update_user_groups_invalid_group_id" time="0.636" /><testcase classname="tests.test_user_groups.TestUserGroups" name="test_update_user_groups_nonexistent_group" time="0.619" /><testcase classname="tests.test_user_groups.TestUserGroups" name="test_update_user_groups_empty_list" time="1.146" /><testcase classname="tests.test_user_groups.TestUserGroups" name="test_update_user_groups_unauthorized" time="0.317" /><testcase classname="tests.test_user_groups.TestUserGroups" name="test_update_user_groups_non_admin" time="0.981" /><testcase classname="tests.test_user_history_endpoint.TestUserHistoryEndpoint" name="test_get_user_history_success" time="0.689" /><testcase classname="tests.test_user_history_endpoint.TestUserHistoryEndpoint" name="test_get_user_history_with_filters" time="0.631" /><testcase classname="tests.test_user_history_endpoint.TestUserHistoryEndpoint" name="test_get_user_history_pagination" time="1.128" /><testcase classname="tests.test_user_history_endpoint.TestUserHistoryEndpoint" name="test_get_user_history_user_not_found" time="0.954" /><testcase classname="tests.test_user_history_endpoint.TestUserHistoryEndpoint" name="test_get_user_history_unauthorized" time="0.610" /><testcase classname="tests.test_user_history_endpoint.TestUserHistoryEndpoint" name="test_get_user_history_invalid_user_id" time="0.372" /><testcase classname="tests.test_user_history_endpoint.TestUserHistoryEndpoint" name="test_get_user_history_empty_history" time="0.608" /><testcase classname="tests.test_user_history_endpoint.TestUserHistoryEndpoint" name="test_get_user_history_event_metadata" time="0.590" /><testcase classname="tests.test_user_identity" name="test_username_for_audit_username_only_no_legacy_fallback[alice-123-alice]" time="0.001" /><testcase classname="tests.test_user_identity" name="test_username_for_audit_username_only_no_legacy_fallback[-ext42-None]" time="0.001" /><testcase classname="tests.test_user_identity" name="test_username_for_audit_username_only_no_legacy_fallback[None-999-None]" time="0.001" /><testcase classname="tests.test_user_identity" name="test_username_for_audit_username_only_no_legacy_fallback[None-None-None]" time="0.001" /><testcase classname="tests.test_user_identity" name="test_username_for_audit_username_only_no_legacy_fallback[  bob  -x-bob]" time="0.001" /><testcase classname="tests.test_user_permissions.TestUserPermissions" name="test_get_my_permissions_super_admin" time="0.596" /><testcase classname="tests.test_user_permissions.TestUserPermissions" name="test_get_my_permissions_regular_user" time="0.600" /><testcase classname="tests.test_user_permissions.TestUserPermissions" name="test_get_my_permissions_user_with_groups" time="0.606" /><testcase classname="tests.test_user_permissions.TestUserPermissions" name="test_get_my_permissions_unauthorized" time="0.009" /><testcase classname="tests.test_user_profile_endpoints.TestUserProfileEndpoints" name="test_get_user_with_profile_fields" time="0.013" /><testcase classname="tests.test_user_profile_endpoints.TestUserProfileEndpoints" name="test_put_user_with_profile_fields" time="0.015" /><testcase classname="tests.test_user_profile_endpoints.TestUserProfileEndpoints" name="test_put_user_partial_update" time="0.013" /><testcase classname="tests.test_user_profile_endpoints.TestUserProfileEndpoints" name="test_put_user_clear_profile_fields" time="0.013" /><testcase classname="tests.test_user_profile_endpoints.TestUserProfileEndpoints" name="test_user_profile_fields_validation" time="0.021" /><testcase classname="tests.test_user_profile_persistence" name="test_user_profile_persistence_two_separate_requests" time="0.049" /><testcase classname="tests.test_user_profile_persistence" name="test_user_profile_persistence_with_uuid_without_hyphens" time="0.013" /><testcase classname="tests.test_user_profile_persistence" name="test_user_profile_persistence_with_valid_uuid_still_works" time="0.013" /><testcase classname="tests.test_user_self_endpoints.TestUserSelfEndpoints" name="test_get_me_json_matches_user_response_when_legacy_contact_set_in_db" time="0.558" /><testcase classname="tests.test_user_self_endpoints.TestUserSelfEndpoints" name="test_update_me" time="0.303" /><testcase classname="tests.test_user_self_endpoints.TestUserSelfEndpoints" name="test_change_password" time="0.598" /><testcase classname="tests.test_user_statuses.TestUserStatuses" name="test_get_user_statuses_requires_auth" time="0.594" /><testcase classname="tests.test_user_statuses.TestUserStatuses" name="test_get_user_statuses_with_valid_auth" time="0.923" /><testcase classname="tests.test_user_statuses.TestUserStatuses" name="test_user_statuses_structure" time="2.627" /><testcase classname="tests.test_user_statuses.TestUserStatuses" name="test_online_offline_counts" time="1.131" /><testcase classname="tests.test_user_statuses.TestUserStatuses" name="test_redis_activity_priority" time="1.035" /><testcase classname="tests.test_user_statuses.TestUserStatuses" name="test_user_offline_after_logout" time="1.384" /><testcase classname="tests.test_user_statuses.TestUserStatuses" name="test_user_statuses_many_requests_under_pytest" time="1.300" /><testcase classname="tests.test_user_statuses_endpoint.TestUserStatusesEndpoint" name="test_get_user_statuses_requires_admin_auth" time="0.008" /><testcase classname="tests.test_user_statuses_endpoint.TestUserStatusesEndpoint" name="test_get_user_statuses_requires_admin_role" time="0.367" /><testcase classname="tests.test_user_statuses_endpoint.TestUserStatusesEndpoint" name="test_get_user_statuses_success_with_admin" time="1.212" /><testcase classname="tests.test_user_statuses_endpoint.TestUserStatusesEndpoint" name="test_get_user_statuses_with_no_logins" time="0.617" /><testcase classname="tests.test_user_statuses_endpoint.TestUserStatusesEndpoint" name="test_get_user_statuses_with_failed_logins" time="13.006" /><testcase classname="tests.test_user_statuses_endpoint.TestUserStatusesEndpoint" name="test_get_user_statuses_threshold_boundary" time="1.011" /><testcase classname="tests.test_user_statuses_endpoint.TestUserStatusesEndpoint" name="test_get_user_statuses_performance" time="3.526" /><testcase classname="tests.test_uuid_validation.TestUUIDValidation" name="test_validate_and_convert_uuid_valid_with_hyphens" time="0.001" /><testcase classname="tests.test_uuid_validation.TestUUIDValidation" name="test_validate_and_convert_uuid_valid_without_hyphens" time="0.001" /><testcase classname="tests.test_uuid_validation.TestUUIDValidation" name="test_validate_and_convert_uuid_invalid_format" time="0.002" /><testcase classname="tests.test_uuid_validation.TestUUIDValidation" name="test_validate_and_convert_uuid_empty_string" time="0.001" /><testcase classname="tests.test_uuid_validation.TestUUIDValidation" name="test_is_valid_uuid_valid_cases" time="0.001" /><testcase classname="tests.test_uuid_validation.TestUUIDValidation" name="test_is_valid_uuid_invalid_cases" time="0.001" /><testcase classname="tests.test_uuid_validation.TestUUIDValidation" name="test_roundtrip_conversion" time="0.001" /><testcase classname="tests.test_web_session_v2_cookies.TestWebSessionV2Cookies" name="test_login_sets_cookies_when_use_web_session_cookies_true" time="1.253" /><testcase classname="tests.test_web_session_v2_cookies.TestWebSessionV2Cookies" name="test_protected_route_accepts_access_cookie_without_bearer" time="0.726" /><testcase classname="tests.test_web_session_v2_cookies.TestWebSessionV2Cookies" name="test_refresh_with_cookie_only_rotates_and_sets_cookies" time="0.792" /><testcase classname="tests.test_web_session_v2_cookies.TestWebSessionV2Cookies" name="test_login_without_web_session_flag_does_not_set_session_cookies" time="0.677" /><testcase classname="tests.test_web_session_v2_cookies.TestWebSessionV2Cookies" name="test_bearer_header_takes_priority_over_invalid_access_cookie" time="0.675" /><testcase classname="tests.test_web_session_v2_cookies.TestWebSessionV2Cookies" name="test_sales_detail_accepts_access_cookie_without_bearer" time="0.749" /><testcase classname="tests.test_web_session_v2_cookies.TestWebSessionV2Cookies" name="test_logout_clears_session_and_subsequent_me_is_unauthorized" time="0.709" /><testcase classname="tests.test_web_session_v2_cookies.TestWebSessionV2Cookies" name="test_admin_strict_route_forbids_without_credentials" time="0.008" /><testcase classname="tests.test_web_session_v2_cookies.TestWebSessionV2Cookies" name="test_refresh_without_body_or_cookie_returns_422" time="0.009" /><testcase classname="tests.test_web_session_v2_cookies.TestWebSessionV2Cookies" name="test_pin_auth_does_not_set_web_session_cookies" time="0.886" /></testsuite></testsuites>