<?xml version="1.0" encoding="utf-8"?><testsuites name="pytest tests"><testsuite name="pytest" errors="10" failures="3" skipped="0" tests="11" time="857.859" timestamp="2026-04-10T05:58:17.809531+02:00" hostname="STROPHE-AI"><testcase classname="tests.api.test_admin_endpoints" name="test_get_users_success" time="33.045"><error message="failed on setup with &quot;sqlalchemy.exc.OperationalError: (sqlite3.OperationalError) database is locked&#10;[SQL: INSERT INTO users (id, username, email, hashed_password, hashed_pin, legacy_external_contact_id, first_name, last_name, phone_number, address, notes, skills, availability, role, status, is_active, site_id) VALUES (?, ?, ?, ?, ?, ?, ?, ?, ?, ?, ?, ?, ?, ?, ?, ?, ?) RETURNING created_at, updated_at]&#10;[parameters: ('be73ec17695440de97fd2e3eb6fddd3a', 'admin_test_c90d58db69fc', 'admin_c90d58db69fc@test.com', 'hashed_password', None, None, None, None, None, None, None, None, None, 'admin', 'approved', 1, None)]&#10;(Background on this error at: https://sqlalche.me/e/20/e3q8)&quot;">E   sqlite3.OperationalError: database is locked

The above exception was the direct cause of the following exception:
E   sqlalchemy.exc.OperationalError: (sqlite3.OperationalError) database is locked
    [SQL: INSERT INTO users (id, username, email, hashed_password, hashed_pin, legacy_external_contact_id, first_name, last_name, phone_number, address, notes, skills, availability, role, status, is_active, site_id) VALUES (?, ?, ?, ?, ?, ?, ?, ?, ?, ?, ?, ?, ?, ?, ?, ?, ?) RETURNING created_at, updated_at]
    [parameters: ('be73ec17695440de97fd2e3eb6fddd3a', 'admin_test_c90d58db69fc', 'admin_c90d58db69fc@test.com', 'hashed_password', None, None, None, None, None, None, None, None, None, 'admin', 'approved', 1, None)]
    (Background on this error at: https://sqlalche.me/e/20/e3q8)</error></testcase><testcase classname="tests.api.test_admin_endpoints" name="test_get_users_with_filters" time="32.866"><error message="failed on setup with &quot;sqlalchemy.exc.OperationalError: (sqlite3.OperationalError) database is locked&#10;[SQL: INSERT INTO users (id, username, email, hashed_password, hashed_pin, legacy_external_contact_id, first_name, last_name, phone_number, address, notes, skills, availability, role, status, is_active, site_id) VALUES (?, ?, ?, ?, ?, ?, ?, ?, ?, ?, ?, ?, ?, ?, ?, ?, ?) RETURNING created_at, updated_at]&#10;[parameters: ('c8bc52ea219e4d0bb6e34fd5766ca799', 'admin_test_e17c045d7762', 'admin_e17c045d7762@test.com', 'hashed_password', None, None, None, None, None, None, None, None, None, 'admin', 'approved', 1, None)]&#10;(Background on this error at: https://sqlalche.me/e/20/e3q8)&quot;">E   sqlite3.OperationalError: database is locked

The above exception was the direct cause of the following exception:
E   sqlalchemy.exc.OperationalError: (sqlite3.OperationalError) database is locked
    [SQL: INSERT INTO users (id, username, email, hashed_password, hashed_pin, legacy_external_contact_id, first_name, last_name, phone_number, address, notes, skills, availability, role, status, is_active, site_id) VALUES (?, ?, ?, ?, ?, ?, ?, ?, ?, ?, ?, ?, ?, ?, ?, ?, ?) RETURNING created_at, updated_at]
    [parameters: ('c8bc52ea219e4d0bb6e34fd5766ca799', 'admin_test_e17c045d7762', 'admin_e17c045d7762@test.com', 'hashed_password', None, None, None, None, None, None, None, None, None, 'admin', 'approved', 1, None)]
    (Background on this error at: https://sqlalche.me/e/20/e3q8)</error></testcase><testcase classname="tests.api.test_admin_endpoints" name="test_update_user_role_user_not_found" time="32.847"><error message="failed on setup with &quot;sqlalchemy.exc.OperationalError: (sqlite3.OperationalError) database is locked&#10;[SQL: INSERT INTO users (id, username, email, hashed_password, hashed_pin, legacy_external_contact_id, first_name, last_name, phone_number, address, notes, skills, availability, role, status, is_active, site_id) VALUES (?, ?, ?, ?, ?, ?, ?, ?, ?, ?, ?, ?, ?, ?, ?, ?, ?) RETURNING created_at, updated_at]&#10;[parameters: ('96dbb55893f04b2182392e0054a3891e', 'admin_test_ab7c901cd0ad', 'admin_ab7c901cd0ad@test.com', 'hashed_password', None, None, None, None, None, None, None, None, None, 'admin', 'approved', 1, None)]&#10;(Background on this error at: https://sqlalche.me/e/20/e3q8)&quot;">E   sqlite3.OperationalError: database is locked

The above exception was the direct cause of the following exception:
E   sqlalchemy.exc.OperationalError: (sqlite3.OperationalError) database is locked
    [SQL: INSERT INTO users (id, username, email, hashed_password, hashed_pin, legacy_external_contact_id, first_name, last_name, phone_number, address, notes, skills, availability, role, status, is_active, site_id) VALUES (?, ?, ?, ?, ?, ?, ?, ?, ?, ?, ?, ?, ?, ?, ?, ?, ?) RETURNING created_at, updated_at]
    [parameters: ('96dbb55893f04b2182392e0054a3891e', 'admin_test_ab7c901cd0ad', 'admin_ab7c901cd0ad@test.com', 'hashed_password', None, None, None, None, None, None, None, None, None, 'admin', 'approved', 1, None)]
    (Background on this error at: https://sqlalche.me/e/20/e3q8)</error></testcase><testcase classname="tests.api.test_admin_endpoints" name="test_update_user_role_invalid_role" time="32.873"><error message="failed on setup with &quot;sqlalchemy.exc.OperationalError: (sqlite3.OperationalError) database is locked&#10;[SQL: INSERT INTO users (id, username, email, hashed_password, hashed_pin, legacy_external_contact_id, first_name, last_name, phone_number, address, notes, skills, availability, role, status, is_active, site_id) VALUES (?, ?, ?, ?, ?, ?, ?, ?, ?, ?, ?, ?, ?, ?, ?, ?, ?) RETURNING created_at, updated_at]&#10;[parameters: ('d773810a885c4b3a8d0c843008741332', 'admin_test_a9fe55090c0e', 'admin_a9fe55090c0e@test.com', 'hashed_password', None, None, None, None, None, None, None, None, None, 'admin', 'approved', 1, None)]&#10;(Background on this error at: https://sqlalche.me/e/20/e3q8)&quot;">E   sqlite3.OperationalError: database is locked

The above exception was the direct cause of the following exception:
E   sqlalchemy.exc.OperationalError: (sqlite3.OperationalError) database is locked
    [SQL: INSERT INTO users (id, username, email, hashed_password, hashed_pin, legacy_external_contact_id, first_name, last_name, phone_number, address, notes, skills, availability, role, status, is_active, site_id) VALUES (?, ?, ?, ?, ?, ?, ?, ?, ?, ?, ?, ?, ?, ?, ?, ?, ?) RETURNING created_at, updated_at]
    [parameters: ('d773810a885c4b3a8d0c843008741332', 'admin_test_a9fe55090c0e', 'admin_a9fe55090c0e@test.com', 'hashed_password', None, None, None, None, None, None, None, None, None, 'admin', 'approved', 1, None)]
    (Background on this error at: https://sqlalche.me/e/20/e3q8)</error></testcase><testcase classname="tests.api.test_admin_endpoints" name="test_update_user_role_valid_role" time="32.824"><error message="failed on setup with &quot;sqlalchemy.exc.OperationalError: (sqlite3.OperationalError) database is locked&#10;[SQL: INSERT INTO users (id, username, email, hashed_password, hashed_pin, legacy_external_contact_id, first_name, last_name, phone_number, address, notes, skills, availability, role, status, is_active, site_id) VALUES (?, ?, ?, ?, ?, ?, ?, ?, ?, ?, ?, ?, ?, ?, ?, ?, ?) RETURNING created_at, updated_at]&#10;[parameters: ('ddd54809e9e34b79abea5afdbf4c2319', 'admin_test_57e1677eaff4', 'admin_57e1677eaff4@test.com', 'hashed_password', None, None, None, None, None, None, None, None, None, 'admin', 'approved', 1, None)]&#10;(Background on this error at: https://sqlalche.me/e/20/e3q8)&quot;">E   sqlite3.OperationalError: database is locked

The above exception was the direct cause of the following exception:
E   sqlalchemy.exc.OperationalError: (sqlite3.OperationalError) database is locked
    [SQL: INSERT INTO users (id, username, email, hashed_password, hashed_pin, legacy_external_contact_id, first_name, last_name, phone_number, address, notes, skills, availability, role, status, is_active, site_id) VALUES (?, ?, ?, ?, ?, ?, ?, ?, ?, ?, ?, ?, ?, ?, ?, ?, ?) RETURNING created_at, updated_at]
    [parameters: ('ddd54809e9e34b79abea5afdbf4c2319', 'admin_test_57e1677eaff4', 'admin_57e1677eaff4@test.com', 'hashed_password', None, None, None, None, None, None, None, None, None, 'admin', 'approved', 1, None)]
    (Background on this error at: https://sqlalche.me/e/20/e3q8)</error></testcase><testcase classname="tests.api.test_admin_endpoints" name="test_admin_endpoints_structure" time="32.897"><error message="failed on setup with &quot;sqlalchemy.exc.OperationalError: (sqlite3.OperationalError) database is locked&#10;[SQL: INSERT INTO users (id, username, email, hashed_password, hashed_pin, legacy_external_contact_id, first_name, last_name, phone_number, address, notes, skills, availability, role, status, is_active, site_id) VALUES (?, ?, ?, ?, ?, ?, ?, ?, ?, ?, ?, ?, ?, ?, ?, ?, ?) RETURNING created_at, updated_at]&#10;[parameters: ('d264bce3eca145b5bafd345a1c2b6d77', 'admin_test_4e7df0858e9e', 'admin_4e7df0858e9e@test.com', 'hashed_password', None, None, None, None, None, None, None, None, None, 'admin', 'approved', 1, None)]&#10;(Background on this error at: https://sqlalche.me/e/20/e3q8)&quot;">E   sqlite3.OperationalError: database is locked

The above exception was the direct cause of the following exception:
E   sqlalchemy.exc.OperationalError: (sqlite3.OperationalError) database is locked
    [SQL: INSERT INTO users (id, username, email, hashed_password, hashed_pin, legacy_external_contact_id, first_name, last_name, phone_number, address, notes, skills, availability, role, status, is_active, site_id) VALUES (?, ?, ?, ?, ?, ?, ?, ?, ?, ?, ?, ?, ?, ?, ?, ?, ?) RETURNING created_at, updated_at]
    [parameters: ('d264bce3eca145b5bafd345a1c2b6d77', 'admin_test_4e7df0858e9e', 'admin_4e7df0858e9e@test.com', 'hashed_password', None, None, None, None, None, None, None, None, None, 'admin', 'approved', 1, None)]
    (Background on this error at: https://sqlalche.me/e/20/e3q8)</error></testcase><testcase classname="tests.api.test_admin_endpoints" name="test_update_user_profile_success" time="32.828"><error message="failed on setup with &quot;sqlalchemy.exc.OperationalError: (sqlite3.OperationalError) database is locked&#10;[SQL: INSERT INTO users (id, username, email, hashed_password, hashed_pin, legacy_external_contact_id, first_name, last_name, phone_number, address, notes, skills, availability, role, status, is_active, site_id) VALUES (?, ?, ?, ?, ?, ?, ?, ?, ?, ?, ?, ?, ?, ?, ?, ?, ?) RETURNING created_at, updated_at]&#10;[parameters: ('1fc88fbc9bef4405bfd036b61b6ee83a', 'admin_test_9bb1c9a62bf7', 'admin_9bb1c9a62bf7@test.com', 'hashed_password', None, None, None, None, None, None, None, None, None, 'admin', 'approved', 1, None)]&#10;(Background on this error at: https://sqlalche.me/e/20/e3q8)&quot;">E   sqlite3.OperationalError: database is locked

The above exception was the direct cause of the following exception:
E   sqlalchemy.exc.OperationalError: (sqlite3.OperationalError) database is locked
    [SQL: INSERT INTO users (id, username, email, hashed_password, hashed_pin, legacy_external_contact_id, first_name, last_name, phone_number, address, notes, skills, availability, role, status, is_active, site_id) VALUES (?, ?, ?, ?, ?, ?, ?, ?, ?, ?, ?, ?, ?, ?, ?, ?, ?) RETURNING created_at, updated_at]
    [parameters: ('1fc88fbc9bef4405bfd036b61b6ee83a', 'admin_test_9bb1c9a62bf7', 'admin_9bb1c9a62bf7@test.com', 'hashed_password', None, None, None, None, None, None, None, None, None, 'admin', 'approved', 1, None)]
    (Background on this error at: https://sqlalche.me/e/20/e3q8)</error></testcase><testcase classname="tests.api.test_admin_endpoints" name="test_trigger_reset_password_no_email" time="32.896"><error message="failed on setup with &quot;sqlalchemy.exc.OperationalError: (sqlite3.OperationalError) database is locked&#10;[SQL: INSERT INTO users (id, username, email, hashed_password, hashed_pin, legacy_external_contact_id, first_name, last_name, phone_number, address, notes, skills, availability, role, status, is_active, site_id) VALUES (?, ?, ?, ?, ?, ?, ?, ?, ?, ?, ?, ?, ?, ?, ?, ?, ?) RETURNING created_at, updated_at]&#10;[parameters: ('a16dd8c33c684bf8b0503bf413cc9275', 'admin_test_1faeecfc0740', 'admin_1faeecfc0740@test.com', 'hashed_password', None, None, None, None, None, None, None, None, None, 'admin', 'approved', 1, None)]&#10;(Background on this error at: https://sqlalche.me/e/20/e3q8)&quot;">E   sqlite3.OperationalError: database is locked

The above exception was the direct cause of the following exception:
E   sqlalchemy.exc.OperationalError: (sqlite3.OperationalError) database is locked
    [SQL: INSERT INTO users (id, username, email, hashed_password, hashed_pin, legacy_external_contact_id, first_name, last_name, phone_number, address, notes, skills, availability, role, status, is_active, site_id) VALUES (?, ?, ?, ?, ?, ?, ?, ?, ?, ?, ?, ?, ?, ?, ?, ?, ?) RETURNING created_at, updated_at]
    [parameters: ('a16dd8c33c684bf8b0503bf413cc9275', 'admin_test_1faeecfc0740', 'admin_1faeecfc0740@test.com', 'hashed_password', None, None, None, None, None, None, None, None, None, 'admin', 'approved', 1, None)]
    (Background on this error at: https://sqlalche.me/e/20/e3q8)</error></testcase><testcase classname="tests.api.test_admin_user_management" name="test_update_user_status_success" time="33.193"><failure message="sqlalchemy.exc.OperationalError: (sqlite3.OperationalError) database is locked&#10;[SQL: INSERT INTO users (id, username, email, hashed_password, hashed_pin, legacy_external_contact_id, first_name, last_name, phone_number, address, notes, skills, availability, role, status, is_active, site_id) VALUES (?, ?, ?, ?, ?, ?, ?, ?, ?, ?, ?, ?, ?, ?, ?, ?, ?) RETURNING created_at, updated_at]&#10;[parameters: ('778cefdaf6c3445a8c4c38ff916d9dc2', 'mgmt_st_ok_u_34d4709a37', None, '$2b$12$8ySSeNssxY5KHSm0DhK/QOp186mK0NU.XDxFocRC5NymWVk3e3eHG', None, None, 'Test', 'User', None, None, None, None, None, 'user', 'approved', 1, None)]&#10;(Background on this error at: https://sqlalche.me/e/20/e3q8)">E   sqlite3.OperationalError: database is locked

The above exception was the direct cause of the following exception:
E   sqlalchemy.exc.OperationalError: (sqlite3.OperationalError) database is locked
    [SQL: INSERT INTO users (id, username, email, hashed_password, hashed_pin, legacy_external_contact_id, first_name, last_name, phone_number, address, notes, skills, availability, role, status, is_active, site_id) VALUES (?, ?, ?, ?, ?, ?, ?, ?, ?, ?, ?, ?, ?, ?, ?, ?, ?) RETURNING created_at, updated_at]
    [parameters: ('778cefdaf6c3445a8c4c38ff916d9dc2', 'mgmt_st_ok_u_34d4709a37', None, '$2b$12$8ySSeNssxY5KHSm0DhK/QOp186mK0NU.XDxFocRC5NymWVk3e3eHG', None, None, 'Test', 'User', None, None, None, None, None, 'user', 'approved', 1, None)]
    (Background on this error at: https://sqlalche.me/e/20/e3q8)</failure></testcase><testcase classname="tests.api.test_admin_user_management" name="test_update_user_status_success" time="164.355"><error message="failed on teardown with &quot;RuntimeError: Pilote Lot C (cleanup): 5 DELETE en échec — user_sessions: (sqlite3.OperationalError) database is locked&#10;[SQL: DELETE FROM user_sessions]&#10;(Background on this error at: https://sqlalche.me/e/20/e3q8); login_history: (sqlite3.OperationalError) database is locked&#10;[SQL: DELETE FROM login_history]&#10;(Background on this error at: https://sqlalche.me/e/20/e3q8); user_status_history: (sqlite3.OperationalError) database is locked&#10;[SQL: DELETE FROM user_status_history]&#10;(Background on this error at: https://sqlalche.me/e/20/e3q8); settings: (sqlite3.OperationalError) database is locked&#10;[SQL: DELETE FROM settings]&#10;(Background on this error at: https://sqlalche.me/e/20/e3q8); users: (sqlite3.OperationalError) database is locked&#10;[SQL: DELETE FROM users]&#10;(Background on this error at: https://sqlalche.me/e/20/e3q8)&quot;">E   sqlite3.OperationalError: database is locked

The above exception was the direct cause of the following exception:
E   sqlalchemy.exc.OperationalError: (sqlite3.OperationalError) database is locked
    [SQL: DELETE FROM user_sessions]
    (Background on this error at: https://sqlalche.me/e/20/e3q8)

The above exception was the direct cause of the following exception:
E   RuntimeError: Pilote Lot C (cleanup): 5 DELETE en échec — user_sessions: (sqlite3.OperationalError) database is locked
    [SQL: DELETE FROM user_sessions]
    (Background on this error at: https://sqlalche.me/e/20/e3q8); login_history: (sqlite3.OperationalError) database is locked
    [SQL: DELETE FROM login_history]
    (Background on this error at: https://sqlalche.me/e/20/e3q8); user_status_history: (sqlite3.OperationalError) database is locked
    [SQL: DELETE FROM user_status_history]
    (Background on this error at: https://sqlalche.me/e/20/e3q8); settings: (sqlite3.OperationalError) database is locked
    [SQL: DELETE FROM settings]
    (Background on this error at: https://sqlalche.me/e/20/e3q8); users: (sqlite3.OperationalError) database is locked
    [SQL: DELETE FROM users]
    (Background on this error at: https://sqlalche.me/e/20/e3q8)</error></testcase><testcase classname="tests.api.test_admin_user_management" name="test_update_user_status_user_not_found" time="33.143"><failure message="sqlalchemy.exc.OperationalError: (sqlite3.OperationalError) database is locked&#10;[SQL: INSERT INTO users (id, username, email, hashed_password, hashed_pin, legacy_external_contact_id, first_name, last_name, phone_number, address, notes, skills, availability, role, status, is_active, site_id) VALUES (?, ?, ?, ?, ?, ?, ?, ?, ?, ?, ?, ?, ?, ?, ?, ?, ?) RETURNING created_at, updated_at]&#10;[parameters: ('d938d5cee3c3463a8b9a109e0426d16a', 'mgmt_st_nf_a_573367dc2e', None, '$2b$12$ruV2cl0G8ndzYPReFVH88.aPPGXWxVKvZP.ugvhVCano30apYCQdy', None, None, 'Admin', 'User', None, None, None, None, None, 'admin', 'approved', 1, None)]&#10;(Background on this error at: https://sqlalche.me/e/20/e3q8)">E   sqlite3.OperationalError: database is locked

The above exception was the direct cause of the following exception:
E   sqlalchemy.exc.OperationalError: (sqlite3.OperationalError) database is locked
    [SQL: INSERT INTO users (id, username, email, hashed_password, hashed_pin, legacy_external_contact_id, first_name, last_name, phone_number, address, notes, skills, availability, role, status, is_active, site_id) VALUES (?, ?, ?, ?, ?, ?, ?, ?, ?, ?, ?, ?, ?, ?, ?, ?, ?) RETURNING created_at, updated_at]
    [parameters: ('d938d5cee3c3463a8b9a109e0426d16a', 'mgmt_st_nf_a_573367dc2e', None, '$2b$12$ruV2cl0G8ndzYPReFVH88.aPPGXWxVKvZP.ugvhVCano30apYCQdy', None, None, 'Admin', 'User', None, None, None, None, None, 'admin', 'approved', 1, None)]
    (Background on this error at: https://sqlalche.me/e/20/e3q8)</failure></testcase><testcase classname="tests.api.test_admin_user_management" name="test_update_user_status_user_not_found" time="164.238"><error message="failed on teardown with &quot;RuntimeError: Pilote Lot C (cleanup): 5 DELETE en échec — user_sessions: (sqlite3.OperationalError) database is locked&#10;[SQL: DELETE FROM user_sessions]&#10;(Background on this error at: https://sqlalche.me/e/20/e3q8); login_history: (sqlite3.OperationalError) database is locked&#10;[SQL: DELETE FROM login_history]&#10;(Background on this error at: https://sqlalche.me/e/20/e3q8); user_status_history: (sqlite3.OperationalError) database is locked&#10;[SQL: DELETE FROM user_status_history]&#10;(Background on this error at: https://sqlalche.me/e/20/e3q8); settings: (sqlite3.OperationalError) database is locked&#10;[SQL: DELETE FROM settings]&#10;(Background on this error at: https://sqlalche.me/e/20/e3q8); users: (sqlite3.OperationalError) database is locked&#10;[SQL: DELETE FROM users]&#10;(Background on this error at: https://sqlalche.me/e/20/e3q8)&quot;">E   sqlite3.OperationalError: database is locked

The above exception was the direct cause of the following exception:
E   sqlalchemy.exc.OperationalError: (sqlite3.OperationalError) database is locked
    [SQL: DELETE FROM user_sessions]
    (Background on this error at: https://sqlalche.me/e/20/e3q8)

The above exception was the direct cause of the following exception:
E   RuntimeError: Pilote Lot C (cleanup): 5 DELETE en échec — user_sessions: (sqlite3.OperationalError) database is locked
    [SQL: DELETE FROM user_sessions]
    (Background on this error at: https://sqlalche.me/e/20/e3q8); login_history: (sqlite3.OperationalError) database is locked
    [SQL: DELETE FROM login_history]
    (Background on this error at: https://sqlalche.me/e/20/e3q8); user_status_history: (sqlite3.OperationalError) database is locked
    [SQL: DELETE FROM user_status_history]
    (Background on this error at: https://sqlalche.me/e/20/e3q8); settings: (sqlite3.OperationalError) database is locked
    [SQL: DELETE FROM settings]
    (Background on this error at: https://sqlalche.me/e/20/e3q8); users: (sqlite3.OperationalError) database is locked
    [SQL: DELETE FROM users]
    (Background on this error at: https://sqlalche.me/e/20/e3q8)</error></testcase><testcase classname="tests.api.test_admin_user_management" name="test_update_user_status_admin_cannot_deactivate_self" time="33.170"><failure message="sqlalchemy.exc.OperationalError: (sqlite3.OperationalError) database is locked&#10;[SQL: INSERT INTO users (id, username, email, hashed_password, hashed_pin, legacy_external_contact_id, first_name, last_name, phone_number, address, notes, skills, availability, role, status, is_active, site_id) VALUES (?, ?, ?, ?, ?, ?, ?, ?, ?, ?, ?, ?, ?, ?, ?, ?, ?) RETURNING created_at, updated_at]&#10;[parameters: ('f61a9f594c9442ea9a0f06b61d9fa070', 'mgmt_st_self_a_9381ade4d4', None, '$2b$12$zNEJS1XeDDZAEO7uQwNHM.8xmGBB./ck4r5UzkxbMy07M/EjkAD4K', None, None, 'Admin', 'User', None, None, None, None, None, 'admin', 'approved', 1, None)]&#10;(Background on this error at: https://sqlalche.me/e/20/e3q8)">E   sqlite3.OperationalError: database is locked

The above exception was the direct cause of the following exception:
E   sqlalchemy.exc.OperationalError: (sqlite3.OperationalError) database is locked
    [SQL: INSERT INTO users (id, username, email, hashed_password, hashed_pin, legacy_external_contact_id, first_name, last_name, phone_number, address, notes, skills, availability, role, status, is_active, site_id) VALUES (?, ?, ?, ?, ?, ?, ?, ?, ?, ?, ?, ?, ?, ?, ?, ?, ?) RETURNING created_at, updated_at]
    [parameters: ('f61a9f594c9442ea9a0f06b61d9fa070', 'mgmt_st_self_a_9381ade4d4', None, '$2b$12$zNEJS1XeDDZAEO7uQwNHM.8xmGBB./ck4r5UzkxbMy07M/EjkAD4K', None, None, 'Admin', 'User', None, None, None, None, None, 'admin', 'approved', 1, None)]
    (Background on this error at: https://sqlalche.me/e/20/e3q8)</failure></testcase></testsuite></testsuites>